{"/home/runner/work/mobile/mobile/components/actions/ActionBar.tsx": {"path":"/home/runner/work/mobile/mobile/components/actions/ActionBar.tsx","statementMap":{"0":{"start":{"line":21,"column":2},"end":{"line":21,"column":40}},"1":{"start":{"line":21,"column":28},"end":{"line":21,"column":40}},"2":{"start":{"line":23,"column":2},"end":{"line":57,"column":4}},"3":{"start":{"line":31,"column":24},"end":{"line":31,"column":48}},"4":{"start":{"line":32,"column":8},"end":{"line":54,"column":10}},"5":{"start":{"line":41,"column":27},"end":{"line":41,"column":43}},"6":{"start":{"line":67,"column":2},"end":{"line":69,"column":3}},"7":{"start":{"line":68,"column":4},"end":{"line":68,"column":25}},"8":{"start":{"line":70,"column":2},"end":{"line":76,"column":3}},"9":{"start":{"line":75,"column":4},"end":{"line":75,"column":21}},"10":{"start":{"line":77,"column":2},"end":{"line":77,"column":19}}},"fnMap":{"0":{"name":"ActionBar","decl":{"start":{"line":20,"column":16},"end":{"line":20,"column":25}},"loc":{"start":{"line":20,"column":76},"end":{"line":58,"column":1}},"line":20},"1":{"name":"(anonymous_1)","decl":{"start":{"line":30,"column":19},"end":{"line":30,"column":20}},"loc":{"start":{"line":30,"column":31},"end":{"line":55,"column":7}},"line":30},"2":{"name":"(anonymous_2)","decl":{"start":{"line":41,"column":21},"end":{"line":41,"column":22}},"loc":{"start":{"line":41,"column":27},"end":{"line":41,"column":43}},"line":41},"3":{"name":"getButtonVariant","decl":{"start":{"line":64,"column":9},"end":{"line":64,"column":25}},"loc":{"start":{"line":66,"column":41},"end":{"line":78,"column":1}},"line":66}},"branchMap":{"0":{"loc":{"start":{"line":21,"column":2},"end":{"line":21,"column":40}},"type":"if","locations":[{"start":{"line":21,"column":2},"end":{"line":21,"column":40}},{"start":{},"end":{}}],"line":21},"1":{"loc":{"start":{"line":37,"column":14},"end":{"line":37,"column":51}},"type":"binary-expr","locations":[{"start":{"line":37,"column":14},"end":{"line":37,"column":35}},{"start":{"line":37,"column":39},"end":{"line":37,"column":51}}],"line":37},"2":{"loc":{"start":{"line":38,"column":14},"end":{"line":38,"column":59}},"type":"binary-expr","locations":[{"start":{"line":38,"column":14},"end":{"line":38,"column":39}},{"start":{"line":38,"column":43},"end":{"line":38,"column":59}}],"line":38},"3":{"loc":{"start":{"line":39,"column":14},"end":{"line":39,"column":61}},"type":"binary-expr","locations":[{"start":{"line":39,"column":14},"end":{"line":39,"column":35}},{"start":{"line":39,"column":39},"end":{"line":39,"column":61}}],"line":39},"4":{"loc":{"start":{"line":46,"column":16},"end":{"line":46,"column":66}},"type":"binary-expr","locations":[{"start":{"line":46,"column":16},"end":{"line":46,"column":37}},{"start":{"line":46,"column":41},"end":{"line":46,"column":66}}],"line":46},"5":{"loc":{"start":{"line":47,"column":16},"end":{"line":47,"column":74}},"type":"binary-expr","locations":[{"start":{"line":47,"column":16},"end":{"line":47,"column":41}},{"start":{"line":47,"column":45},"end":{"line":47,"column":74}}],"line":47},"6":{"loc":{"start":{"line":48,"column":16},"end":{"line":48,"column":58}},"type":"binary-expr","locations":[{"start":{"line":48,"column":16},"end":{"line":48,"column":37}},{"start":{"line":48,"column":41},"end":{"line":48,"column":58}}],"line":48},"7":{"loc":{"start":{"line":67,"column":2},"end":{"line":69,"column":3}},"type":"if","locations":[{"start":{"line":67,"column":2},"end":{"line":69,"column":3}},{"start":{},"end":{}}],"line":67},"8":{"loc":{"start":{"line":67,"column":6},"end":{"line":67,"column":70}},"type":"binary-expr","locations":[{"start":{"line":67,"column":6},"end":{"line":67,"column":36}},{"start":{"line":67,"column":40},"end":{"line":67,"column":70}}],"line":67},"9":{"loc":{"start":{"line":70,"column":2},"end":{"line":76,"column":3}},"type":"if","locations":[{"start":{"line":70,"column":2},"end":{"line":76,"column":3}},{"start":{},"end":{}}],"line":70},"10":{"loc":{"start":{"line":71,"column":4},"end":{"line":73,"column":26}},"type":"binary-expr","locations":[{"start":{"line":71,"column":4},"end":{"line":71,"column":40}},{"start":{"line":72,"column":4},"end":{"line":72,"column":25}},{"start":{"line":73,"column":4},"end":{"line":73,"column":26}}],"line":71}},"s":{"0":0,"1":0,"2":0,"3":0,"4":0,"5":0,"6":0,"7":0,"8":0,"9":0,"10":0},"f":{"0":0,"1":0,"2":0,"3":0},"b":{"0":[0,0],"1":[0,0],"2":[0,0],"3":[0,0],"4":[0,0],"5":[0,0],"6":[0,0],"7":[0,0],"8":[0,0],"9":[0,0],"10":[0,0,0]}}
,"/home/runner/work/mobile/mobile/components/actions/ActionExecutor.ts": {"path":"/home/runner/work/mobile/mobile/components/actions/ActionExecutor.ts","statementMap":{"0":{"start":{"line":48,"column":72},"end":{"line":48,"column":79}},"1":{"start":{"line":50,"column":2},"end":{"line":121,"column":3}},"2":{"start":{"line":53,"column":4},"end":{"line":110,"column":5}},"3":{"start":{"line":55,"column":23},"end":{"line":55,"column":59}},"4":{"start":{"line":56,"column":8},"end":{"line":58,"column":9}},"5":{"start":{"line":57,"column":10},"end":{"line":57,"column":40}},"6":{"start":{"line":59,"column":8},"end":{"line":59,"column":35}},"7":{"start":{"line":60,"column":8},"end":{"line":60,"column":14}},"8":{"start":{"line":64,"column":25},"end":{"line":64,"column":56}},"9":{"start":{"line":65,"column":8},"end":{"line":68,"column":9}},"10":{"start":{"line":66,"column":10},"end":{"line":66,"column":76}},"11":{"start":{"line":67,"column":10},"end":{"line":67,"column":16}},"12":{"start":{"line":69,"column":21},"end":{"line":73,"column":10}},"13":{"start":{"line":74,"column":8},"end":{"line":78,"column":10}},"14":{"start":{"line":79,"column":8},"end":{"line":79,"column":14}},"15":{"start":{"line":83,"column":25},"end":{"line":83,"column":54}},"16":{"start":{"line":84,"column":21},"end":{"line":88,"column":10}},"17":{"start":{"line":89,"column":8},"end":{"line":93,"column":10}},"18":{"start":{"line":94,"column":8},"end":{"line":94,"column":14}},"19":{"start":{"line":99,"column":22},"end":{"line":99,"column":84}},"20":{"start":{"line":100,"column":8},"end":{"line":100,"column":34}},"21":{"start":{"line":101,"column":8},"end":{"line":101,"column":35}},"22":{"start":{"line":102,"column":8},"end":{"line":102,"column":14}},"23":{"start":{"line":106,"column":8},"end":{"line":109,"column":10}},"24":{"start":{"line":112,"column":4},"end":{"line":112,"column":25}},"25":{"start":{"line":113,"column":4},"end":{"line":113,"column":18}},"26":{"start":{"line":115,"column":33},"end":{"line":118,"column":5}},"27":{"start":{"line":119,"column":4},"end":{"line":119,"column":25}},"28":{"start":{"line":120,"column":4},"end":{"line":120,"column":18}},"29":{"start":{"line":136,"column":2},"end":{"line":136,"column":32}},"30":{"start":{"line":136,"column":15},"end":{"line":136,"column":32}},"31":{"start":{"line":137,"column":2},"end":{"line":137,"column":29}},"32":{"start":{"line":137,"column":15},"end":{"line":137,"column":29}},"33":{"start":{"line":139,"column":2},"end":{"line":142,"column":5}},"34":{"start":{"line":140,"column":16},"end":{"line":140,"column":27}},"35":{"start":{"line":141,"column":4},"end":{"line":141,"column":42}},"36":{"start":{"line":159,"column":2},"end":{"line":159,"column":64}},"37":{"start":{"line":159,"column":31},"end":{"line":159,"column":62}}},"fnMap":{"0":{"name":"executeAction","decl":{"start":{"line":44,"column":22},"end":{"line":44,"column":35}},"loc":{"start":{"line":47,"column":25},"end":{"line":122,"column":1}},"line":47},"1":{"name":"resolveTarget","decl":{"start":{"line":132,"column":9},"end":{"line":132,"column":22}},"loc":{"start":{"line":135,"column":22},"end":{"line":143,"column":1}},"line":135},"2":{"name":"(anonymous_2)","decl":{"start":{"line":139,"column":38},"end":{"line":139,"column":39}},"loc":{"start":{"line":139,"column":50},"end":{"line":142,"column":3}},"line":139},"3":{"name":"getActionsForLocation","decl":{"start":{"line":149,"column":16},"end":{"line":149,"column":37}},"loc":{"start":{"line":158,"column":16},"end":{"line":160,"column":1}},"line":158},"4":{"name":"(anonymous_4)","decl":{"start":{"line":159,"column":24},"end":{"line":159,"column":25}},"loc":{"start":{"line":159,"column":31},"end":{"line":159,"column":62}},"line":159}},"branchMap":{"0":{"loc":{"start":{"line":53,"column":4},"end":{"line":110,"column":5}},"type":"switch","locations":[{"start":{"line":54,"column":6},"end":{"line":61,"column":7}},{"start":{"line":63,"column":6},"end":{"line":80,"column":7}},{"start":{"line":82,"column":6},"end":{"line":95,"column":7}},{"start":{"line":97,"column":6},"end":{"line":103,"column":7}},{"start":{"line":105,"column":6},"end":{"line":109,"column":10}}],"line":53},"1":{"loc":{"start":{"line":56,"column":8},"end":{"line":58,"column":9}},"type":"if","locations":[{"start":{"line":56,"column":8},"end":{"line":58,"column":9}},{"start":{},"end":{}}],"line":56},"2":{"loc":{"start":{"line":64,"column":25},"end":{"line":64,"column":56}},"type":"binary-expr","locations":[{"start":{"line":64,"column":25},"end":{"line":64,"column":39}},{"start":{"line":64,"column":43},"end":{"line":64,"column":56}}],"line":64},"3":{"loc":{"start":{"line":65,"column":8},"end":{"line":68,"column":9}},"type":"if","locations":[{"start":{"line":65,"column":8},"end":{"line":68,"column":9}},{"start":{},"end":{}}],"line":65},"4":{"loc":{"start":{"line":77,"column":19},"end":{"line":77,"column":62}},"type":"binary-expr","locations":[{"start":{"line":77,"column":19},"end":{"line":77,"column":40}},{"start":{"line":77,"column":44},"end":{"line":77,"column":62}}],"line":77},"5":{"loc":{"start":{"line":83,"column":25},"end":{"line":83,"column":54}},"type":"binary-expr","locations":[{"start":{"line":83,"column":25},"end":{"line":83,"column":39}},{"start":{"line":83,"column":43},"end":{"line":83,"column":54}}],"line":83},"6":{"loc":{"start":{"line":92,"column":19},"end":{"line":92,"column":60}},"type":"binary-expr","locations":[{"start":{"line":92,"column":19},"end":{"line":92,"column":40}},{"start":{"line":92,"column":44},"end":{"line":92,"column":60}}],"line":92},"7":{"loc":{"start":{"line":99,"column":22},"end":{"line":99,"column":84}},"type":"binary-expr","locations":[{"start":{"line":99,"column":22},"end":{"line":99,"column":35}},{"start":{"line":99,"column":39},"end":{"line":99,"column":84}}],"line":99},"8":{"loc":{"start":{"line":108,"column":47},"end":{"line":108,"column":71}},"type":"binary-expr","locations":[{"start":{"line":108,"column":47},"end":{"line":108,"column":58}},{"start":{"line":108,"column":62},"end":{"line":108,"column":71}}],"line":108},"9":{"loc":{"start":{"line":117,"column":50},"end":{"line":117,"column":102}},"type":"cond-expr","locations":[{"start":{"line":117,"column":73},"end":{"line":117,"column":84}},{"start":{"line":117,"column":87},"end":{"line":117,"column":102}}],"line":117},"10":{"loc":{"start":{"line":136,"column":2},"end":{"line":136,"column":32}},"type":"if","locations":[{"start":{"line":136,"column":2},"end":{"line":136,"column":32}},{"start":{},"end":{}}],"line":136},"11":{"loc":{"start":{"line":137,"column":2},"end":{"line":137,"column":29}},"type":"if","locations":[{"start":{"line":137,"column":2},"end":{"line":137,"column":29}},{"start":{},"end":{}}],"line":137},"12":{"loc":{"start":{"line":141,"column":11},"end":{"line":141,"column":41}},"type":"cond-expr","locations":[{"start":{"line":141,"column":25},"end":{"line":141,"column":36}},{"start":{"line":141,"column":39},"end":{"line":141,"column":41}}],"line":141}},"s":{"0":0,"1":0,"2":0,"3":0,"4":0,"5":0,"6":0,"7":0,"8":0,"9":0,"10":0,"11":0,"12":0,"13":0,"14":0,"15":0,"16":0,"17":0,"18":0,"19":0,"20":0,"21":0,"22":0,"23":0,"24":0,"25":0,"26":0,"27":0,"28":0,"29":0,"30":0,"31":0,"32":0,"33":0,"34":0,"35":0,"36":0,"37":0},"f":{"0":0,"1":0,"2":0,"3":0,"4":0},"b":{"0":[0,0,0,0,0],"1":[0,0],"2":[0,0],"3":[0,0],"4":[0,0],"5":[0,0],"6":[0,0],"7":[0,0],"8":[0,0],"9":[0,0],"10":[0,0],"11":[0,0],"12":[0,0]}}
,"/home/runner/work/mobile/mobile/components/actions/FloatingActionButton.tsx": {"path":"/home/runner/work/mobile/mobile/components/actions/FloatingActionButton.tsx","statementMap":{"0":{"start":{"line":26,"column":22},"end":{"line":29,"column":3}},"1":{"start":{"line":27,"column":4},"end":{"line":27,"column":60}},"2":{"start":{"line":28,"column":4},"end":{"line":28,"column":14}},"3":{"start":{"line":31,"column":2},"end":{"line":41,"column":4}}},"fnMap":{"0":{"name":"FloatingActionButton","decl":{"start":{"line":21,"column":16},"end":{"line":21,"column":36}},"loc":{"start":{"line":25,"column":30},"end":{"line":42,"column":1}},"line":25},"1":{"name":"(anonymous_1)","decl":{"start":{"line":26,"column":22},"end":{"line":26,"column":23}},"loc":{"start":{"line":26,"column":28},"end":{"line":29,"column":3}},"line":26}},"branchMap":{"0":{"loc":{"start":{"line":39,"column":7},"end":{"line":39,"column":46}},"type":"binary-expr","locations":[{"start":{"line":39,"column":7},"end":{"line":39,"column":11}},{"start":{"line":39,"column":15},"end":{"line":39,"column":46}}],"line":39}},"s":{"0":0,"1":0,"2":0,"3":0},"f":{"0":0,"1":0},"b":{"0":[0,0]}}
,"/home/runner/work/mobile/mobile/components/batch/BatchActionBar.tsx": {"path":"/home/runner/work/mobile/mobile/components/batch/BatchActionBar.tsx","statementMap":{"0":{"start":{"line":28,"column":2},"end":{"line":28,"column":39}},"1":{"start":{"line":28,"column":27},"end":{"line":28,"column":39}},"2":{"start":{"line":30,"column":2},"end":{"line":67,"column":4}}},"fnMap":{"0":{"name":"BatchActionBar","decl":{"start":{"line":21,"column":16},"end":{"line":21,"column":30}},"loc":{"start":{"line":27,"column":24},"end":{"line":68,"column":1}},"line":27}},"branchMap":{"0":{"loc":{"start":{"line":28,"column":2},"end":{"line":28,"column":39}},"type":"if","locations":[{"start":{"line":28,"column":2},"end":{"line":28,"column":39}},{"start":{},"end":{}}],"line":28},"1":{"loc":{"start":{"line":47,"column":9},"end":{"line":55,"column":9}},"type":"binary-expr","locations":[{"start":{"line":47,"column":9},"end":{"line":47,"column":20}},{"start":{"line":48,"column":10},"end":{"line":54,"column":22}}],"line":47},"2":{"loc":{"start":{"line":56,"column":9},"end":{"line":64,"column":9}},"type":"binary-expr","locations":[{"start":{"line":56,"column":9},"end":{"line":56,"column":22}},{"start":{"line":57,"column":10},"end":{"line":63,"column":22}}],"line":56}},"s":{"0":0,"1":0,"2":0},"f":{"0":0},"b":{"0":[0,0],"1":[0,0],"2":[0,0]}}
,"/home/runner/work/mobile/mobile/components/batch/BatchProgressIndicator.tsx": {"path":"/home/runner/work/mobile/mobile/components/batch/BatchProgressIndicator.tsx","statementMap":{"0":{"start":{"line":22,"column":2},"end":{"line":22,"column":40}},"1":{"start":{"line":22,"column":28},"end":{"line":22,"column":40}},"2":{"start":{"line":25,"column":2},"end":{"line":48,"column":3}},"3":{"start":{"line":26,"column":4},"end":{"line":47,"column":6}},"4":{"start":{"line":35,"column":14},"end":{"line":37,"column":21}},"5":{"start":{"line":51,"column":2},"end":{"line":51,"column":29}},"6":{"start":{"line":51,"column":17},"end":{"line":51,"column":29}},"7":{"start":{"line":52,"column":14},"end":{"line":52,"column":82}},"8":{"start":{"line":54,"column":2},"end":{"line":72,"column":4}}},"fnMap":{"0":{"name":"BatchProgressIndicator","decl":{"start":{"line":17,"column":16},"end":{"line":17,"column":38}},"loc":{"start":{"line":21,"column":32},"end":{"line":73,"column":1}},"line":21},"1":{"name":"(anonymous_1)","decl":{"start":{"line":34,"column":43},"end":{"line":34,"column":44}},"loc":{"start":{"line":35,"column":14},"end":{"line":37,"column":21}},"line":35}},"branchMap":{"0":{"loc":{"start":{"line":22,"column":2},"end":{"line":22,"column":40}},"type":"if","locations":[{"start":{"line":22,"column":2},"end":{"line":22,"column":40}},{"start":{},"end":{}}],"line":22},"1":{"loc":{"start":{"line":22,"column":6},"end":{"line":22,"column":26}},"type":"binary-expr","locations":[{"start":{"line":22,"column":6},"end":{"line":22,"column":15}},{"start":{"line":22,"column":19},"end":{"line":22,"column":26}}],"line":22},"2":{"loc":{"start":{"line":25,"column":2},"end":{"line":48,"column":3}},"type":"if","locations":[{"start":{"line":25,"column":2},"end":{"line":48,"column":3}},{"start":{},"end":{}}],"line":25},"3":{"loc":{"start":{"line":25,"column":6},"end":{"line":25,"column":67}},"type":"binary-expr","locations":[{"start":{"line":25,"column":6},"end":{"line":25,"column":12}},{"start":{"line":25,"column":17},"end":{"line":25,"column":26}},{"start":{"line":25,"column":30},"end":{"line":25,"column":66}}],"line":25},"4":{"loc":{"start":{"line":30,"column":11},"end":{"line":30,"column":66}},"type":"cond-expr","locations":[{"start":{"line":30,"column":32},"end":{"line":30,"column":61}},{"start":{"line":30,"column":64},"end":{"line":30,"column":66}}],"line":30},"5":{"loc":{"start":{"line":32,"column":9},"end":{"line":45,"column":9}},"type":"binary-expr","locations":[{"start":{"line":32,"column":9},"end":{"line":32,"column":33}},{"start":{"line":33,"column":10},"end":{"line":44,"column":17}}],"line":32},"6":{"loc":{"start":{"line":36,"column":19},"end":{"line":36,"column":65}},"type":"cond-expr","locations":[{"start":{"line":36,"column":34},"end":{"line":36,"column":60}},{"start":{"line":36,"column":63},"end":{"line":36,"column":65}}],"line":36},"7":{"loc":{"start":{"line":39,"column":13},"end":{"line":43,"column":13}},"type":"binary-expr","locations":[{"start":{"line":39,"column":13},"end":{"line":39,"column":37}},{"start":{"line":40,"column":14},"end":{"line":42,"column":21}}],"line":39},"8":{"loc":{"start":{"line":51,"column":2},"end":{"line":51,"column":29}},"type":"if","locations":[{"start":{"line":51,"column":2},"end":{"line":51,"column":29}},{"start":{},"end":{}}],"line":51},"9":{"loc":{"start":{"line":52,"column":14},"end":{"line":52,"column":82}},"type":"cond-expr","locations":[{"start":{"line":52,"column":35},"end":{"line":52,"column":78}},{"start":{"line":52,"column":81},"end":{"line":52,"column":82}}],"line":52},"10":{"loc":{"start":{"line":60,"column":9},"end":{"line":62,"column":9}},"type":"binary-expr","locations":[{"start":{"line":60,"column":9},"end":{"line":60,"column":28}},{"start":{"line":61,"column":10},"end":{"line":61,"column":84}}],"line":60}},"s":{"0":0,"1":0,"2":0,"3":0,"4":0,"5":0,"6":0,"7":0,"8":0},"f":{"0":0,"1":0},"b":{"0":[0,0],"1":[0,0],"2":[0,0],"3":[0,0,0],"4":[0,0],"5":[0,0],"6":[0,0],"7":[0,0],"8":[0,0],"9":[0,0],"10":[0,0]}}
,"/home/runner/work/mobile/mobile/components/common/CachedImage.tsx": {"path":"/home/runner/work/mobile/mobile/components/common/CachedImage.tsx","statementMap":{"0":{"start":{"line":29,"column":2},"end":{"line":39,"column":4}}},"fnMap":{"0":{"name":"CachedImage","decl":{"start":{"line":21,"column":16},"end":{"line":21,"column":27}},"loc":{"start":{"line":28,"column":21},"end":{"line":40,"column":1}},"line":28}},"branchMap":{"0":{"loc":{"start":{"line":32,"column":19},"end":{"line":32,"column":54}},"type":"cond-expr","locations":[{"start":{"line":32,"column":30},"end":{"line":32,"column":42}},{"start":{"line":32,"column":45},"end":{"line":32,"column":54}}],"line":32},"1":{"loc":{"start":{"line":36,"column":14},"end":{"line":36,"column":77}},"type":"cond-expr","locations":[{"start":{"line":36,"column":48},"end":{"line":36,"column":65}},{"start":{"line":36,"column":68},"end":{"line":36,"column":77}}],"line":36},"2":{"loc":{"start":{"line":36,"column":14},"end":{"line":36,"column":45}},"type":"binary-expr","locations":[{"start":{"line":36,"column":14},"end":{"line":36,"column":27}},{"start":{"line":36,"column":31},"end":{"line":36,"column":45}}],"line":36}},"s":{"0":0},"f":{"0":0},"b":{"0":[0,0],"1":[0,0],"2":[0,0]}}
,"/home/runner/work/mobile/mobile/components/common/EmptyState.tsx": {"path":"/home/runner/work/mobile/mobile/components/common/EmptyState.tsx","statementMap":{"0":{"start":{"line":20,"column":2},"end":{"line":38,"column":4}}},"fnMap":{"0":{"name":"EmptyState","decl":{"start":{"line":13,"column":16},"end":{"line":13,"column":26}},"loc":{"start":{"line":19,"column":20},"end":{"line":39,"column":1}},"line":19}},"branchMap":{"0":{"loc":{"start":{"line":31,"column":7},"end":{"line":35,"column":14}},"type":"cond-expr","locations":[{"start":{"line":32,"column":8},"end":{"line":34,"column":15}},{"start":{"line":35,"column":10},"end":{"line":35,"column":14}}],"line":31},"1":{"loc":{"start":{"line":36,"column":7},"end":{"line":36,"column":61}},"type":"cond-expr","locations":[{"start":{"line":36,"column":16},"end":{"line":36,"column":54}},{"start":{"line":36,"column":57},"end":{"line":36,"column":61}}],"line":36}},"s":{"0":0},"f":{"0":0},"b":{"0":[0,0],"1":[0,0]}}
,"/home/runner/work/mobile/mobile/components/common/ErrorBoundary.tsx": {"path":"/home/runner/work/mobile/mobile/components/common/ErrorBoundary.tsx","statementMap":{"0":{"start":{"line":19,"column":4},"end":{"line":19,"column":17}},"1":{"start":{"line":20,"column":4},"end":{"line":20,"column":50}},"2":{"start":{"line":24,"column":4},"end":{"line":24,"column":37}},"3":{"start":{"line":27,"column":24},"end":{"line":29,"column":3}},"4":{"start":{"line":28,"column":4},"end":{"line":28,"column":52}},"5":{"start":{"line":32,"column":4},"end":{"line":44,"column":5}},"6":{"start":{"line":33,"column":6},"end":{"line":43,"column":8}},"7":{"start":{"line":46,"column":4},"end":{"line":46,"column":31}}},"fnMap":{"0":{"name":"(anonymous_0)","decl":{"start":{"line":18,"column":2},"end":{"line":18,"column":3}},"loc":{"start":{"line":18,"column":41},"end":{"line":21,"column":3}},"line":18},"1":{"name":"(anonymous_1)","decl":{"start":{"line":23,"column":2},"end":{"line":23,"column":3}},"loc":{"start":{"line":23,"column":68},"end":{"line":25,"column":3}},"line":23},"2":{"name":"(anonymous_2)","decl":{"start":{"line":27,"column":24},"end":{"line":27,"column":25}},"loc":{"start":{"line":27,"column":30},"end":{"line":29,"column":3}},"line":27},"3":{"name":"(anonymous_3)","decl":{"start":{"line":31,"column":2},"end":{"line":31,"column":3}},"loc":{"start":{"line":31,"column":11},"end":{"line":47,"column":3}},"line":31}},"branchMap":{"0":{"loc":{"start":{"line":32,"column":4},"end":{"line":44,"column":5}},"type":"if","locations":[{"start":{"line":32,"column":4},"end":{"line":44,"column":5}},{"start":{},"end":{}}],"line":32},"1":{"loc":{"start":{"line":39,"column":13},"end":{"line":39,"column":73}},"type":"binary-expr","locations":[{"start":{"line":39,"column":13},"end":{"line":39,"column":38}},{"start":{"line":39,"column":42},"end":{"line":39,"column":73}}],"line":39}},"s":{"0":0,"1":0,"2":0,"3":0,"4":0,"5":0,"6":0,"7":0},"f":{"0":0,"1":0,"2":0,"3":0},"b":{"0":[0,0],"1":[0,0]}}
,"/home/runner/work/mobile/mobile/components/common/InfiniteScrollList.tsx": {"path":"/home/runner/work/mobile/mobile/components/common/InfiniteScrollList.tsx","statementMap":{"0":{"start":{"line":31,"column":27},"end":{"line":35,"column":40}},"1":{"start":{"line":32,"column":4},"end":{"line":34,"column":5}},"2":{"start":{"line":33,"column":6},"end":{"line":33,"column":21}},"3":{"start":{"line":37,"column":2},"end":{"line":54,"column":4}}},"fnMap":{"0":{"name":"InfiniteScrollList","decl":{"start":{"line":21,"column":16},"end":{"line":21,"column":34}},"loc":{"start":{"line":30,"column":31},"end":{"line":55,"column":1}},"line":30},"1":{"name":"(anonymous_1)","decl":{"start":{"line":31,"column":45},"end":{"line":31,"column":46}},"loc":{"start":{"line":31,"column":51},"end":{"line":35,"column":3}},"line":31}},"branchMap":{"0":{"loc":{"start":{"line":32,"column":4},"end":{"line":34,"column":5}},"type":"if","locations":[{"start":{"line":32,"column":4},"end":{"line":34,"column":5}},{"start":{},"end":{}}],"line":32},"1":{"loc":{"start":{"line":32,"column":8},"end":{"line":32,"column":29}},"type":"binary-expr","locations":[{"start":{"line":32,"column":8},"end":{"line":32,"column":18}},{"start":{"line":32,"column":22},"end":{"line":32,"column":29}}],"line":32},"2":{"loc":{"start":{"line":47,"column":8},"end":{"line":51,"column":16}},"type":"cond-expr","locations":[{"start":{"line":48,"column":10},"end":{"line":50,"column":17}},{"start":{"line":51,"column":12},"end":{"line":51,"column":16}}],"line":47}},"s":{"0":0,"1":0,"2":0,"3":0},"f":{"0":0,"1":0},"b":{"0":[0,0],"1":[0,0],"2":[0,0]}}
,"/home/runner/work/mobile/mobile/components/common/LanguageSelector.tsx": {"path":"/home/runner/work/mobile/mobile/components/common/LanguageSelector.tsx","statementMap":{"0":{"start":{"line":14,"column":16},"end":{"line":14,"column":32}},"1":{"start":{"line":15,"column":19},"end":{"line":15,"column":48}},"2":{"start":{"line":15,"column":37},"end":{"line":15,"column":47}},"3":{"start":{"line":16,"column":22},"end":{"line":16,"column":54}},"4":{"start":{"line":16,"column":40},"end":{"line":16,"column":53}},"5":{"start":{"line":18,"column":2},"end":{"line":47,"column":4}},"6":{"start":{"line":24,"column":25},"end":{"line":24,"column":47}},"7":{"start":{"line":25,"column":8},"end":{"line":44,"column":10}},"8":{"start":{"line":32,"column":27},"end":{"line":32,"column":49}}},"fnMap":{"0":{"name":"LanguageSelector","decl":{"start":{"line":13,"column":16},"end":{"line":13,"column":32}},"loc":{"start":{"line":13,"column":72},"end":{"line":48,"column":1}},"line":13},"1":{"name":"(anonymous_1)","decl":{"start":{"line":15,"column":30},"end":{"line":15,"column":31}},"loc":{"start":{"line":15,"column":37},"end":{"line":15,"column":47}},"line":15},"2":{"name":"(anonymous_2)","decl":{"start":{"line":16,"column":33},"end":{"line":16,"column":34}},"loc":{"start":{"line":16,"column":40},"end":{"line":16,"column":53}},"line":16},"3":{"name":"(anonymous_3)","decl":{"start":{"line":23,"column":31},"end":{"line":23,"column":32}},"loc":{"start":{"line":23,"column":41},"end":{"line":45,"column":7}},"line":23},"4":{"name":"(anonymous_4)","decl":{"start":{"line":32,"column":21},"end":{"line":32,"column":22}},"loc":{"start":{"line":32,"column":27},"end":{"line":32,"column":49}},"line":32}},"branchMap":{"0":{"loc":{"start":{"line":30,"column":14},"end":{"line":30,"column":52}},"type":"cond-expr","locations":[{"start":{"line":30,"column":25},"end":{"line":30,"column":40}},{"start":{"line":30,"column":43},"end":{"line":30,"column":52}}],"line":30},"1":{"loc":{"start":{"line":37,"column":16},"end":{"line":37,"column":75}},"type":"cond-expr","locations":[{"start":{"line":37,"column":27},"end":{"line":37,"column":55}},{"start":{"line":37,"column":58},"end":{"line":37,"column":75}}],"line":37},"2":{"loc":{"start":{"line":42,"column":13},"end":{"line":42,"column":60}},"type":"binary-expr","locations":[{"start":{"line":42,"column":13},"end":{"line":42,"column":21}},{"start":{"line":42,"column":25},"end":{"line":42,"column":60}}],"line":42}},"s":{"0":0,"1":0,"2":0,"3":0,"4":0,"5":0,"6":0,"7":0,"8":0},"f":{"0":0,"1":0,"2":0,"3":0,"4":0},"b":{"0":[0,0],"1":[0,0],"2":[0,0]}}
,"/home/runner/work/mobile/mobile/components/common/LoadingScreen.tsx": {"path":"/home/runner/work/mobile/mobile/components/common/LoadingScreen.tsx","statementMap":{"0":{"start":{"line":11,"column":2},"end":{"line":23,"column":4}}},"fnMap":{"0":{"name":"LoadingScreen","decl":{"start":{"line":10,"column":16},"end":{"line":10,"column":29}},"loc":{"start":{"line":10,"column":74},"end":{"line":24,"column":1}},"line":10}},"branchMap":{"0":{"loc":{"start":{"line":19,"column":7},"end":{"line":21,"column":14}},"type":"cond-expr","locations":[{"start":{"line":20,"column":8},"end":{"line":20,"column":72}},{"start":{"line":21,"column":10},"end":{"line":21,"column":14}}],"line":19}},"s":{"0":0},"f":{"0":0},"b":{"0":[0,0]}}
,"/home/runner/work/mobile/mobile/components/common/OfflineIndicator.tsx": {"path":"/home/runner/work/mobile/mobile/components/common/OfflineIndicator.tsx","statementMap":{"0":{"start":{"line":25,"column":2},"end":{"line":25,"column":52}},"1":{"start":{"line":25,"column":40},"end":{"line":25,"column":52}},"2":{"start":{"line":27,"column":2},"end":{"line":62,"column":4}}},"fnMap":{"0":{"name":"OfflineIndicator","decl":{"start":{"line":18,"column":16},"end":{"line":18,"column":32}},"loc":{"start":{"line":24,"column":26},"end":{"line":63,"column":1}},"line":24}},"branchMap":{"0":{"loc":{"start":{"line":20,"column":2},"end":{"line":20,"column":18}},"type":"default-arg","locations":[{"start":{"line":20,"column":17},"end":{"line":20,"column":18}}],"line":20},"1":{"loc":{"start":{"line":21,"column":2},"end":{"line":21,"column":19}},"type":"default-arg","locations":[{"start":{"line":21,"column":14},"end":{"line":21,"column":19}}],"line":21},"2":{"loc":{"start":{"line":25,"column":2},"end":{"line":25,"column":52}},"type":"if","locations":[{"start":{"line":25,"column":2},"end":{"line":25,"column":52}},{"start":{},"end":{}}],"line":25},"3":{"loc":{"start":{"line":25,"column":6},"end":{"line":25,"column":38}},"type":"binary-expr","locations":[{"start":{"line":25,"column":6},"end":{"line":25,"column":16}},{"start":{"line":25,"column":20},"end":{"line":25,"column":38}}],"line":25},"4":{"loc":{"start":{"line":31,"column":8},"end":{"line":31,"column":90}},"type":"cond-expr","locations":[{"start":{"line":31,"column":20},"end":{"line":31,"column":55}},{"start":{"line":31,"column":58},"end":{"line":31,"column":90}}],"line":31},"5":{"loc":{"start":{"line":36,"column":9},"end":{"line":36,"column":59}},"type":"binary-expr","locations":[{"start":{"line":36,"column":9},"end":{"line":36,"column":18}},{"start":{"line":36,"column":22},"end":{"line":36,"column":59}}],"line":36},"6":{"loc":{"start":{"line":38,"column":11},"end":{"line":40,"column":79}},"type":"cond-expr","locations":[{"start":{"line":39,"column":14},"end":{"line":39,"column":31}},{"start":{"line":40,"column":14},"end":{"line":40,"column":79}}],"line":38},"7":{"loc":{"start":{"line":40,"column":47},"end":{"line":40,"column":76}},"type":"cond-expr","locations":[{"start":{"line":40,"column":68},"end":{"line":40,"column":71}},{"start":{"line":40,"column":74},"end":{"line":40,"column":76}}],"line":40},"8":{"loc":{"start":{"line":42,"column":9},"end":{"line":46,"column":9}},"type":"binary-expr","locations":[{"start":{"line":42,"column":9},"end":{"line":42,"column":25}},{"start":{"line":42,"column":29},"end":{"line":42,"column":38}},{"start":{"line":43,"column":10},"end":{"line":45,"column":17}}],"line":42},"9":{"loc":{"start":{"line":49,"column":7},"end":{"line":60,"column":7}},"type":"binary-expr","locations":[{"start":{"line":49,"column":7},"end":{"line":49,"column":17}},{"start":{"line":49,"column":21},"end":{"line":49,"column":37}},{"start":{"line":49,"column":41},"end":{"line":49,"column":52}},{"start":{"line":50,"column":8},"end":{"line":59,"column":20}}],"line":49},"10":{"loc":{"start":{"line":57,"column":13},"end":{"line":57,"column":44}},"type":"cond-expr","locations":[{"start":{"line":57,"column":25},"end":{"line":57,"column":35}},{"start":{"line":57,"column":38},"end":{"line":57,"column":44}}],"line":57}},"s":{"0":0,"1":0,"2":0},"f":{"0":0},"b":{"0":[0],"1":[0],"2":[0,0],"3":[0,0],"4":[0,0],"5":[0,0],"6":[0,0],"7":[0,0],"8":[0,0,0],"9":[0,0,0,0],"10":[0,0]}}
,"/home/runner/work/mobile/mobile/components/common/PullToRefresh.tsx": {"path":"/home/runner/work/mobile/mobile/components/common/PullToRefresh.tsx","statementMap":{"0":{"start":{"line":16,"column":38},"end":{"line":16,"column":59}},"1":{"start":{"line":18,"column":24},"end":{"line":25,"column":17}},"2":{"start":{"line":19,"column":4},"end":{"line":19,"column":24}},"3":{"start":{"line":20,"column":4},"end":{"line":24,"column":5}},"4":{"start":{"line":21,"column":6},"end":{"line":21,"column":24}},"5":{"start":{"line":23,"column":6},"end":{"line":23,"column":27}},"6":{"start":{"line":27,"column":2},"end":{"line":36,"column":4}}},"fnMap":{"0":{"name":"PullToRefresh","decl":{"start":{"line":11,"column":16},"end":{"line":11,"column":29}},"loc":{"start":{"line":15,"column":23},"end":{"line":37,"column":1}},"line":15},"1":{"name":"(anonymous_1)","decl":{"start":{"line":18,"column":42},"end":{"line":18,"column":43}},"loc":{"start":{"line":18,"column":54},"end":{"line":25,"column":3}},"line":18}},"branchMap":{},"s":{"0":0,"1":0,"2":0,"3":0,"4":0,"5":0,"6":0},"f":{"0":0,"1":0},"b":{}}
,"/home/runner/work/mobile/mobile/components/common/SearchBar.tsx": {"path":"/home/runner/work/mobile/mobile/components/common/SearchBar.tsx","statementMap":{"0":{"start":{"line":21,"column":38},"end":{"line":21,"column":59}},"1":{"start":{"line":22,"column":19},"end":{"line":22,"column":75}},"2":{"start":{"line":25,"column":2},"end":{"line":27,"column":14}},"3":{"start":{"line":26,"column":4},"end":{"line":26,"column":25}},"4":{"start":{"line":29,"column":23},"end":{"line":36,"column":3}},"5":{"start":{"line":31,"column":6},"end":{"line":31,"column":26}},"6":{"start":{"line":32,"column":6},"end":{"line":32,"column":59}},"7":{"start":{"line":32,"column":28},"end":{"line":32,"column":59}},"8":{"start":{"line":33,"column":6},"end":{"line":33,"column":74}},"9":{"start":{"line":33,"column":42},"end":{"line":33,"column":60}},"10":{"start":{"line":38,"column":2},"end":{"line":42,"column":9}},"11":{"start":{"line":39,"column":4},"end":{"line":41,"column":6}},"12":{"start":{"line":40,"column":6},"end":{"line":40,"column":59}},"13":{"start":{"line":40,"column":28},"end":{"line":40,"column":59}},"14":{"start":{"line":44,"column":2},"end":{"line":60,"column":4}}},"fnMap":{"0":{"name":"SearchBar","decl":{"start":{"line":14,"column":16},"end":{"line":14,"column":25}},"loc":{"start":{"line":20,"column":19},"end":{"line":61,"column":1}},"line":20},"1":{"name":"(anonymous_1)","decl":{"start":{"line":25,"column":18},"end":{"line":25,"column":19}},"loc":{"start":{"line":25,"column":24},"end":{"line":27,"column":3}},"line":25},"2":{"name":"(anonymous_2)","decl":{"start":{"line":30,"column":4},"end":{"line":30,"column":5}},"loc":{"start":{"line":30,"column":22},"end":{"line":34,"column":5}},"line":30},"3":{"name":"(anonymous_3)","decl":{"start":{"line":33,"column":36},"end":{"line":33,"column":37}},"loc":{"start":{"line":33,"column":42},"end":{"line":33,"column":60}},"line":33},"4":{"name":"(anonymous_4)","decl":{"start":{"line":38,"column":18},"end":{"line":38,"column":19}},"loc":{"start":{"line":38,"column":24},"end":{"line":42,"column":3}},"line":38},"5":{"name":"(anonymous_5)","decl":{"start":{"line":39,"column":11},"end":{"line":39,"column":12}},"loc":{"start":{"line":39,"column":17},"end":{"line":41,"column":5}},"line":39}},"branchMap":{"0":{"loc":{"start":{"line":17,"column":2},"end":{"line":17,"column":25}},"type":"default-arg","locations":[{"start":{"line":17,"column":16},"end":{"line":17,"column":25}}],"line":17},"1":{"loc":{"start":{"line":18,"column":2},"end":{"line":18,"column":18}},"type":"default-arg","locations":[{"start":{"line":18,"column":15},"end":{"line":18,"column":18}}],"line":18},"2":{"loc":{"start":{"line":32,"column":6},"end":{"line":32,"column":59}},"type":"if","locations":[{"start":{"line":32,"column":6},"end":{"line":32,"column":59}},{"start":{},"end":{}}],"line":32},"3":{"loc":{"start":{"line":40,"column":6},"end":{"line":40,"column":59}},"type":"if","locations":[{"start":{"line":40,"column":6},"end":{"line":40,"column":59}},{"start":{},"end":{}}],"line":40}},"s":{"0":0,"1":0,"2":0,"3":0,"4":0,"5":0,"6":0,"7":0,"8":0,"9":0,"10":0,"11":0,"12":0,"13":0,"14":0},"f":{"0":0,"1":0,"2":0,"3":0,"4":0,"5":0},"b":{"0":[0],"1":[0],"2":[0,0],"3":[0,0]}}
,"/home/runner/work/mobile/mobile/components/query/FilterRow.tsx": {"path":"/home/runner/work/mobile/mobile/components/query/FilterRow.tsx","statementMap":{"0":{"start":{"line":28,"column":27},"end":{"line":28,"column":70}},"1":{"start":{"line":28,"column":46},"end":{"line":28,"column":69}},"2":{"start":{"line":29,"column":20},"end":{"line":29,"column":52}},"3":{"start":{"line":31,"column":29},"end":{"line":34,"column":3}},"4":{"start":{"line":32,"column":10},"end":{"line":32,"column":42}},"5":{"start":{"line":36,"column":23},"end":{"line":36,"column":53}},"6":{"start":{"line":37,"column":21},"end":{"line":37,"column":51}},"7":{"start":{"line":38,"column":27},"end":{"line":38,"column":57}},"8":{"start":{"line":40,"column":2},"end":{"line":100,"column":4}},"9":{"start":{"line":47,"column":29},"end":{"line":47,"column":77}},"10":{"start":{"line":47,"column":53},"end":{"line":47,"column":76}},"11":{"start":{"line":48,"column":28},"end":{"line":48,"column":68}},"12":{"start":{"line":49,"column":10},"end":{"line":51,"column":11}},"13":{"start":{"line":50,"column":12},"end":{"line":50,"column":48}},"14":{"start":{"line":63,"column":29},"end":{"line":63,"column":72}},"15":{"start":{"line":64,"column":23},"end":{"line":64,"column":87}},"16":{"start":{"line":65,"column":10},"end":{"line":65,"column":49}},"17":{"start":{"line":65,"column":20},"end":{"line":65,"column":49}},"18":{"start":{"line":78,"column":34},"end":{"line":78,"column":59}},"19":{"start":{"line":89,"column":34},"end":{"line":89,"column":85}}},"fnMap":{"0":{"name":"FilterRow","decl":{"start":{"line":27,"column":16},"end":{"line":27,"column":25}},"loc":{"start":{"line":27,"column":82},"end":{"line":101,"column":1}},"line":27},"1":{"name":"(anonymous_1)","decl":{"start":{"line":28,"column":39},"end":{"line":28,"column":40}},"loc":{"start":{"line":28,"column":46},"end":{"line":28,"column":69}},"line":28},"2":{"name":"(anonymous_2)","decl":{"start":{"line":32,"column":4},"end":{"line":32,"column":5}},"loc":{"start":{"line":32,"column":10},"end":{"line":32,"column":42}},"line":32},"3":{"name":"(anonymous_3)","decl":{"start":{"line":45,"column":17},"end":{"line":45,"column":18}},"loc":{"start":{"line":45,"column":23},"end":{"line":52,"column":9}},"line":45},"4":{"name":"(anonymous_4)","decl":{"start":{"line":47,"column":46},"end":{"line":47,"column":47}},"loc":{"start":{"line":47,"column":53},"end":{"line":47,"column":76}},"line":47},"5":{"name":"(anonymous_5)","decl":{"start":{"line":62,"column":17},"end":{"line":62,"column":18}},"loc":{"start":{"line":62,"column":23},"end":{"line":66,"column":9}},"line":62},"6":{"name":"(anonymous_6)","decl":{"start":{"line":78,"column":24},"end":{"line":78,"column":25}},"loc":{"start":{"line":78,"column":34},"end":{"line":78,"column":59}},"line":78},"7":{"name":"(anonymous_7)","decl":{"start":{"line":89,"column":24},"end":{"line":89,"column":25}},"loc":{"start":{"line":89,"column":34},"end":{"line":89,"column":85}},"line":89}},"branchMap":{"0":{"loc":{"start":{"line":29,"column":20},"end":{"line":29,"column":52}},"type":"binary-expr","locations":[{"start":{"line":29,"column":20},"end":{"line":29,"column":42}},{"start":{"line":29,"column":46},"end":{"line":29,"column":52}}],"line":29},"1":{"loc":{"start":{"line":49,"column":10},"end":{"line":51,"column":11}},"type":"if","locations":[{"start":{"line":49,"column":10},"end":{"line":51,"column":11}},{"start":{},"end":{}}],"line":49},"2":{"loc":{"start":{"line":55,"column":11},"end":{"line":55,"column":64}},"type":"binary-expr","locations":[{"start":{"line":55,"column":11},"end":{"line":55,"column":34}},{"start":{"line":55,"column":39},"end":{"line":55,"column":51}},{"start":{"line":55,"column":55},"end":{"line":55,"column":63}}],"line":55},"3":{"loc":{"start":{"line":65,"column":10},"end":{"line":65,"column":49}},"type":"if","locations":[{"start":{"line":65,"column":10},"end":{"line":65,"column":49}},{"start":{},"end":{}}],"line":65},"4":{"loc":{"start":{"line":69,"column":11},"end":{"line":69,"column":49}},"type":"binary-expr","locations":[{"start":{"line":69,"column":11},"end":{"line":69,"column":30}},{"start":{"line":69,"column":34},"end":{"line":69,"column":49}}],"line":69},"5":{"loc":{"start":{"line":74,"column":7},"end":{"line":82,"column":7}},"type":"binary-expr","locations":[{"start":{"line":74,"column":7},"end":{"line":74,"column":17}},{"start":{"line":75,"column":8},"end":{"line":81,"column":10}}],"line":74},"6":{"loc":{"start":{"line":77,"column":24},"end":{"line":77,"column":42}},"type":"binary-expr","locations":[{"start":{"line":77,"column":24},"end":{"line":77,"column":36}},{"start":{"line":77,"column":40},"end":{"line":77,"column":42}}],"line":77},"7":{"loc":{"start":{"line":85,"column":7},"end":{"line":93,"column":7}},"type":"binary-expr","locations":[{"start":{"line":85,"column":7},"end":{"line":85,"column":23}},{"start":{"line":86,"column":8},"end":{"line":92,"column":10}}],"line":85},"8":{"loc":{"start":{"line":88,"column":24},"end":{"line":88,"column":43}},"type":"binary-expr","locations":[{"start":{"line":88,"column":24},"end":{"line":88,"column":37}},{"start":{"line":88,"column":41},"end":{"line":88,"column":43}}],"line":88}},"s":{"0":0,"1":0,"2":0,"3":0,"4":0,"5":0,"6":0,"7":0,"8":0,"9":0,"10":0,"11":0,"12":0,"13":0,"14":0,"15":0,"16":0,"17":0,"18":0,"19":0},"f":{"0":0,"1":0,"2":0,"3":0,"4":0,"5":0,"6":0,"7":0},"b":{"0":[0,0],"1":[0,0],"2":[0,0,0],"3":[0,0],"4":[0,0],"5":[0,0],"6":[0,0],"7":[0,0],"8":[0,0]}}
,"/home/runner/work/mobile/mobile/components/query/GlobalSearch.tsx": {"path":"/home/runner/work/mobile/mobile/components/query/GlobalSearch.tsx","statementMap":{"0":{"start":{"line":23,"column":2},"end":{"line":40,"column":4}}},"fnMap":{"0":{"name":"GlobalSearch","decl":{"start":{"line":17,"column":16},"end":{"line":17,"column":28}},"loc":{"start":{"line":22,"column":22},"end":{"line":41,"column":1}},"line":22}},"branchMap":{"0":{"loc":{"start":{"line":20,"column":2},"end":{"line":20,"column":43}},"type":"default-arg","locations":[{"start":{"line":20,"column":16},"end":{"line":20,"column":43}}],"line":20}},"s":{"0":0},"f":{"0":0},"b":{"0":[0]}}
,"/home/runner/work/mobile/mobile/components/query/QueryBuilder.tsx": {"path":"/home/runner/work/mobile/mobile/components/query/QueryBuilder.tsx","statementMap":{"0":{"start":{"line":49,"column":20},"end":{"line":52,"column":27}},"1":{"start":{"line":50,"column":23},"end":{"line":50,"column":44}},"2":{"start":{"line":51,"column":4},"end":{"line":51,"column":34}},"3":{"start":{"line":54,"column":2},"end":{"line":105,"column":4}},"4":{"start":{"line":79,"column":10},"end":{"line":89,"column":11}},"5":{"start":{"line":80,"column":12},"end":{"line":88,"column":14}},"6":{"start":{"line":85,"column":37},"end":{"line":85,"column":67}},"7":{"start":{"line":86,"column":32},"end":{"line":86,"column":55}},"8":{"start":{"line":92,"column":10},"end":{"line":92,"column":22}}},"fnMap":{"0":{"name":"QueryBuilder","decl":{"start":{"line":39,"column":16},"end":{"line":39,"column":28}},"loc":{"start":{"line":48,"column":22},"end":{"line":106,"column":1}},"line":48},"1":{"name":"(anonymous_1)","decl":{"start":{"line":49,"column":32},"end":{"line":49,"column":33}},"loc":{"start":{"line":49,"column":38},"end":{"line":52,"column":3}},"line":49},"2":{"name":"(anonymous_2)","decl":{"start":{"line":78,"column":26},"end":{"line":78,"column":27}},"loc":{"start":{"line":78,"column":43},"end":{"line":93,"column":9}},"line":78},"3":{"name":"(anonymous_3)","decl":{"start":{"line":85,"column":26},"end":{"line":85,"column":27}},"loc":{"start":{"line":85,"column":37},"end":{"line":85,"column":67}},"line":85},"4":{"name":"(anonymous_4)","decl":{"start":{"line":86,"column":26},"end":{"line":86,"column":27}},"loc":{"start":{"line":86,"column":32},"end":{"line":86,"column":55}},"line":86}},"branchMap":{"0":{"loc":{"start":{"line":50,"column":23},"end":{"line":50,"column":44}},"type":"binary-expr","locations":[{"start":{"line":50,"column":23},"end":{"line":50,"column":38}},{"start":{"line":50,"column":42},"end":{"line":50,"column":44}}],"line":50},"1":{"loc":{"start":{"line":64,"column":19},"end":{"line":64,"column":55}},"type":"cond-expr","locations":[{"start":{"line":64,"column":42},"end":{"line":64,"column":47}},{"start":{"line":64,"column":50},"end":{"line":64,"column":55}}],"line":64},"2":{"loc":{"start":{"line":68,"column":9},"end":{"line":73,"column":9}},"type":"binary-expr","locations":[{"start":{"line":68,"column":9},"end":{"line":68,"column":32}},{"start":{"line":69,"column":10},"end":{"line":72,"column":22}}],"line":68},"3":{"loc":{"start":{"line":79,"column":10},"end":{"line":89,"column":11}},"type":"if","locations":[{"start":{"line":79,"column":10},"end":{"line":89,"column":11}},{"start":{},"end":{}}],"line":79}},"s":{"0":0,"1":0,"2":0,"3":0,"4":0,"5":0,"6":0,"7":0,"8":0},"f":{"0":0,"1":0,"2":0,"3":0,"4":0},"b":{"0":[0,0],"1":[0,0],"2":[0,0],"3":[0,0]}}
,"/home/runner/work/mobile/mobile/components/renderers/CalendarViewRenderer.tsx": {"path":"/home/runner/work/mobile/mobile/components/renderers/CalendarViewRenderer.tsx","statementMap":{"0":{"start":{"line":50,"column":17},"end":{"line":50,"column":66}},"1":{"start":{"line":52,"column":29},"end":{"line":54,"column":1}},"2":{"start":{"line":57,"column":2},"end":{"line":57,"column":115}},"3":{"start":{"line":61,"column":2},"end":{"line":61,"column":45}},"4":{"start":{"line":65,"column":2},"end":{"line":65,"column":48}},"5":{"start":{"line":69,"column":2},"end":{"line":69,"column":43}},"6":{"start":{"line":72,"column":20},"end":{"line":75,"column":1}},"7":{"start":{"line":95,"column":14},"end":{"line":95,"column":24}},"8":{"start":{"line":96,"column":26},"end":{"line":96,"column":68}},"9":{"start":{"line":97,"column":28},"end":{"line":97,"column":68}},"10":{"start":{"line":98,"column":42},"end":{"line":98,"column":81}},"11":{"start":{"line":101,"column":23},"end":{"line":113,"column":14}},"12":{"start":{"line":102,"column":49},"end":{"line":102,"column":51}},"13":{"start":{"line":103,"column":4},"end":{"line":111,"column":7}},"14":{"start":{"line":104,"column":16},"end":{"line":104,"column":34}},"15":{"start":{"line":105,"column":18},"end":{"line":105,"column":30}},"16":{"start":{"line":106,"column":6},"end":{"line":106,"column":35}},"17":{"start":{"line":106,"column":21},"end":{"line":106,"column":35}},"18":{"start":{"line":107,"column":6},"end":{"line":110,"column":9}},"19":{"start":{"line":112,"column":4},"end":{"line":112,"column":15}},"20":{"start":{"line":116,"column":24},"end":{"line":127,"column":27}},"21":{"start":{"line":117,"column":4},"end":{"line":126,"column":7}},"22":{"start":{"line":118,"column":6},"end":{"line":123,"column":7}},"23":{"start":{"line":119,"column":8},"end":{"line":119,"column":30}},"24":{"start":{"line":119,"column":23},"end":{"line":119,"column":28}},"25":{"start":{"line":120,"column":25},"end":{"line":120,"column":27}},"26":{"start":{"line":121,"column":8},"end":{"line":121,"column":80}},"27":{"start":{"line":122,"column":8},"end":{"line":122,"column":24}},"28":{"start":{"line":124,"column":6},"end":{"line":124,"column":63}},"29":{"start":{"line":125,"column":6},"end":{"line":125,"column":19}},"30":{"start":{"line":129,"column":24},"end":{"line":140,"column":27}},"31":{"start":{"line":130,"column":4},"end":{"line":139,"column":7}},"32":{"start":{"line":131,"column":6},"end":{"line":136,"column":7}},"33":{"start":{"line":132,"column":8},"end":{"line":132,"column":30}},"34":{"start":{"line":132,"column":23},"end":{"line":132,"column":28}},"35":{"start":{"line":133,"column":25},"end":{"line":133,"column":26}},"36":{"start":{"line":134,"column":8},"end":{"line":134,"column":80}},"37":{"start":{"line":135,"column":8},"end":{"line":135,"column":24}},"38":{"start":{"line":137,"column":6},"end":{"line":137,"column":67}},"39":{"start":{"line":138,"column":6},"end":{"line":138,"column":19}},"40":{"start":{"line":143,"column":22},"end":{"line":143,"column":49}},"41":{"start":{"line":144,"column":19},"end":{"line":144,"column":49}},"42":{"start":{"line":145,"column":19},"end":{"line":145,"column":33}},"43":{"start":{"line":147,"column":42},"end":{"line":152,"column":29}},"44":{"start":{"line":148,"column":36},"end":{"line":148,"column":38}},"45":{"start":{"line":149,"column":4},"end":{"line":149,"column":55}},"46":{"start":{"line":149,"column":17},"end":{"line":149,"column":18}},"47":{"start":{"line":149,"column":39},"end":{"line":149,"column":55}},"48":{"start":{"line":150,"column":4},"end":{"line":150,"column":56}},"49":{"start":{"line":150,"column":17},"end":{"line":150,"column":18}},"50":{"start":{"line":150,"column":43},"end":{"line":150,"column":56}},"51":{"start":{"line":151,"column":4},"end":{"line":151,"column":16}},"52":{"start":{"line":155,"column":25},"end":{"line":155,"column":77}},"53":{"start":{"line":157,"column":2},"end":{"line":163,"column":3}},"54":{"start":{"line":158,"column":4},"end":{"line":162,"column":6}},"55":{"start":{"line":165,"column":2},"end":{"line":263,"column":4}},"56":{"start":{"line":183,"column":10},"end":{"line":185,"column":17}},"57":{"start":{"line":192,"column":10},"end":{"line":194,"column":11}},"58":{"start":{"line":193,"column":12},"end":{"line":193,"column":88}},"59":{"start":{"line":195,"column":26},"end":{"line":195,"column":105}},"60":{"start":{"line":196,"column":28},"end":{"line":196,"column":51}},"61":{"start":{"line":197,"column":26},"end":{"line":197,"column":46}},"62":{"start":{"line":198,"column":29},"end":{"line":198,"column":53}},"63":{"start":{"line":200,"column":10},"end":{"line":231,"column":12}},"64":{"start":{"line":208,"column":29},"end":{"line":208,"column":53}},"65":{"start":{"line":222,"column":20},"end":{"line":226,"column":22}},"66":{"start":{"line":245,"column":14},"end":{"line":257,"column":26}},"67":{"start":{"line":248,"column":31},"end":{"line":248,"column":49}}},"fnMap":{"0":{"name":"toDateKey","decl":{"start":{"line":56,"column":9},"end":{"line":56,"column":18}},"loc":{"start":{"line":56,"column":36},"end":{"line":58,"column":1}},"line":56},"1":{"name":"parseDate","decl":{"start":{"line":60,"column":9},"end":{"line":60,"column":18}},"loc":{"start":{"line":60,"column":43},"end":{"line":62,"column":1}},"line":60},"2":{"name":"getDaysInMonth","decl":{"start":{"line":64,"column":9},"end":{"line":64,"column":23}},"loc":{"start":{"line":64,"column":61},"end":{"line":66,"column":1}},"line":64},"3":{"name":"getFirstDayOfWeek","decl":{"start":{"line":68,"column":9},"end":{"line":68,"column":26}},"loc":{"start":{"line":68,"column":64},"end":{"line":70,"column":1}},"line":68},"4":{"name":"CalendarViewRenderer","decl":{"start":{"line":87,"column":16},"end":{"line":87,"column":36}},"loc":{"start":{"line":94,"column":30},"end":{"line":264,"column":1}},"line":94},"5":{"name":"(anonymous_5)","decl":{"start":{"line":101,"column":31},"end":{"line":101,"column":32}},"loc":{"start":{"line":101,"column":37},"end":{"line":113,"column":3}},"line":101},"6":{"name":"(anonymous_6)","decl":{"start":{"line":103,"column":19},"end":{"line":103,"column":20}},"loc":{"start":{"line":103,"column":32},"end":{"line":111,"column":5}},"line":103},"7":{"name":"(anonymous_7)","decl":{"start":{"line":116,"column":36},"end":{"line":116,"column":37}},"loc":{"start":{"line":116,"column":42},"end":{"line":127,"column":3}},"line":116},"8":{"name":"(anonymous_8)","decl":{"start":{"line":117,"column":13},"end":{"line":117,"column":14}},"loc":{"start":{"line":117,"column":20},"end":{"line":126,"column":5}},"line":117},"9":{"name":"(anonymous_9)","decl":{"start":{"line":119,"column":16},"end":{"line":119,"column":17}},"loc":{"start":{"line":119,"column":23},"end":{"line":119,"column":28}},"line":119},"10":{"name":"(anonymous_10)","decl":{"start":{"line":129,"column":36},"end":{"line":129,"column":37}},"loc":{"start":{"line":129,"column":42},"end":{"line":140,"column":3}},"line":129},"11":{"name":"(anonymous_11)","decl":{"start":{"line":130,"column":13},"end":{"line":130,"column":14}},"loc":{"start":{"line":130,"column":20},"end":{"line":139,"column":5}},"line":130},"12":{"name":"(anonymous_12)","decl":{"start":{"line":132,"column":16},"end":{"line":132,"column":17}},"loc":{"start":{"line":132,"column":23},"end":{"line":132,"column":28}},"line":132},"13":{"name":"(anonymous_13)","decl":{"start":{"line":147,"column":50},"end":{"line":147,"column":51}},"loc":{"start":{"line":147,"column":56},"end":{"line":152,"column":3}},"line":147},"14":{"name":"(anonymous_14)","decl":{"start":{"line":182,"column":22},"end":{"line":182,"column":23}},"loc":{"start":{"line":183,"column":10},"end":{"line":185,"column":17}},"line":183},"15":{"name":"(anonymous_15)","decl":{"start":{"line":191,"column":26},"end":{"line":191,"column":27}},"loc":{"start":{"line":191,"column":40},"end":{"line":232,"column":9}},"line":191},"16":{"name":"(anonymous_16)","decl":{"start":{"line":208,"column":23},"end":{"line":208,"column":24}},"loc":{"start":{"line":208,"column":29},"end":{"line":208,"column":53}},"line":208},"17":{"name":"(anonymous_17)","decl":{"start":{"line":221,"column":65},"end":{"line":221,"column":66}},"loc":{"start":{"line":222,"column":20},"end":{"line":226,"column":22}},"line":222},"18":{"name":"(anonymous_18)","decl":{"start":{"line":244,"column":31},"end":{"line":244,"column":32}},"loc":{"start":{"line":245,"column":14},"end":{"line":257,"column":26}},"line":245},"19":{"name":"(anonymous_19)","decl":{"start":{"line":248,"column":25},"end":{"line":248,"column":26}},"loc":{"start":{"line":248,"column":31},"end":{"line":248,"column":49}},"line":248}},"branchMap":{"0":{"loc":{"start":{"line":61,"column":9},"end":{"line":61,"column":44}},"type":"cond-expr","locations":[{"start":{"line":61,"column":29},"end":{"line":61,"column":30}},{"start":{"line":61,"column":33},"end":{"line":61,"column":44}}],"line":61},"1":{"loc":{"start":{"line":89,"column":2},"end":{"line":89,"column":19}},"type":"default-arg","locations":[{"start":{"line":89,"column":14},"end":{"line":89,"column":19}}],"line":89},"2":{"loc":{"start":{"line":96,"column":35},"end":{"line":96,"column":67}},"type":"binary-expr","locations":[{"start":{"line":96,"column":35},"end":{"line":96,"column":46}},{"start":{"line":96,"column":50},"end":{"line":96,"column":67}}],"line":96},"3":{"loc":{"start":{"line":97,"column":37},"end":{"line":97,"column":67}},"type":"binary-expr","locations":[{"start":{"line":97,"column":37},"end":{"line":97,"column":49}},{"start":{"line":97,"column":53},"end":{"line":97,"column":67}}],"line":97},"4":{"loc":{"start":{"line":106,"column":6},"end":{"line":106,"column":35}},"type":"if","locations":[{"start":{"line":106,"column":6},"end":{"line":106,"column":35}},{"start":{},"end":{}}],"line":106},"5":{"loc":{"start":{"line":109,"column":15},"end":{"line":109,"column":82}},"type":"binary-expr","locations":[{"start":{"line":109,"column":15},"end":{"line":109,"column":23}},{"start":{"line":109,"column":27},"end":{"line":109,"column":82}}],"line":109},"6":{"loc":{"start":{"line":118,"column":6},"end":{"line":123,"column":7}},"type":"if","locations":[{"start":{"line":118,"column":6},"end":{"line":123,"column":7}},{"start":{},"end":{}}],"line":118},"7":{"loc":{"start":{"line":131,"column":6},"end":{"line":136,"column":7}},"type":"if","locations":[{"start":{"line":131,"column":6},"end":{"line":136,"column":7}},{"start":{},"end":{}}],"line":131},"8":{"loc":{"start":{"line":155,"column":25},"end":{"line":155,"column":77}},"type":"cond-expr","locations":[{"start":{"line":155,"column":40},"end":{"line":155,"column":72}},{"start":{"line":155,"column":75},"end":{"line":155,"column":77}}],"line":155},"9":{"loc":{"start":{"line":155,"column":40},"end":{"line":155,"column":72}},"type":"binary-expr","locations":[{"start":{"line":155,"column":40},"end":{"line":155,"column":66}},{"start":{"line":155,"column":70},"end":{"line":155,"column":72}}],"line":155},"10":{"loc":{"start":{"line":157,"column":2},"end":{"line":163,"column":3}},"type":"if","locations":[{"start":{"line":157,"column":2},"end":{"line":163,"column":3}},{"start":{},"end":{}}],"line":157},"11":{"loc":{"start":{"line":192,"column":10},"end":{"line":194,"column":11}},"type":"if","locations":[{"start":{"line":192,"column":10},"end":{"line":194,"column":11}},{"start":{},"end":{}}],"line":192},"12":{"loc":{"start":{"line":205,"column":16},"end":{"line":205,"column":45}},"type":"binary-expr","locations":[{"start":{"line":205,"column":16},"end":{"line":205,"column":26}},{"start":{"line":205,"column":30},"end":{"line":205,"column":45}}],"line":205},"13":{"loc":{"start":{"line":206,"column":16},"end":{"line":206,"column":55}},"type":"binary-expr","locations":[{"start":{"line":206,"column":16},"end":{"line":206,"column":23}},{"start":{"line":206,"column":27},"end":{"line":206,"column":38}},{"start":{"line":206,"column":42},"end":{"line":206,"column":55}}],"line":206},"14":{"loc":{"start":{"line":213,"column":18},"end":{"line":213,"column":75}},"type":"cond-expr","locations":[{"start":{"line":213,"column":31},"end":{"line":213,"column":55}},{"start":{"line":213,"column":58},"end":{"line":213,"column":75}}],"line":213},"15":{"loc":{"start":{"line":214,"column":18},"end":{"line":214,"column":72}},"type":"binary-expr","locations":[{"start":{"line":214,"column":18},"end":{"line":214,"column":25}},{"start":{"line":214,"column":29},"end":{"line":214,"column":40}},{"start":{"line":214,"column":44},"end":{"line":214,"column":72}}],"line":214},"16":{"loc":{"start":{"line":219,"column":15},"end":{"line":229,"column":15}},"type":"binary-expr","locations":[{"start":{"line":219,"column":15},"end":{"line":219,"column":24}},{"start":{"line":220,"column":16},"end":{"line":228,"column":23}}],"line":219},"17":{"loc":{"start":{"line":221,"column":20},"end":{"line":221,"column":47}},"type":"binary-expr","locations":[{"start":{"line":221,"column":20},"end":{"line":221,"column":41}},{"start":{"line":221,"column":45},"end":{"line":221,"column":47}}],"line":221},"18":{"loc":{"start":{"line":225,"column":48},"end":{"line":225,"column":69}},"type":"binary-expr","locations":[{"start":{"line":225,"column":48},"end":{"line":225,"column":56}},{"start":{"line":225,"column":60},"end":{"line":225,"column":69}}],"line":225},"19":{"loc":{"start":{"line":236,"column":7},"end":{"line":261,"column":7}},"type":"binary-expr","locations":[{"start":{"line":236,"column":7},"end":{"line":236,"column":19}},{"start":{"line":237,"column":8},"end":{"line":260,"column":15}}],"line":236},"20":{"loc":{"start":{"line":241,"column":11},"end":{"line":259,"column":11}},"type":"cond-expr","locations":[{"start":{"line":242,"column":12},"end":{"line":242,"column":76}},{"start":{"line":244,"column":12},"end":{"line":258,"column":14}}],"line":241},"21":{"loc":{"start":{"line":252,"column":44},"end":{"line":252,"column":65}},"type":"binary-expr","locations":[{"start":{"line":252,"column":44},"end":{"line":252,"column":52}},{"start":{"line":252,"column":56},"end":{"line":252,"column":65}}],"line":252}},"s":{"0":0,"1":0,"2":0,"3":0,"4":0,"5":0,"6":0,"7":0,"8":0,"9":0,"10":0,"11":0,"12":0,"13":0,"14":0,"15":0,"16":0,"17":0,"18":0,"19":0,"20":0,"21":0,"22":0,"23":0,"24":0,"25":0,"26":0,"27":0,"28":0,"29":0,"30":0,"31":0,"32":0,"33":0,"34":0,"35":0,"36":0,"37":0,"38":0,"39":0,"40":0,"41":0,"42":0,"43":0,"44":0,"45":0,"46":0,"47":0,"48":0,"49":0,"50":0,"51":0,"52":0,"53":0,"54":0,"55":0,"56":0,"57":0,"58":0,"59":0,"60":0,"61":0,"62":0,"63":0,"64":0,"65":0,"66":0,"67":0},"f":{"0":0,"1":0,"2":0,"3":0,"4":0,"5":0,"6":0,"7":0,"8":0,"9":0,"10":0,"11":0,"12":0,"13":0,"14":0,"15":0,"16":0,"17":0,"18":0,"19":0},"b":{"0":[0,0],"1":[0],"2":[0,0],"3":[0,0],"4":[0,0],"5":[0,0],"6":[0,0],"7":[0,0],"8":[0,0],"9":[0,0],"10":[0,0],"11":[0,0],"12":[0,0],"13":[0,0,0],"14":[0,0],"15":[0,0,0],"16":[0,0],"17":[0,0],"18":[0,0],"19":[0,0],"20":[0,0],"21":[0,0]}}
,"/home/runner/work/mobile/mobile/components/renderers/ChartViewRenderer.tsx": {"path":"/home/runner/work/mobile/mobile/components/renderers/ChartViewRenderer.tsx","statementMap":{"0":{"start":{"line":33,"column":2},"end":{"line":42,"column":3}},"1":{"start":{"line":35,"column":6},"end":{"line":35,"column":54}},"2":{"start":{"line":37,"column":6},"end":{"line":37,"column":52}},"3":{"start":{"line":39,"column":6},"end":{"line":39,"column":52}},"4":{"start":{"line":41,"column":6},"end":{"line":41,"column":53}},"5":{"start":{"line":49,"column":21},"end":{"line":52,"column":1}},"6":{"start":{"line":55,"column":19},"end":{"line":58,"column":3}},"7":{"start":{"line":56,"column":10},"end":{"line":56,"column":50}},"8":{"start":{"line":56,"column":38},"end":{"line":56,"column":45}},"9":{"start":{"line":60,"column":2},"end":{"line":81,"column":4}},"10":{"start":{"line":63,"column":26},"end":{"line":63,"column":79}},"11":{"start":{"line":64,"column":22},"end":{"line":64,"column":61}},"12":{"start":{"line":65,"column":8},"end":{"line":78,"column":10}},"13":{"start":{"line":89,"column":19},"end":{"line":92,"column":3}},"14":{"start":{"line":90,"column":10},"end":{"line":90,"column":50}},"15":{"start":{"line":90,"column":38},"end":{"line":90,"column":45}},"16":{"start":{"line":94,"column":2},"end":{"line":127,"column":4}},"17":{"start":{"line":99,"column":28},"end":{"line":99,"column":81}},"18":{"start":{"line":100,"column":10},"end":{"line":111,"column":12}},"19":{"start":{"line":117,"column":10},"end":{"line":123,"column":17}},"20":{"start":{"line":135,"column":16},"end":{"line":138,"column":3}},"21":{"start":{"line":136,"column":10},"end":{"line":136,"column":56}},"22":{"start":{"line":136,"column":34},"end":{"line":136,"column":47}},"23":{"start":{"line":140,"column":2},"end":{"line":160,"column":4}},"24":{"start":{"line":143,"column":20},"end":{"line":143,"column":60}},"25":{"start":{"line":144,"column":22},"end":{"line":144,"column":61}},"26":{"start":{"line":145,"column":8},"end":{"line":157,"column":10}},"27":{"start":{"line":168,"column":19},"end":{"line":171,"column":3}},"28":{"start":{"line":169,"column":10},"end":{"line":169,"column":50}},"29":{"start":{"line":169,"column":38},"end":{"line":169,"column":45}},"30":{"start":{"line":173,"column":22},"end":{"line":173,"column":25}},"31":{"start":{"line":175,"column":2},"end":{"line":194,"column":4}},"32":{"start":{"line":178,"column":22},"end":{"line":178,"column":74}},"33":{"start":{"line":179,"column":22},"end":{"line":179,"column":61}},"34":{"start":{"line":180,"column":8},"end":{"line":191,"column":10}},"35":{"start":{"line":202,"column":2},"end":{"line":209,"column":3}},"36":{"start":{"line":203,"column":4},"end":{"line":208,"column":6}},"37":{"start":{"line":211,"column":2},"end":{"line":222,"column":3}},"38":{"start":{"line":213,"column":6},"end":{"line":213,"column":58}},"39":{"start":{"line":215,"column":6},"end":{"line":215,"column":59}},"40":{"start":{"line":217,"column":6},"end":{"line":217,"column":42}},"41":{"start":{"line":219,"column":6},"end":{"line":219,"column":61}},"42":{"start":{"line":221,"column":6},"end":{"line":221,"column":58}},"43":{"start":{"line":243,"column":2},"end":{"line":249,"column":3}},"44":{"start":{"line":244,"column":4},"end":{"line":248,"column":6}},"45":{"start":{"line":251,"column":2},"end":{"line":257,"column":3}},"46":{"start":{"line":252,"column":4},"end":{"line":256,"column":6}},"47":{"start":{"line":259,"column":2},"end":{"line":275,"column":4}}},"fnMap":{"0":{"name":"ChartIcon","decl":{"start":{"line":32,"column":9},"end":{"line":32,"column":18}},"loc":{"start":{"line":32,"column":50},"end":{"line":43,"column":1}},"line":32},"1":{"name":"BarChartView","decl":{"start":{"line":54,"column":9},"end":{"line":54,"column":21}},"loc":{"start":{"line":54,"column":88},"end":{"line":82,"column":1}},"line":54},"2":{"name":"(anonymous_2)","decl":{"start":{"line":56,"column":4},"end":{"line":56,"column":5}},"loc":{"start":{"line":56,"column":10},"end":{"line":56,"column":50}},"line":56},"3":{"name":"(anonymous_3)","decl":{"start":{"line":56,"column":31},"end":{"line":56,"column":32}},"loc":{"start":{"line":56,"column":38},"end":{"line":56,"column":45}},"line":56},"4":{"name":"(anonymous_4)","decl":{"start":{"line":62,"column":16},"end":{"line":62,"column":17}},"loc":{"start":{"line":62,"column":32},"end":{"line":79,"column":7}},"line":62},"5":{"name":"LineChartView","decl":{"start":{"line":88,"column":9},"end":{"line":88,"column":22}},"loc":{"start":{"line":88,"column":89},"end":{"line":128,"column":1}},"line":88},"6":{"name":"(anonymous_6)","decl":{"start":{"line":90,"column":4},"end":{"line":90,"column":5}},"loc":{"start":{"line":90,"column":10},"end":{"line":90,"column":50}},"line":90},"7":{"name":"(anonymous_7)","decl":{"start":{"line":90,"column":31},"end":{"line":90,"column":32}},"loc":{"start":{"line":90,"column":38},"end":{"line":90,"column":45}},"line":90},"8":{"name":"(anonymous_8)","decl":{"start":{"line":98,"column":18},"end":{"line":98,"column":19}},"loc":{"start":{"line":98,"column":34},"end":{"line":112,"column":9}},"line":98},"9":{"name":"(anonymous_9)","decl":{"start":{"line":116,"column":18},"end":{"line":116,"column":19}},"loc":{"start":{"line":117,"column":10},"end":{"line":123,"column":17}},"line":117},"10":{"name":"PieChartView","decl":{"start":{"line":134,"column":9},"end":{"line":134,"column":21}},"loc":{"start":{"line":134,"column":64},"end":{"line":161,"column":1}},"line":134},"11":{"name":"(anonymous_11)","decl":{"start":{"line":136,"column":4},"end":{"line":136,"column":5}},"loc":{"start":{"line":136,"column":10},"end":{"line":136,"column":56}},"line":136},"12":{"name":"(anonymous_12)","decl":{"start":{"line":136,"column":22},"end":{"line":136,"column":23}},"loc":{"start":{"line":136,"column":34},"end":{"line":136,"column":47}},"line":136},"13":{"name":"(anonymous_13)","decl":{"start":{"line":142,"column":16},"end":{"line":142,"column":17}},"loc":{"start":{"line":142,"column":32},"end":{"line":158,"column":7}},"line":142},"14":{"name":"FunnelChartView","decl":{"start":{"line":167,"column":9},"end":{"line":167,"column":24}},"loc":{"start":{"line":167,"column":91},"end":{"line":195,"column":1}},"line":167},"15":{"name":"(anonymous_15)","decl":{"start":{"line":169,"column":4},"end":{"line":169,"column":5}},"loc":{"start":{"line":169,"column":10},"end":{"line":169,"column":50}},"line":169},"16":{"name":"(anonymous_16)","decl":{"start":{"line":169,"column":31},"end":{"line":169,"column":32}},"loc":{"start":{"line":169,"column":38},"end":{"line":169,"column":45}},"line":169},"17":{"name":"(anonymous_17)","decl":{"start":{"line":177,"column":16},"end":{"line":177,"column":17}},"loc":{"start":{"line":177,"column":32},"end":{"line":192,"column":7}},"line":177},"18":{"name":"renderChart","decl":{"start":{"line":201,"column":9},"end":{"line":201,"column":20}},"loc":{"start":{"line":201,"column":82},"end":{"line":223,"column":1}},"line":201},"19":{"name":"ChartViewRenderer","decl":{"start":{"line":235,"column":16},"end":{"line":235,"column":33}},"loc":{"start":{"line":242,"column":27},"end":{"line":276,"column":1}},"line":242}},"branchMap":{"0":{"loc":{"start":{"line":33,"column":2},"end":{"line":42,"column":3}},"type":"switch","locations":[{"start":{"line":34,"column":4},"end":{"line":35,"column":54}},{"start":{"line":36,"column":4},"end":{"line":37,"column":52}},{"start":{"line":38,"column":4},"end":{"line":39,"column":52}},{"start":{"line":40,"column":4},"end":{"line":41,"column":53}}],"line":33},"1":{"loc":{"start":{"line":66,"column":21},"end":{"line":66,"column":39}},"type":"binary-expr","locations":[{"start":{"line":66,"column":21},"end":{"line":66,"column":32}},{"start":{"line":66,"column":36},"end":{"line":66,"column":39}}],"line":66},"2":{"loc":{"start":{"line":101,"column":23},"end":{"line":101,"column":41}},"type":"binary-expr","locations":[{"start":{"line":101,"column":23},"end":{"line":101,"column":34}},{"start":{"line":101,"column":38},"end":{"line":101,"column":41}}],"line":101},"3":{"loc":{"start":{"line":118,"column":17},"end":{"line":118,"column":35}},"type":"binary-expr","locations":[{"start":{"line":118,"column":17},"end":{"line":118,"column":28}},{"start":{"line":118,"column":32},"end":{"line":118,"column":35}}],"line":118},"4":{"loc":{"start":{"line":136,"column":10},"end":{"line":136,"column":56}},"type":"binary-expr","locations":[{"start":{"line":136,"column":10},"end":{"line":136,"column":51}},{"start":{"line":136,"column":55},"end":{"line":136,"column":56}}],"line":136},"5":{"loc":{"start":{"line":146,"column":21},"end":{"line":146,"column":39}},"type":"binary-expr","locations":[{"start":{"line":146,"column":21},"end":{"line":146,"column":32}},{"start":{"line":146,"column":36},"end":{"line":146,"column":39}}],"line":146},"6":{"loc":{"start":{"line":181,"column":21},"end":{"line":181,"column":39}},"type":"binary-expr","locations":[{"start":{"line":181,"column":21},"end":{"line":181,"column":32}},{"start":{"line":181,"column":36},"end":{"line":181,"column":39}}],"line":181},"7":{"loc":{"start":{"line":202,"column":2},"end":{"line":209,"column":3}},"type":"if","locations":[{"start":{"line":202,"column":2},"end":{"line":209,"column":3}},{"start":{},"end":{}}],"line":202},"8":{"loc":{"start":{"line":211,"column":2},"end":{"line":222,"column":3}},"type":"switch","locations":[{"start":{"line":212,"column":4},"end":{"line":213,"column":58}},{"start":{"line":214,"column":4},"end":{"line":215,"column":59}},{"start":{"line":216,"column":4},"end":{"line":217,"column":42}},{"start":{"line":218,"column":4},"end":{"line":219,"column":61}},{"start":{"line":220,"column":4},"end":{"line":221,"column":58}}],"line":211},"9":{"loc":{"start":{"line":237,"column":2},"end":{"line":237,"column":19}},"type":"default-arg","locations":[{"start":{"line":237,"column":14},"end":{"line":237,"column":19}}],"line":237},"10":{"loc":{"start":{"line":239,"column":2},"end":{"line":239,"column":19}},"type":"default-arg","locations":[{"start":{"line":239,"column":14},"end":{"line":239,"column":19}}],"line":239},"11":{"loc":{"start":{"line":241,"column":2},"end":{"line":241,"column":19}},"type":"default-arg","locations":[{"start":{"line":241,"column":16},"end":{"line":241,"column":19}}],"line":241},"12":{"loc":{"start":{"line":243,"column":2},"end":{"line":249,"column":3}},"type":"if","locations":[{"start":{"line":243,"column":2},"end":{"line":249,"column":3}},{"start":{},"end":{}}],"line":243},"13":{"loc":{"start":{"line":251,"column":2},"end":{"line":257,"column":3}},"type":"if","locations":[{"start":{"line":251,"column":2},"end":{"line":257,"column":3}},{"start":{},"end":{}}],"line":251},"14":{"loc":{"start":{"line":264,"column":13},"end":{"line":264,"column":29}},"type":"binary-expr","locations":[{"start":{"line":264,"column":13},"end":{"line":264,"column":18}},{"start":{"line":264,"column":22},"end":{"line":264,"column":29}}],"line":264}},"s":{"0":0,"1":0,"2":0,"3":0,"4":0,"5":0,"6":0,"7":0,"8":0,"9":0,"10":0,"11":0,"12":0,"13":0,"14":0,"15":0,"16":0,"17":0,"18":0,"19":0,"20":0,"21":0,"22":0,"23":0,"24":0,"25":0,"26":0,"27":0,"28":0,"29":0,"30":0,"31":0,"32":0,"33":0,"34":0,"35":0,"36":0,"37":0,"38":0,"39":0,"40":0,"41":0,"42":0,"43":0,"44":0,"45":0,"46":0,"47":0},"f":{"0":0,"1":0,"2":0,"3":0,"4":0,"5":0,"6":0,"7":0,"8":0,"9":0,"10":0,"11":0,"12":0,"13":0,"14":0,"15":0,"16":0,"17":0,"18":0,"19":0},"b":{"0":[0,0,0,0],"1":[0,0],"2":[0,0],"3":[0,0],"4":[0,0],"5":[0,0],"6":[0,0],"7":[0,0],"8":[0,0,0,0,0],"9":[0],"10":[0],"11":[0],"12":[0,0],"13":[0,0],"14":[0,0]}}
,"/home/runner/work/mobile/mobile/components/renderers/DashboardViewRenderer.tsx": {"path":"/home/runner/work/mobile/mobile/components/renderers/DashboardViewRenderer.tsx","statementMap":{"0":{"start":{"line":50,"column":16},"end":{"line":50,"column":34}},"1":{"start":{"line":51,"column":16},"end":{"line":51,"column":27}},"2":{"start":{"line":52,"column":21},"end":{"line":52,"column":43}},"3":{"start":{"line":54,"column":2},"end":{"line":98,"column":4}},"4":{"start":{"line":108,"column":2},"end":{"line":125,"column":4}},"5":{"start":{"line":135,"column":18},"end":{"line":135,"column":37}},"6":{"start":{"line":137,"column":2},"end":{"line":182,"column":4}},"7":{"start":{"line":156,"column":16},"end":{"line":159,"column":33}},"8":{"start":{"line":160,"column":33},"end":{"line":160,"column":50}},"9":{"start":{"line":161,"column":26},"end":{"line":161,"column":61}},"10":{"start":{"line":162,"column":14},"end":{"line":176,"column":16}},"11":{"start":{"line":192,"column":20},"end":{"line":192,"column":76}},"12":{"start":{"line":194,"column":2},"end":{"line":249,"column":4}},"13":{"start":{"line":211,"column":29},"end":{"line":214,"column":15}},"14":{"start":{"line":212,"column":46},"end":{"line":212,"column":66}},"15":{"start":{"line":215,"column":26},"end":{"line":215,"column":82}},"16":{"start":{"line":216,"column":14},"end":{"line":231,"column":16}},"17":{"start":{"line":260,"column":15},"end":{"line":260,"column":38}},"18":{"start":{"line":262,"column":2},"end":{"line":277,"column":3}},"19":{"start":{"line":265,"column":6},"end":{"line":265,"column":58}},"20":{"start":{"line":268,"column":6},"end":{"line":268,"column":56}},"21":{"start":{"line":272,"column":6},"end":{"line":272,"column":56}},"22":{"start":{"line":276,"column":6},"end":{"line":276,"column":57}},"23":{"start":{"line":285,"column":24},"end":{"line":285,"column":27}},"24":{"start":{"line":287,"column":17},"end":{"line":287,"column":19}},"25":{"start":{"line":295,"column":33},"end":{"line":295,"column":54}},"26":{"start":{"line":296,"column":21},"end":{"line":296,"column":59}},"27":{"start":{"line":298,"column":2},"end":{"line":304,"column":3}},"28":{"start":{"line":299,"column":4},"end":{"line":303,"column":6}},"29":{"start":{"line":306,"column":2},"end":{"line":316,"column":3}},"30":{"start":{"line":307,"column":4},"end":{"line":315,"column":6}},"31":{"start":{"line":319,"column":25},"end":{"line":319,"column":27}},"32":{"start":{"line":320,"column":25},"end":{"line":320,"column":57}},"33":{"start":{"line":322,"column":4},"end":{"line":324,"column":48}},"34":{"start":{"line":327,"column":40},"end":{"line":327,"column":42}},"35":{"start":{"line":328,"column":42},"end":{"line":328,"column":44}},"36":{"start":{"line":329,"column":20},"end":{"line":329,"column":21}},"37":{"start":{"line":331,"column":2},"end":{"line":342,"column":3}},"38":{"start":{"line":333,"column":17},"end":{"line":333,"column":55}},"39":{"start":{"line":335,"column":4},"end":{"line":339,"column":5}},"40":{"start":{"line":336,"column":6},"end":{"line":336,"column":28}},"41":{"start":{"line":337,"column":6},"end":{"line":337,"column":22}},"42":{"start":{"line":338,"column":6},"end":{"line":338,"column":22}},"43":{"start":{"line":340,"column":4},"end":{"line":340,"column":28}},"44":{"start":{"line":341,"column":4},"end":{"line":341,"column":24}},"45":{"start":{"line":343,"column":2},"end":{"line":343,"column":51}},"46":{"start":{"line":343,"column":29},"end":{"line":343,"column":51}},"47":{"start":{"line":345,"column":2},"end":{"line":393,"column":4}},"48":{"start":{"line":369,"column":8},"end":{"line":390,"column":15}},"49":{"start":{"line":378,"column":25},"end":{"line":378,"column":63}},"50":{"start":{"line":380,"column":14},"end":{"line":382,"column":60}},"51":{"start":{"line":384,"column":12},"end":{"line":388,"column":14}}},"fnMap":{"0":{"name":"MetricWidget","decl":{"start":{"line":43,"column":9},"end":{"line":43,"column":21}},"loc":{"start":{"line":49,"column":3},"end":{"line":99,"column":1}},"line":49},"1":{"name":"CardWidget","decl":{"start":{"line":101,"column":9},"end":{"line":101,"column":19}},"loc":{"start":{"line":107,"column":3},"end":{"line":126,"column":1}},"line":107},"2":{"name":"ListWidget","decl":{"start":{"line":128,"column":9},"end":{"line":128,"column":19}},"loc":{"start":{"line":134,"column":3},"end":{"line":183,"column":1}},"line":134},"3":{"name":"(anonymous_3)","decl":{"start":{"line":154,"column":37},"end":{"line":154,"column":38}},"loc":{"start":{"line":154,"column":51},"end":{"line":177,"column":13}},"line":154},"4":{"name":"ChartWidget","decl":{"start":{"line":185,"column":9},"end":{"line":185,"column":20}},"loc":{"start":{"line":191,"column":3},"end":{"line":250,"column":1}},"line":191},"5":{"name":"(anonymous_5)","decl":{"start":{"line":210,"column":44},"end":{"line":210,"column":45}},"loc":{"start":{"line":210,"column":60},"end":{"line":232,"column":13}},"line":210},"6":{"name":"(anonymous_6)","decl":{"start":{"line":212,"column":39},"end":{"line":212,"column":40}},"loc":{"start":{"line":212,"column":46},"end":{"line":212,"column":66}},"line":212},"7":{"name":"renderWidget","decl":{"start":{"line":256,"column":9},"end":{"line":256,"column":21}},"loc":{"start":{"line":259,"column":2},"end":{"line":278,"column":1}},"line":259},"8":{"name":"DashboardViewRenderer","decl":{"start":{"line":289,"column":16},"end":{"line":289,"column":37}},"loc":{"start":{"line":294,"column":31},"end":{"line":394,"column":1}},"line":294},"9":{"name":"(anonymous_9)","decl":{"start":{"line":368,"column":16},"end":{"line":368,"column":17}},"loc":{"start":{"line":369,"column":8},"end":{"line":390,"column":15}},"line":369},"10":{"name":"(anonymous_10)","decl":{"start":{"line":377,"column":19},"end":{"line":377,"column":20}},"loc":{"start":{"line":377,"column":31},"end":{"line":389,"column":11}},"line":377}},"branchMap":{"0":{"loc":{"start":{"line":50,"column":16},"end":{"line":50,"column":34}},"type":"binary-expr","locations":[{"start":{"line":50,"column":16},"end":{"line":50,"column":27}},{"start":{"line":50,"column":31},"end":{"line":50,"column":34}}],"line":50},"1":{"loc":{"start":{"line":58,"column":11},"end":{"line":58,"column":38}},"type":"binary-expr","locations":[{"start":{"line":58,"column":11},"end":{"line":58,"column":23}},{"start":{"line":58,"column":27},"end":{"line":58,"column":38}}],"line":58},"2":{"loc":{"start":{"line":65,"column":9},"end":{"line":95,"column":9}},"type":"cond-expr","locations":[{"start":{"line":66,"column":10},"end":{"line":66,"column":44}},{"start":{"line":68,"column":10},"end":{"line":94,"column":13}}],"line":65},"3":{"loc":{"start":{"line":72,"column":13},"end":{"line":93,"column":13}},"type":"binary-expr","locations":[{"start":{"line":72,"column":13},"end":{"line":72,"column":18}},{"start":{"line":73,"column":14},"end":{"line":92,"column":21}}],"line":72},"4":{"loc":{"start":{"line":76,"column":20},"end":{"line":76,"column":62}},"type":"cond-expr","locations":[{"start":{"line":76,"column":33},"end":{"line":76,"column":48}},{"start":{"line":76,"column":51},"end":{"line":76,"column":62}}],"line":76},"5":{"loc":{"start":{"line":79,"column":19},"end":{"line":83,"column":19}},"type":"cond-expr","locations":[{"start":{"line":80,"column":20},"end":{"line":80,"column":60}},{"start":{"line":82,"column":20},"end":{"line":82,"column":62}}],"line":79},"6":{"loc":{"start":{"line":86,"column":22},"end":{"line":86,"column":70}},"type":"cond-expr","locations":[{"start":{"line":86,"column":35},"end":{"line":86,"column":53}},{"start":{"line":86,"column":56},"end":{"line":86,"column":70}}],"line":86},"7":{"loc":{"start":{"line":112,"column":11},"end":{"line":112,"column":38}},"type":"binary-expr","locations":[{"start":{"line":112,"column":11},"end":{"line":112,"column":23}},{"start":{"line":112,"column":27},"end":{"line":112,"column":38}}],"line":112},"8":{"loc":{"start":{"line":116,"column":9},"end":{"line":122,"column":9}},"type":"cond-expr","locations":[{"start":{"line":117,"column":10},"end":{"line":117,"column":44}},{"start":{"line":119,"column":10},"end":{"line":121,"column":17}}],"line":116},"9":{"loc":{"start":{"line":120,"column":13},"end":{"line":120,"column":74}},"type":"cond-expr","locations":[{"start":{"line":120,"column":35},"end":{"line":120,"column":53}},{"start":{"line":120,"column":56},"end":{"line":120,"column":74}}],"line":120},"10":{"loc":{"start":{"line":120,"column":56},"end":{"line":120,"column":74}},"type":"binary-expr","locations":[{"start":{"line":120,"column":56},"end":{"line":120,"column":67}},{"start":{"line":120,"column":71},"end":{"line":120,"column":74}}],"line":120},"11":{"loc":{"start":{"line":135,"column":18},"end":{"line":135,"column":37}},"type":"binary-expr","locations":[{"start":{"line":135,"column":18},"end":{"line":135,"column":31}},{"start":{"line":135,"column":35},"end":{"line":135,"column":37}}],"line":135},"12":{"loc":{"start":{"line":141,"column":11},"end":{"line":141,"column":38}},"type":"binary-expr","locations":[{"start":{"line":141,"column":11},"end":{"line":141,"column":23}},{"start":{"line":141,"column":27},"end":{"line":141,"column":38}}],"line":141},"13":{"loc":{"start":{"line":148,"column":9},"end":{"line":179,"column":9}},"type":"cond-expr","locations":[{"start":{"line":149,"column":10},"end":{"line":149,"column":44}},{"start":{"line":150,"column":12},"end":{"line":179,"column":9}}],"line":1
[...]
"line":140,"column":9},"end":{"line":140,"column":45}},"type":"binary-expr","locations":[{"start":{"line":140,"column":9},"end":{"line":140,"column":24}},{"start":{"line":140,"column":28},"end":{"line":140,"column":45}}],"line":140},"2":{"loc":{"start":{"line":144,"column":9},"end":{"line":144,"column":46}},"type":"binary-expr","locations":[{"start":{"line":144,"column":9},"end":{"line":144,"column":24}},{"start":{"line":144,"column":28},"end":{"line":144,"column":46}}],"line":144},"3":{"loc":{"start":{"line":159,"column":35},"end":{"line":159,"column":45}},"type":"default-arg","locations":[{"start":{"line":159,"column":43},"end":{"line":159,"column":45}}],"line":159},"4":{"loc":{"start":{"line":159,"column":47},"end":{"line":159,"column":78}},"type":"default-arg","locations":[{"start":{"line":159,"column":74},"end":{"line":159,"column":78}}],"line":159},"5":{"loc":{"start":{"line":165,"column":2},"end":{"line":165,"column":33}},"type":"default-arg","locations":[{"start":{"line":165,"column":28},"end":{"line":165,"column":33}}],"line":165},"6":{"loc":{"start":{"line":166,"column":2},"end":{"line":166,"column":28}},"type":"default-arg","locations":[{"start":{"line":166,"column":26},"end":{"line":166,"column":28}}],"line":166},"7":{"loc":{"start":{"line":183,"column":2},"end":{"line":190,"column":3}},"type":"if","locations":[{"start":{"line":183,"column":2},"end":{"line":190,"column":3}},{"start":{},"end":{}}],"line":183},"8":{"loc":{"start":{"line":187,"column":4},"end":{"line":187,"column":43}},"type":"if","locations":[{"start":{"line":187,"column":4},"end":{"line":187,"column":43}},{"start":{},"end":{}}],"line":187},"9":{"loc":{"start":{"line":188,"column":4},"end":{"line":188,"column":50}},"type":"if","locations":[{"start":{"line":188,"column":4},"end":{"line":188,"column":50}},{"start":{},"end":{}}],"line":188},"10":{"loc":{"start":{"line":194,"column":2},"end":{"line":194,"column":26}},"type":"if","locations":[{"start":{"line":194,"column":2},"end":{"line":194,"column":26}},{"start":{},"end":{}}],"line":194},"11":{"loc":{"start":{"line":197,"column":2},"end":{"line":199,"column":3}},"type":"if","locations":[{"start":{"line":197,"column":2},"end":{"line":199,"column":3}},{"start":{},"end":{}}],"line":197},"12":{"loc":{"start":{"line":200,"column":2},"end":{"line":202,"column":3}},"type":"if","locations":[{"start":{"line":200,"column":2},"end":{"line":202,"column":3}},{"start":{},"end":{}}],"line":200},"13":{"loc":{"start":{"line":211,"column":9},"end":{"line":211,"column":23}},"type":"binary-expr","locations":[{"start":{"line":211,"column":9},"end":{"line":211,"column":15}},{"start":{"line":211,"column":19},"end":{"line":211,"column":23}}],"line":211},"14":{"loc":{"start":{"line":223,"column":9},"end":{"line":223,"column":63}},"type":"cond-expr","locations":[{"start":{"line":223,"column":37},"end":{"line":223,"column":51}},{"start":{"line":223,"column":54},"end":{"line":223,"column":63}}],"line":223}},"s":{"0":1,"1":4,"2":4,"3":1,"4":1,"5":0,"6":1,"7":0,"8":0,"9":0,"10":1,"11":13,"12":2,"13":1,"14":16,"15":10,"16":6,"17":11,"18":4,"19":4,"20":2,"21":2,"22":1,"23":1,"24":7,"25":7,"26":1,"27":6,"28":6,"29":1,"30":5,"31":1,"32":4,"33":1,"34":1,"35":2},"f":{"0":4,"1":13,"2":2,"3":16,"4":10,"5":6,"6":11,"7":1,"8":2},"b":{"0":[1,1,1,1,1,1,1,1,1,1,1,1,0,0,0,1,1,0,0,0,0,0,0,0,1],"1":[13,5],"2":[2,1],"3":[1],"4":[1],"5":[1],"6":[1],"7":[4,7],"8":[2,2],"9":[1,1],"10":[1,6],"11":[1,5],"12":[1,4],"13":[1,1],"14":[1,1]},"_coverageSchema":"1a1c01bbd47fc00a2c39e90264f33305004495a9","hash":"d794185edaf0aa50dcfa03bb3e534a8321f212e7"}
,"/home/runner/work/mobile/mobile/lib/session-manager.ts": {"path":"/home/runner/work/mobile/mobile/lib/session-manager.ts","statementMap":{"0":{"start":{"line":29,"column":2},"end":{"line":36,"column":3}},"1":{"start":{"line":31,"column":15},"end":{"line":31,"column":46}},"2":{"start":{"line":32,"column":4},"end":{"line":32,"column":25}},"3":{"start":{"line":32,"column":13},"end":{"line":32,"column":25}},"4":{"start":{"line":33,"column":4},"end":{"line":33,"column":57}},"5":{"start":{"line":35,"column":4},"end":{"line":35,"column":16}},"6":{"start":{"line":47,"column":2},"end":{"line":62,"column":3}},"7":{"start":{"line":49,"column":21},"end":{"line":49,"column":63}},"8":{"start":{"line":50,"column":4},"end":{"line":50,"column":35}},"9":{"start":{"line":50,"column":25},"end":{"line":50,"column":35}},"10":{"start":{"line":53,"column":4},"end":{"line":59,"column":8}},"11":{"start":{"line":53,"column":48},"end":{"line":59,"column":5}},"12":{"start":{"line":61,"column":4},"end":{"line":61,"column":14}},"13":{"start":{"line":69,"column":2},"end":{"line":69,"column":29}},"14":{"start":{"line":78,"column":2},"end":{"line":84,"column":3}},"15":{"start":{"line":80,"column":4},"end":{"line":80,"column":65}},"16":{"start":{"line":81,"column":4},"end":{"line":81,"column":16}},"17":{"start":{"line":83,"column":4},"end":{"line":83,"column":17}}},"fnMap":{"0":{"name":"getCurrentUser","decl":{"start":{"line":26,"column":22},"end":{"line":26,"column":36}},"loc":{"start":{"line":28,"column":64},"end":{"line":37,"column":1}},"line":28},"1":{"name":"listSessions","decl":{"start":{"line":46,"column":22},"end":{"line":46,"column":34}},"loc":{"start":{"line":46,"column":61},"end":{"line":63,"column":1}},"line":46},"2":{"name":"(anonymous_2)","decl":{"start":{"line":53,"column":40},"end":{"line":53,"column":41}},"loc":{"start":{"line":53,"column":48},"end":{"line":59,"column":5}},"line":53},"3":{"name":"signOut","decl":{"start":{"line":68,"column":22},"end":{"line":68,"column":29}},"loc":{"start":{"line":68,"column":47},"end":{"line":70,"column":1}},"line":68},"4":{"name":"revokeSession","decl":{"start":{"line":77,"column":22},"end":{"line":77,"column":35}},"loc":{"start":{"line":77,"column":73},"end":{"line":85,"column":1}},"line":77}},"branchMap":{"0":{"loc":{"start":{"line":32,"column":4},"end":{"line":32,"column":25}},"type":"if","locations":[{"start":{"line":32,"column":4},"end":{"line":32,"column":25}},{"start":{},"end":{}}],"line":32},"1":{"loc":{"start":{"line":50,"column":4},"end":{"line":50,"column":35}},"type":"if","locations":[{"start":{"line":50,"column":4},"end":{"line":50,"column":35}},{"start":{},"end":{}}],"line":50},"2":{"loc":{"start":{"line":54,"column":10},"end":{"line":54,"column":25}},"type":"binary-expr","locations":[{"start":{"line":54,"column":10},"end":{"line":54,"column":14}},{"start":{"line":54,"column":18},"end":{"line":54,"column":25}}],"line":54},"3":{"loc":{"start":{"line":55,"column":17},"end":{"line":55,"column":34}},"type":"binary-expr","locations":[{"start":{"line":55,"column":17},"end":{"line":55,"column":28}},{"start":{"line":55,"column":32},"end":{"line":55,"column":34}}],"line":55},"4":{"loc":{"start":{"line":56,"column":18},"end":{"line":56,"column":65}},"type":"binary-expr","locations":[{"start":{"line":56,"column":18},"end":{"line":56,"column":29}},{"start":{"line":56,"column":33},"end":{"line":56,"column":45}},{"start":{"line":56,"column":49},"end":{"line":56,"column":65}}],"line":56},"5":{"loc":{"start":{"line":58,"column":17},"end":{"line":58,"column":56}},"type":"binary-expr","locations":[{"start":{"line":58,"column":17},"end":{"line":58,"column":28}},{"start":{"line":58,"column":32},"end":{"line":58,"column":56}}],"line":58}},"s":{"0":2,"1":2,"2":1,"3":0,"4":1,"5":1,"6":1,"7":1,"8":1,"9":0,"10":1,"11":2,"12":0,"13":1,"14":1,"15":1,"16":1,"17":0},"f":{"0":2,"1":1,"2":2,"3":1,"4":1},"b":{"0":[0,1],"1":[0,1],"2":[2,0],"3":[2,0],"4":[2,0,0],"5":[2,0]},"_coverageSchema":"1a1c01bbd47fc00a2c39e90264f33305004495a9","hash":"d74c77f086ebb266349211d5914f8a9a55069be2"}
,"/home/runner/work/mobile/mobile/lib/sync-queue.ts": {"path":"/home/runner/work/mobile/mobile/lib/sync-queue.ts","statementMap":{"0":{"start":{"line":52,"column":13},"end":{"line":52,"column":26}},"1":{"start":{"line":53,"column":2},"end":{"line":66,"column":5}},"2":{"start":{"line":82,"column":13},"end":{"line":82,"column":26}},"3":{"start":{"line":83,"column":14},"end":{"line":83,"column":24}},"4":{"start":{"line":84,"column":2},"end":{"line":88,"column":4}},"5":{"start":{"line":96,"column":2},"end":{"line":107,"column":4}},"6":{"start":{"line":112,"column":13},"end":{"line":112,"column":26}},"7":{"start":{"line":113,"column":15},"end":{"line":115,"column":3}},"8":{"start":{"line":116,"column":2},"end":{"line":116,"column":30}},"9":{"start":{"line":121,"column":13},"end":{"line":121,"column":26}},"10":{"start":{"line":122,"column":15},"end":{"line":124,"column":3}},"11":{"start":{"line":125,"column":2},"end":{"line":125,"column":30}},"12":{"start":{"line":130,"column":13},"end":{"line":130,"column":26}},"13":{"start":{"line":131,"column":15},"end":{"line":133,"column":3}},"14":{"start":{"line":134,"column":2},"end":{"line":134,"column":30}},"15":{"start":{"line":139,"column":13},"end":{"line":139,"column":26}},"16":{"start":{"line":140,"column":14},"end":{"line":142,"column":3}},"17":{"start":{"line":143,"column":2},"end":{"line":143,"column":23}},"18":{"start":{"line":151,"column":13},"end":{"line":151,"column":26}},"19":{"start":{"line":152,"column":2},"end":{"line":155,"column":4}},"20":{"start":{"line":159,"column":13},"end":{"line":159,"column":26}},"21":{"start":{"line":160,"column":2},"end":{"line":160,"column":58}},"22":{"start":{"line":164,"column":13},"end":{"line":164,"column":26}},"23":{"start":{"line":165,"column":2},"end":{"line":168,"column":4}},"24":{"start":{"line":172,"column":13},"end":{"line":172,"column":26}},"25":{"start":{"line":173,"column":2},"end":{"line":176,"column":4}},"26":{"start":{"line":181,"column":13},"end":{"line":181,"column":26}},"27":{"start":{"line":182,"column":2},"end":{"line":185,"column":4}},"28":{"start":{"line":190,"column":13},"end":{"line":190,"column":26}},"29":{"start":{"line":191,"column":2},"end":{"line":191,"column":58}},"30":{"start":{"line":196,"column":13},"end":{"line":196,"column":26}},"31":{"start":{"line":197,"column":2},"end":{"line":197,"column":41}}},"fnMap":{"0":{"name":"bootstrapSyncQueue","decl":{"start":{"line":51,"column":16},"end":{"line":51,"column":34}},"loc":{"start":{"line":51,"column":43},"end":{"line":67,"column":1}},"line":51},"1":{"name":"enqueueMutation","decl":{"start":{"line":76,"column":16},"end":{"line":76,"column":31}},"loc":{"start":{"line":81,"column":8},"end":{"line":89,"column":1}},"line":81},"2":{"name":"rowToEntry","decl":{"start":{"line":95,"column":9},"end":{"line":95,"column":19}},"loc":{"start":{"line":95,"column":66},"end":{"line":108,"column":1}},"line":95},"3":{"name":"getPendingEntries","decl":{"start":{"line":111,"column":16},"end":{"line":111,"column":33}},"loc":{"start":{"line":111,"column":54},"end":{"line":117,"column":1}},"line":111},"4":{"name":"getAllQueueEntries","decl":{"start":{"line":120,"column":16},"end":{"line":120,"column":34}},"loc":{"start":{"line":120,"column":55},"end":{"line":126,"column":1}},"line":120},"5":{"name":"getConflictEntries","decl":{"start":{"line":129,"column":16},"end":{"line":129,"column":34}},"loc":{"start":{"line":129,"column":55},"end":{"line":135,"column":1}},"line":129},"6":{"name":"getPendingCount","decl":{"start":{"line":138,"column":16},"end":{"line":138,"column":31}},"loc":{"start":{"line":138,"column":42},"end":{"line":144,"column":1}},"line":138},"7":{"name":"markInProgress","decl":{"start":{"line":150,"column":16},"end":{"line":150,"column":30}},"loc":{"start":{"line":150,"column":49},"end":{"line":156,"column":1}},"line":150},"8":{"name":"markCompleted","decl":{"start":{"line":158,"column":16},"end":{"line":158,"column":29}},"loc":{"start":{"line":158,"column":48},"end":{"line":161,"column":1}},"line":158},"9":{"name":"markFailed","decl":{"start":{"line":163,"column":16},"end":{"line":163,"column":26}},"loc":{"start":{"line":163,"column":67},"end":{"line":169,"column":1}},"line":163},"10":{"name":"markConflict","decl":{"start":{"line":171,"column":16},"end":{"line":171,"column":28}},"loc":{"start":{"line":171,"column":69},"end":{"line":177,"column":1}},"line":171},"11":{"name":"resetEntry","decl":{"start":{"line":180,"column":16},"end":{"line":180,"column":26}},"loc":{"start":{"line":180,"column":45},"end":{"line":186,"column":1}},"line":180},"12":{"name":"discardEntry","decl":{"start":{"line":189,"column":16},"end":{"line":189,"column":28}},"loc":{"start":{"line":189,"column":47},"end":{"line":192,"column":1}},"line":189},"13":{"name":"clearSyncQueue","decl":{"start":{"line":195,"column":16},"end":{"line":195,"column":30}},"loc":{"start":{"line":195,"column":39},"end":{"line":198,"column":1}},"line":195}},"branchMap":{"0":{"loc":{"start":{"line":80,"column":2},"end":{"line":80,"column":39}},"type":"default-arg","locations":[{"start":{"line":80,"column":37},"end":{"line":80,"column":39}}],"line":80},"1":{"loc":{"start":{"line":104,"column":18},"end":{"line":104,"column":55}},"type":"binary-expr","locations":[{"start":{"line":104,"column":19},"end":{"line":104,"column":46}},{"start":{"line":104,"column":51},"end":{"line":104,"column":55}}],"line":104},"2":{"loc":{"start":{"line":143,"column":9},"end":{"line":143,"column":22}},"type":"binary-expr","locations":[{"start":{"line":143,"column":9},"end":{"line":143,"column":17}},{"start":{"line":143,"column":21},"end":{"line":143,"column":22}}],"line":143}},"s":{"0":0,"1":0,"2":0,"3":0,"4":0,"5":0,"6":0,"7":0,"8":0,"9":0,"10":0,"11":0,"12":0,"13":0,"14":0,"15":0,"16":0,"17":0,"18":0,"19":0,"20":0,"21":0,"22":0,"23":0,"24":0,"25":0,"26":0,"27":0,"28":0,"29":0,"30":0,"31":0},"f":{"0":0,"1":0,"2":0,"3":0,"4":0,"5":0,"6":0,"7":0,"8":0,"9":0,"10":0,"11":0,"12":0,"13":0},"b":{"0":[0],"1":[0,0],"2":[0,0]}}
,"/home/runner/work/mobile/mobile/lib/utils.ts": {"path":"/home/runner/work/mobile/mobile/lib/utils.ts","statementMap":{"0":{"start":{"line":5,"column":2},"end":{"line":5,"column":31}}},"fnMap":{"0":{"name":"cn","decl":{"start":{"line":4,"column":16},"end":{"line":4,"column":18}},"loc":{"start":{"line":4,"column":44},"end":{"line":6,"column":1}},"line":4}},"branchMap":{},"s":{"0":5},"f":{"0":5},"b":{},"_coverageSchema":"1a1c01bbd47fc00a2c39e90264f33305004495a9","hash":"01b343a6348070841627b495e55f5b26a426c9b0"}
,"/home/runner/work/mobile/mobile/stores/app-store.ts": {"path":"/home/runner/work/mobile/mobile/stores/app-store.ts","statementMap":{"0":{"start":{"line":14,"column":27},"end":{"line":19,"column":3}},"1":{"start":{"line":14,"column":54},"end":{"line":19,"column":1}},"2":{"start":{"line":17,"column":28},"end":{"line":17,"column":56}},"3":{"start":{"line":18,"column":27},"end":{"line":18,"column":54}}},"fnMap":{"0":{"name":"(anonymous_0)","decl":{"start":{"line":14,"column":44},"end":{"line":14,"column":45}},"loc":{"start":{"line":14,"column":54},"end":{"line":19,"column":1}},"line":14},"1":{"name":"(anonymous_1)","decl":{"start":{"line":17,"column":17},"end":{"line":17,"column":18}},"loc":{"start":{"line":17,"column":28},"end":{"line":17,"column":56}},"line":17},"2":{"name":"(anonymous_2)","decl":{"start":{"line":18,"column":14},"end":{"line":18,"column":15}},"loc":{"start":{"line":18,"column":27},"end":{"line":18,"column":54}},"line":18}},"branchMap":{},"s":{"0":1,"1":1,"2":3,"3":1},"f":{"0":1,"1":3,"2":1},"b":{},"_coverageSchema":"1a1c01bbd47fc00a2c39e90264f33305004495a9","hash":"08743447d8833b1ec271c342958f0ac12f085200"}
,"/home/runner/work/mobile/mobile/stores/security-store.ts": {"path":"/home/runner/work/mobile/mobile/stores/security-store.ts","statementMap":{"0":{"start":{"line":23,"column":32},"end":{"line":33,"column":3}},"1":{"start":{"line":23,"column":64},"end":{"line":33,"column":1}},"2":{"start":{"line":29,"column":36},"end":{"line":29,"column":70}},"3":{"start":{"line":30,"column":25},"end":{"line":30,"column":50}},"4":{"start":{"line":31,"column":37},"end":{"line":31,"column":72}},"5":{"start":{"line":32,"column":24},"end":{"line":32,"column":57}}},"fnMap":{"0":{"name":"(anonymous_0)","decl":{"start":{"line":23,"column":54},"end":{"line":23,"column":55}},"loc":{"start":{"line":23,"column":64},"end":{"line":33,"column":1}},"line":23},"1":{"name":"(anonymous_1)","decl":{"start":{"line":29,"column":23},"end":{"line":29,"column":24}},"loc":{"start":{"line":29,"column":36},"end":{"line":29,"column":70}},"line":29},"2":{"name":"(anonymous_2)","decl":{"start":{"line":30,"column":13},"end":{"line":30,"column":14}},"loc":{"start":{"line":30,"column":25},"end":{"line":30,"column":50}},"line":30},"3":{"name":"(anonymous_3)","decl":{"start":{"line":31,"column":24},"end":{"line":31,"column":25}},"loc":{"start":{"line":31,"column":37},"end":{"line":31,"column":72}},"line":31},"4":{"name":"(anonymous_4)","decl":{"start":{"line":32,"column":18},"end":{"line":32,"column":19}},"loc":{"start":{"line":32,"column":24},"end":{"line":32,"column":57}},"line":32}},"branchMap":{},"s":{"0":1,"1":1,"2":2,"3":2,"4":2,"5":1},"f":{"0":1,"1":2,"2":2,"3":2,"4":1},"b":{},"_coverageSchema":"1a1c01bbd47fc00a2c39e90264f33305004495a9","hash":"b03378f44eadde227be104d71c4d4a5a23543029"}
,"/home/runner/work/mobile/mobile/stores/sync-store.ts": {"path":"/home/runner/work/mobile/mobile/stores/sync-store.ts","statementMap":{"0":{"start":{"line":23,"column":28},"end":{"line":32,"column":3}},"1":{"start":{"line":23,"column":56},"end":{"line":32,"column":1}},"2":{"start":{"line":28,"column":27},"end":{"line":28,"column":54}},"3":{"start":{"line":29,"column":30},"end":{"line":29,"column":58}},"4":{"start":{"line":30,"column":27},"end":{"line":30,"column":52}},"5":{"start":{"line":31,"column":29},"end":{"line":31,"column":56}}},"fnMap":{"0":{"name":"(anonymous_0)","decl":{"start":{"line":23,"column":46},"end":{"line":23,"column":47}},"loc":{"start":{"line":23,"column":56},"end":{"line":32,"column":1}},"line":23},"1":{"name":"(anonymous_1)","decl":{"start":{"line":28,"column":14},"end":{"line":28,"column":15}},"loc":{"start":{"line":28,"column":27},"end":{"line":28,"column":54}},"line":28},"2":{"name":"(anonymous_2)","decl":{"start":{"line":29,"column":19},"end":{"line":29,"column":20}},"loc":{"start":{"line":29,"column":30},"end":{"line":29,"column":58}},"line":29},"3":{"name":"(anonymous_3)","decl":{"start":{"line":30,"column":19},"end":{"line":30,"column":20}},"loc":{"start":{"line":30,"column":27},"end":{"line":30,"column":52}},"line":30},"4":{"name":"(anonymous_4)","decl":{"start":{"line":31,"column":16},"end":{"line":31,"column":17}},"loc":{"start":{"line":31,"column":29},"end":{"line":31,"column":56}},"line":31}},"branchMap":{},"s":{"0":0,"1":0,"2":0,"3":0,"4":0,"5":0},"f":{"0":0,"1":0,"2":0,"3":0,"4":0},"b":{}}
,"/home/runner/work/mobile/mobile/stores/ui-store.ts": {"path":"/home/runner/work/mobile/mobile/stores/ui-store.ts","statementMap":{"0":{"start":{"line":16,"column":26},"end":{"line":24,"column":3}},"1":{"start":{"line":16,"column":52},"end":{"line":24,"column":1}},"2":{"start":{"line":18,"column":23},"end":{"line":18,"column":37}},"3":{"start":{"line":21,"column":4},"end":{"line":21,"column":30}},"4":{"start":{"line":22,"column":4},"end":{"line":22,"column":28}}},"fnMap":{"0":{"name":"(anonymous_0)","decl":{"start":{"line":16,"column":42},"end":{"line":16,"column":43}},"loc":{"start":{"line":16,"column":52},"end":{"line":24,"column":1}},"line":16},"1":{"name":"(anonymous_1)","decl":{"start":{"line":18,"column":12},"end":{"line":18,"column":13}},"loc":{"start":{"line":18,"column":23},"end":{"line":18,"column":37}},"line":18},"2":{"name":"(anonymous_2)","decl":{"start":{"line":20,"column":15},"end":{"line":20,"column":16}},"loc":{"start":{"line":20,"column":25},"end":{"line":23,"column":3}},"line":20}},"branchMap":{"0":{"loc":{"start":{"line":19,"column":13},"end":{"line":19,"column":34}},"type":"binary-expr","locations":[{"start":{"line":19,"column":13},"end":{"line":19,"column":26}},{"start":{"line":19,"column":30},"end":{"line":19,"column":34}}],"line":19}},"s":{"0":1,"1":1,"2":1,"3":1,"4":1},"f":{"0":1,"1":1,"2":1},"b":{"0":[1,0]},"_coverageSchema":"1a1c01bbd47fc00a2c39e90264f33305004495a9","hash":"05a54263ccad1d80f89986eb4a62043a7ddb7ba2"}
}
