TN:
SF:components/actions/ActionBar.tsx
FN:20,ActionBar
FN:30,(anonymous_1)
FN:41,(anonymous_2)
FN:64,getButtonVariant
FNF:4
FNH:0
FNDA:0,ActionBar
FNDA:0,(anonymous_1)
FNDA:0,(anonymous_2)
FNDA:0,getButtonVariant
DA:21,0
DA:23,0
DA:31,0
DA:32,0
DA:41,0
DA:67,0
DA:68,0
DA:70,0
DA:75,0
DA:77,0
LF:10
LH:0
BRDA:21,0,0,0
BRDA:21,0,1,0
BRDA:37,1,0,0
BRDA:37,1,1,0
BRDA:38,2,0,0
BRDA:38,2,1,0
BRDA:39,3,0,0
BRDA:39,3,1,0
BRDA:46,4,0,0
BRDA:46,4,1,0
BRDA:47,5,0,0
BRDA:47,5,1,0
BRDA:48,6,0,0
BRDA:48,6,1,0
BRDA:67,7,0,0
BRDA:67,7,1,0
BRDA:67,8,0,0
BRDA:67,8,1,0
BRDA:70,9,0,0
BRDA:70,9,1,0
BRDA:71,10,0,0
BRDA:71,10,1,0
BRDA:71,10,2,0
BRF:23
BRH:0
end_of_record
TN:
SF:components/actions/ActionExecutor.ts
FN:44,executeAction
FN:132,resolveTarget
FN:139,(anonymous_2)
FN:149,getActionsForLocation
FN:159,(anonymous_4)
FNF:5
FNH:0
FNDA:0,executeAction
FNDA:0,resolveTarget
FNDA:0,(anonymous_2)
FNDA:0,getActionsForLocation
FNDA:0,(anonymous_4)
DA:48,0
DA:50,0
DA:53,0
DA:55,0
DA:56,0
DA:57,0
DA:59,0
DA:60,0
DA:64,0
DA:65,0
DA:66,0
DA:67,0
DA:69,0
DA:74,0
DA:79,0
DA:83,0
DA:84,0
DA:89,0
DA:94,0
DA:99,0
DA:100,0
DA:101,0
DA:102,0
DA:106,0
DA:112,0
DA:113,0
DA:115,0
DA:119,0
DA:120,0
DA:136,0
DA:137,0
DA:139,0
DA:140,0
DA:141,0
DA:159,0
LF:35
LH:0
BRDA:53,0,0,0
BRDA:53,0,1,0
BRDA:53,0,2,0
BRDA:53,0,3,0
BRDA:53,0,4,0
BRDA:56,1,0,0
BRDA:56,1,1,0
BRDA:64,2,0,0
BRDA:64,2,1,0
BRDA:65,3,0,0
BRDA:65,3,1,0
BRDA:77,4,0,0
BRDA:77,4,1,0
BRDA:83,5,0,0
BRDA:83,5,1,0
BRDA:92,6,0,0
BRDA:92,6,1,0
BRDA:99,7,0,0
BRDA:99,7,1,0
BRDA:108,8,0,0
BRDA:108,8,1,0
BRDA:117,9,0,0
BRDA:117,9,1,0
BRDA:136,10,0,0
BRDA:136,10,1,0
BRDA:137,11,0,0
BRDA:137,11,1,0
BRDA:141,12,0,0
BRDA:141,12,1,0
BRF:29
BRH:0
end_of_record
TN:
SF:components/actions/FloatingActionButton.tsx
FN:21,FloatingActionButton
FN:26,(anonymous_1)
FNF:2
FNH:0
FNDA:0,FloatingActionButton
FNDA:0,(anonymous_1)
DA:26,0
DA:27,0
DA:28,0
DA:31,0
LF:4
LH:0
BRDA:39,0,0,0
BRDA:39,0,1,0
BRF:2
BRH:0
end_of_record
TN:
SF:components/batch/BatchActionBar.tsx
FN:21,BatchActionBar
FNF:1
FNH:0
FNDA:0,BatchActionBar
DA:28,0
DA:30,0
LF:2
LH:0
BRDA:28,0,0,0
BRDA:28,0,1,0
BRDA:47,1,0,0
BRDA:47,1,1,0
BRDA:56,2,0,0
BRDA:56,2,1,0
BRF:6
BRH:0
end_of_record
TN:
SF:components/batch/BatchProgressIndicator.tsx
FN:17,BatchProgressIndicator
FN:34,(anonymous_1)
FNF:2
FNH:0
FNDA:0,BatchProgressIndicator
FNDA:0,(anonymous_1)
DA:22,0
DA:25,0
DA:26,0
DA:35,0
DA:51,0
DA:52,0
DA:54,0
LF:7
LH:0
BRDA:22,0,0,0
BRDA:22,0,1,0
BRDA:22,1,0,0
BRDA:22,1,1,0
BRDA:25,2,0,0
BRDA:25,2,1,0
BRDA:25,3,0,0
BRDA:25,3,1,0
BRDA:25,3,2,0
BRDA:30,4,0,0
BRDA:30,4,1,0
BRDA:32,5,0,0
BRDA:32,5,1,0
BRDA:36,6,0,0
BRDA:36,6,1,0
BRDA:39,7,0,0
BRDA:39,7,1,0
BRDA:51,8,0,0
BRDA:51,8,1,0
BRDA:52,9,0,0
BRDA:52,9,1,0
BRDA:60,10,0,0
BRDA:60,10,1,0
BRF:23
BRH:0
end_of_record
TN:
SF:components/common/CachedImage.tsx
FN:21,CachedImage
FNF:1
FNH:0
FNDA:0,CachedImage
DA:29,0
LF:1
LH:0
BRDA:32,0,0,0
BRDA:32,0,1,0
BRDA:36,1,0,0
BRDA:36,1,1,0
BRDA:36,2,0,0
BRDA:36,2,1,0
BRF:6
BRH:0
end_of_record
TN:
SF:components/common/EmptyState.tsx
FN:13,EmptyState
FNF:1
FNH:0
FNDA:0,EmptyState
DA:20,0
LF:1
LH:0
BRDA:31,0,0,0
BRDA:31,0,1,0
BRDA:36,1,0,0
BRDA:36,1,1,0
BRF:4
BRH:0
end_of_record
TN:
SF:components/common/ErrorBoundary.tsx
FN:18,(anonymous_0)
FN:23,(anonymous_1)
FN:27,(anonymous_2)
FN:31,(anonymous_3)
FNF:4
FNH:0
FNDA:0,(anonymous_0)
FNDA:0,(anonymous_1)
FNDA:0,(anonymous_2)
FNDA:0,(anonymous_3)
DA:19,0
DA:20,0
DA:24,0
DA:27,0
DA:28,0
DA:32,0
DA:33,0
DA:46,0
LF:8
LH:0
BRDA:32,0,0,0
BRDA:32,0,1,0
BRDA:39,1,0,0
BRDA:39,1,1,0
BRF:4
BRH:0
end_of_record
TN:
SF:components/common/InfiniteScrollList.tsx
FN:21,InfiniteScrollList
FN:31,(anonymous_1)
FNF:2
FNH:0
FNDA:0,InfiniteScrollList
FNDA:0,(anonymous_1)
DA:31,0
DA:32,0
DA:33,0
DA:37,0
LF:4
LH:0
BRDA:32,0,0,0
BRDA:32,0,1,0
BRDA:32,1,0,0
BRDA:32,1,1,0
BRDA:47,2,0,0
BRDA:47,2,1,0
BRF:6
BRH:0
end_of_record
TN:
SF:components/common/LanguageSelector.tsx
FN:13,LanguageSelector
FN:15,(anonymous_1)
FN:16,(anonymous_2)
FN:23,(anonymous_3)
FN:32,(anonymous_4)
FNF:5
FNH:0
FNDA:0,LanguageSelector
FNDA:0,(anonymous_1)
FNDA:0,(anonymous_2)
FNDA:0,(anonymous_3)
FNDA:0,(anonymous_4)
DA:14,0
DA:15,0
DA:16,0
DA:18,0
DA:24,0
DA:25,0
DA:32,0
LF:7
LH:0
BRDA:30,0,0,0
BRDA:30,0,1,0
BRDA:37,1,0,0
BRDA:37,1,1,0
BRDA:42,2,0,0
BRDA:42,2,1,0
BRF:6
BRH:0
end_of_record
TN:
SF:components/common/LoadingScreen.tsx
FN:10,LoadingScreen
FNF:1
FNH:0
FNDA:0,LoadingScreen
DA:11,0
LF:1
LH:0
BRDA:19,0,0,0
BRDA:19,0,1,0
BRF:2
BRH:0
end_of_record
TN:
SF:components/common/OfflineIndicator.tsx
FN:18,OfflineIndicator
FNF:1
FNH:0
FNDA:0,OfflineIndicator
DA:25,0
DA:27,0
LF:2
LH:0
BRDA:20,0,0,0
BRDA:21,1,0,0
BRDA:25,2,0,0
BRDA:25,2,1,0
BRDA:25,3,0,0
BRDA:25,3,1,0
BRDA:31,4,0,0
BRDA:31,4,1,0
BRDA:36,5,0,0
BRDA:36,5,1,0
BRDA:38,6,0,0
BRDA:38,6,1,0
BRDA:40,7,0,0
BRDA:40,7,1,0
BRDA:42,8,0,0
BRDA:42,8,1,0
BRDA:42,8,2,0
BRDA:49,9,0,0
BRDA:49,9,1,0
BRDA:49,9,2,0
BRDA:49,9,3,0
BRDA:57,10,0,0
BRDA:57,10,1,0
BRF:23
BRH:0
end_of_record
TN:
SF:components/common/PullToRefresh.tsx
FN:11,PullToRefresh
FN:18,(anonymous_1)
FNF:2
FNH:0
FNDA:0,PullToRefresh
FNDA:0,(anonymous_1)
DA:16,0
DA:18,0
DA:19,0
DA:20,0
DA:21,0
DA:23,0
DA:27,0
LF:7
LH:0
BRF:0
BRH:0
end_of_record
TN:
SF:components/common/SearchBar.tsx
FN:14,SearchBar
FN:25,(anonymous_1)
FN:30,(anonymous_2)
FN:33,(anonymous_3)
FN:38,(anonymous_4)
FN:39,(anonymous_5)
FNF:6
FNH:0
FNDA:0,SearchBar
FNDA:0,(anonymous_1)
FNDA:0,(anonymous_2)
FNDA:0,(anonymous_3)
FNDA:0,(anonymous_4)
FNDA:0,(anonymous_5)
DA:21,0
DA:22,0
DA:25,0
DA:26,0
DA:29,0
DA:31,0
DA:32,0
DA:33,0
DA:38,0
DA:39,0
DA:40,0
DA:44,0
LF:12
LH:0
BRDA:17,0,0,0
BRDA:18,1,0,0
BRDA:32,2,0,0
BRDA:32,2,1,0
BRDA:40,3,0,0
BRDA:40,3,1,0
BRF:6
BRH:0
end_of_record
TN:
SF:components/query/FilterRow.tsx
FN:27,FilterRow
FN:28,(anonymous_1)
FN:32,(anonymous_2)
FN:45,(anonymous_3)
FN:47,(anonymous_4)
FN:62,(anonymous_5)
FN:78,(anonymous_6)
FN:89,(anonymous_7)
FNF:8
FNH:0
FNDA:0,FilterRow
FNDA:0,(anonymous_1)
FNDA:0,(anonymous_2)
FNDA:0,(anonymous_3)
FNDA:0,(anonymous_4)
FNDA:0,(anonymous_5)
FNDA:0,(anonymous_6)
FNDA:0,(anonymous_7)
DA:28,0
DA:29,0
DA:31,0
DA:32,0
DA:36,0
DA:37,0
DA:38,0
DA:40,0
DA:47,0
DA:48,0
DA:49,0
DA:50,0
DA:63,0
DA:64,0
DA:65,0
DA:78,0
DA:89,0
LF:17
LH:0
BRDA:29,0,0,0
BRDA:29,0,1,0
BRDA:49,1,0,0
BRDA:49,1,1,0
BRDA:55,2,0,0
BRDA:55,2,1,0
BRDA:55,2,2,0
BRDA:65,3,0,0
BRDA:65,3,1,0
BRDA:69,4,0,0
BRDA:69,4,1,0
BRDA:74,5,0,0
BRDA:74,5,1,0
BRDA:77,6,0,0
BRDA:77,6,1,0
BRDA:85,7,0,0
BRDA:85,7,1,0
BRDA:88,8,0,0
BRDA:88,8,1,0
BRF:19
BRH:0
end_of_record
TN:
SF:components/query/GlobalSearch.tsx
FN:17,GlobalSearch
FNF:1
FNH:0
FNDA:0,GlobalSearch
DA:23,0
LF:1
LH:0
BRDA:20,0,0,0
BRF:1
BRH:0
end_of_record
TN:
SF:components/query/QueryBuilder.tsx
FN:39,QueryBuilder
FN:49,(anonymous_1)
FN:78,(anonymous_2)
FN:85,(anonymous_3)
FN:86,(anonymous_4)
FNF:5
FNH:0
FNDA:0,QueryBuilder
FNDA:0,(anonymous_1)
FNDA:0,(anonymous_2)
FNDA:0,(anonymous_3)
FNDA:0,(anonymous_4)
DA:49,0
DA:50,0
DA:51,0
DA:54,0
DA:79,0
DA:80,0
DA:85,0
DA:86,0
DA:92,0
LF:9
LH:0
BRDA:50,0,0,0
BRDA:50,0,1,0
BRDA:64,1,0,0
BRDA:64,1,1,0
BRDA:68,2,0,0
BRDA:68,2,1,0
BRDA:79,3,0,0
BRDA:79,3,1,0
BRF:8
BRH:0
end_of_record
TN:
SF:components/renderers/CalendarViewRenderer.tsx
FN:56,toDateKey
FN:60,parseDate
FN:64,getDaysInMonth
FN:68,getFirstDayOfWeek
FN:87,CalendarViewRenderer
FN:101,(anonymous_5)
FN:103,(anonymous_6)
FN:116,(anonymous_7)
FN:117,(anonymous_8)
FN:119,(anonymous_9)
FN:129,(anonymous_10)
FN:130,(anonymous_11)
FN:132,(anonymous_12)
FN:147,(anonymous_13)
FN:182,(anonymous_14)
FN:191,(anonymous_15)
FN:208,(anonymous_16)
FN:221,(anonymous_17)
FN:244,(anonymous_18)
FN:248,(anonymous_19)
FNF:20
FNH:0
FNDA:0,toDateKey
FNDA:0,parseDate
FNDA:0,getDaysInMonth
FNDA:0,getFirstDayOfWeek
FNDA:0,CalendarViewRenderer
FNDA:0,(anonymous_5)
FNDA:0,(anonymous_6)
FNDA:0,(anonymous_7)
FNDA:0,(anonymous_8)
FNDA:0,(anonymous_9)
FNDA:0,(anonymous_10)
FNDA:0,(anonymous_11)
FNDA:0,(anonymous_12)
FNDA:0,(anonymous_13)
FNDA:0,(anonymous_14)
FNDA:0,(anonymous_15)
FNDA:0,(anonymous_16)
FNDA:0,(anonymous_17)
FNDA:0,(anonymous_18)
FNDA:0,(anonymous_19)
DA:50,0
DA:52,0
DA:57,0
DA:61,0
DA:65,0
DA:69,0
DA:72,0
DA:95,0
DA:96,0
DA:97,0
DA:98,0
DA:101,0
DA:102,0
DA:103,0
DA:104,0
DA:105,0
DA:106,0
DA:107,0
DA:112,0
DA:116,0
DA:117,0
DA:118,0
DA:119,0
DA:120,0
DA:121,0
DA:122,0
DA:124,0
DA:125,0
DA:129,0
DA:130,0
DA:131,0
DA:132,0
DA:133,0
DA:134,0
DA:135,0
DA:137,0
DA:138,0
DA:143,0
DA:144,0
DA:145,0
DA:147,0
DA:148,0
DA:149,0
DA:150,0
DA:151,0
DA:155,0
DA:157,0
DA:158,0
DA:165,0
DA:183,0
DA:192,0
DA:193,0
DA:195,0
DA:196,0
DA:197,0
DA:198,0
DA:200,0
DA:208,0
DA:222,0
DA:245,0
DA:248,0
LF:61
LH:0
BRDA:61,0,0,0
BRDA:61,0,1,0
BRDA:89,1,0,0
BRDA:96,2,0,0
BRDA:96,2,1,0
BRDA:97,3,0,0
BRDA:97,3,1,0
BRDA:106,4,0,0
BRDA:106,4,1,0
BRDA:109,5,0,0
BRDA:109,5,1,0
BRDA:118,6,0,0
BRDA:118,6,1,0
BRDA:131,7,0,0
BRDA:131,7,1,0
BRDA:155,8,0,0
BRDA:155,8,1,0
BRDA:155,9,0,0
BRDA:155,9,1,0
BRDA:157,10,0,0
BRDA:157,10,1,0
BRDA:192,11,0,0
BRDA:192,11,1,0
BRDA:205,12,0,0
BRDA:205,12,1,0
BRDA:206,13,0,0
BRDA:206,13,1,0
BRDA:206,13,2,0
BRDA:213,14,0,0
BRDA:213,14,1,0
BRDA:214,15,0,0
BRDA:214,15,1,0
BRDA:214,15,2,0
BRDA:219,16,0,0
BRDA:219,16,1,0
BRDA:221,17,0,0
BRDA:221,17,1,0
BRDA:225,18,0,0
BRDA:225,18,1,0
BRDA:236,19,0,0
BRDA:236,19,1,0
BRDA:241,20,0,0
BRDA:241,20,1,0
BRDA:252,21,0,0
BRDA:252,21,1,0
BRF:45
BRH:0
end_of_record
TN:
SF:components/renderers/ChartViewRenderer.tsx
FN:32,ChartIcon
FN:54,BarChartView
FN:56,(anonymous_2)
FN:56,(anonymous_3)
FN:62,(anonymous_4)
FN:88,LineChartView
FN:90,(anonymous_6)
FN:90,(anonymous_7)
FN:98,(anonymous_8)
FN:116,(anonymous_9)
FN:134,PieChartView
FN:136,(anonymous_11)
FN:136,(anonymous_12)
FN:142,(anonymous_13)
FN:167,FunnelChartView
FN:169,(anonymous_15)
FN:169,(anonymous_16)
FN:177,(anonymous_17)
FN:201,renderChart
FN:235,ChartViewRenderer
FNF:20
FNH:0
FNDA:0,ChartIcon
FNDA:0,BarChartView
FNDA:0,(anonymous_2)
FNDA:0,(anonymous_3)
FNDA:0,(anonymous_4)
FNDA:0,LineChartView
FNDA:0,(anonymous_6)
FNDA:0,(anonymous_7)
FNDA:0,(anonymous_8)
FNDA:0,(anonymous_9)
FNDA:0,PieChartView
FNDA:0,(anonymous_11)
FNDA:0,(anonymous_12)
FNDA:0,(anonymous_13)
FNDA:0,FunnelChartView
FNDA:0,(anonymous_15)
FNDA:0,(anonymous_16)
FNDA:0,(anonymous_17)
FNDA:0,renderChart
FNDA:0,ChartViewRenderer
DA:33,0
DA:35,0
DA:37,0
DA:39,0
DA:41,0
DA:49,0
DA:55,0
DA:56,0
DA:60,0
DA:63,0
DA:64,0
DA:65,0
DA:89,0
DA:90,0
DA:94,0
DA:99,0
DA:100,0
DA:117,0
DA:135,0
DA:136,0
DA:140,0
DA:143,0
DA:144,0
DA:145,0
DA:168,0
DA:169,0
DA:173,0
DA:175,0
DA:178,0
DA:179,0
DA:180,0
DA:202,0
DA:203,0
DA:211,0
DA:213,0
DA:215,0
DA:217,0
DA:219,0
DA:221,0
DA:243,0
DA:244,0
DA:251,0
DA:252,0
DA:259,0
LF:44
LH:0
BRDA:33,0,0,0
BRDA:33,0,1,0
BRDA:33,0,2,0
BRDA:33,0,3,0
BRDA:66,1,0,0
BRDA:66,1,1,0
BRDA:101,2,0,0
BRDA:101,2,1,0
BRDA:118,3,0,0
BRDA:118,3,1,0
BRDA:136,4,0,0
BRDA:136,4,1,0
BRDA:146,5,0,0
BRDA:146,5,1,0
BRDA:181,6,0,0
BRDA:181,6,1,0
BRDA:202,7,0,0
BRDA:202,7,1,0
BRDA:211,8,0,0
BRDA:211,8,1,0
BRDA:211,8,2,0
BRDA:211,8,3,0
BRDA:211,8,4,0
BRDA:237,9,0,0
BRDA:239,10,0,0
BRDA:241,11,0,0
BRDA:243,12,0,0
BRDA:243,12,1,0
BRDA:251,13,0,0
BRDA:251,13,1,0
BRDA:264,14,0,0
BRDA:264,14,1,0
BRF:32
BRH:0
end_of_record
TN:
SF:components/renderers/DashboardViewRenderer.tsx
FN:43,MetricWidget
FN:101,CardWidget
FN:128,ListWidget
FN:154,(anonymous_3)
FN:185,ChartWidget
FN:210,(anonymous_5)
FN:212,(anonymous_6)
FN:256,renderWidget
FN:289,DashboardViewRenderer
FN:368,(anonymous_9)
FN:377,(anonymous_10)
FNF:11
FNH:0
FNDA:0,MetricWidget
FNDA:0,CardWidget
FNDA:0,ListWidget
FNDA:0,(anonymous_3)
FNDA:0,ChartWidget
FNDA:0,(anonymous_5)
FNDA:0,(anonymous_6)
FNDA:0,renderWidget
FNDA:0,DashboardViewRenderer
FNDA:0,(anonymous_9)
FNDA:0,(anonymous_10)
DA:50,0
DA:51,0
DA:52,0
DA:54,0
DA:108,0
DA:135,0
DA:137,0
DA:156,0
DA:160,0
DA:161,0
DA:162,0
DA:192,0
DA:194,0
DA:211,0
DA:212,0
DA:215,0
DA:216,0
DA:260,0
DA:262,0
DA:265,0
DA:268,0
DA:272,0
DA:276,0
DA:285,0
DA:287,0
DA:295,0
DA:296,0
DA:298,0
DA:299,0
DA:306,0
DA:307,0
DA:319,0
DA:320,0
DA:322,0
DA:327,0
DA:328,0
DA:329,0
DA:331,0
DA:333,0
DA:335,0
DA:336,0
DA:337,0
DA:338,0
DA:340,0
DA:341,0
DA:343,0
DA:345,0
DA:369,0
DA:378,0
DA:380,0
DA:384,0
LF:51
LH:0
BRDA:50,0,0,0
BRDA:50,0,1,0
BRDA:58,1,0,0
BRDA:58,1,1,0
BRDA:65,2,0,0
BRDA:65,2,1,0
BRDA:72,3,0,0
BRDA:72,3,1,0
BRDA:76,4,0,0
BRDA:76,4,1,0
BRDA:79,5,0,0
BRDA:79,5,1,0
BRDA:86,6,0,0
BRDA:86,6,1,0
BRDA:112,7,0,0
BRDA:112,7,1,0
BRDA:116,8,0,0
BRDA:116,8,1,0
BRDA:120,9,0,0
BRDA:120,9,1,0
BRDA:120,10,0,0
BRDA:120,10,1,0
BRDA:135,11,0,0
BRDA:135,11,1,0
BRDA:141,12,0,0
BRDA:141,12,1,0
BRDA:148,13,0,0
BRDA:148,13,1,0
BRDA:150,14,0,0
BRDA:150,14,1,0
BRDA:156,15,0,0
BRDA:156,15,1,0
BRDA:156,15,2,0
BRDA:156,15,3,0
BRDA:161,16,0,0
BRDA:161,16,1,0
BRDA:164,17,0,0
BRDA:164,17,1,0
BRDA:170,18,0,0
BRDA:170,18,1,0
BRDA:192,19,0,0
BRDA:192,19,1,0
BRDA:192,19,2,0
BRDA:198,20,0,0
BRDA:198,20,1,0
BRDA:205,21,0,0
BRDA:205,21,1,0
BRDA:207,22,0,0
BRDA:207,22,1,0
BRDA:207,23,0,0
BRDA:207,23,1,0
BRDA:212,24,0,0
BRDA:212,24,1,0
BRDA:215,25,0,0
BRDA:215,25,1,0
BRDA:217,26,0,0
BRDA:217,26,1,0
BRDA:240,27,0,0
BRDA:240,27,1,0
BRDA:260,28,0,0
BRDA:260,28,1,0
BRDA:262,29,0,0
BRDA:262,29,1,0
BRDA:262,29,2,0
BRDA:262,29,3,0
BRDA:262,29,4,0
BRDA:262,29,5,0
BRDA:291,30,0,0
BRDA:292,31,0,0
BRDA:296,32,0,0
BRDA:296,32,1,0
BRDA:298,33,0,0
BRDA:298,33,1,0
BRDA:306,34,0,0
BRDA:306,34,1,0
BRDA:306,35,0,0
BRDA:306,35,1,0
BRDA:306,35,2,0
BRDA:322,36,0,0
BRDA:322,36,1,0
BRDA:333,37,0,0
BRDA:333,37,1,0
BRDA:335,38,0,0
BRDA:335,38,1,0
BRDA:335,39,0,0
BRDA:335,39,1,0
BRDA:343,40,0,0
BRDA:343,40,1,0
BRDA:356,41,0,0
BRDA:356,41,1,0
BRDA:359,42,0,0
BRDA:359,42,1,0
BRDA:378,43,0,0
BRDA:378,43,1,0
BRDA:380,44,0,0
BRDA:380,44,1,0
BRF:96
BRH:0
end_of_record
TN:
SF:components/renderers/DetailViewRenderer.tsx
FN:60,DetailActionBar
FN:89,(anonymous_1)
FN:93,(anonymous_2)
FN:106,RelatedListSection
FN:126,(anonymous_4)
FN:137,(anonymous_5)
FN:153,RecordNavigator
FN:216,DetailViewRenderer
FN:236,(anonymous_8)
FN:247,(anonymous_9)
FN:248,(anonymous_10)
FN:257,(anonymous_11)
FN:258,(anonymous_12)
FN:319,(anonymous_13)
FN:332,(anonymous_14)
FN:337,(anonymous_15)
FN:341,(anonymous_16)
FN:362,(anonymous_17)
FNF:18
FNH:0
FNDA:0,DetailActionBar
FNDA:0,(anonymous_1)
FNDA:0,(anonymous_2)
FNDA:0,RelatedListSection
FNDA:0,(anonymous_4)
FNDA:0,(anonymous_5)
FNDA:0,RecordNavigator
FNDA:0,DetailViewRenderer
FNDA:0,(anonymous_8)
FNDA:0,(anonymous_9)
FNDA:0,(anonymous_10)
FNDA:0,(anonymous_11)
FNDA:0,(anonymous_12)
FNDA:0,(anonymous_13)
FNDA:0,(anonymous_14)
FNDA:0,(anonymous_15)
FNDA:0,(anonymous_16)
FNDA:0,(anonymous_17)
DA:66,0
DA:67,0
DA:69,0
DA:90,0
DA:93,0
DA:113,0
DA:128,0
DA:133,0
DA:137,0
DA:163,0
DA:165,0
DA:236,0
DA:237,0
DA:238,0
DA:239,0
DA:243,0
DA:244,0
DA:247,0
DA:248,0
DA:253,0
DA:254,0
DA:257,0
DA:258,0
DA:263,0
DA:267,0
DA:268,0
DA:276,0
DA:277,0
DA:292,0
DA:295,0
DA:320,0
DA:333,0
DA:334,0
DA:335,0
DA:337,0
DA:339,0
DA:341,0
DA:343,0
DA:363,0
LF:39
LH:0
BRDA:66,0,0,0
BRDA:66,0,1,0
BRDA:66,0,2,0
BRDA:66,0,3,0
BRDA:67,1,0,0
BRDA:67,1,1,0
BRDA:71,2,0,0
BRDA:71,2,1,0
BRDA:80,3,0,0
BRDA:80,3,1,0
BRDA:121,4,0,0
BRDA:121,4,1,0
BRDA:128,5,0,0
BRDA:128,5,1,0
BRDA:128,5,2,0
BRDA:128,5,3,0
BRDA:128,5,4,0
BRDA:135,6,0,0
BRDA:135,6,1,0
BRDA:156,7,0,0
BRDA:157,8,0,0
BRDA:163,9,0,0
BRDA:163,9,1,0
BRDA:163,10,0,0
BRDA:163,10,1,0
BRDA:170,11,0,0
BRDA:170,11,1,0
BRDA:172,12,0,0
BRDA:172,12,1,0
BRDA:175,13,0,0
BRDA:175,13,1,0
BRDA:179,14,0,0
BRDA:179,14,1,0
BRDA:186,15,0,0
BRDA:186,15,1,0
BRDA:193,16,0,0
BRDA:193,16,1,0
BRDA:195,17,0,0
BRDA:195,17,1,0
BRDA:201,18,0,0
BRDA:201,18,1,0
BRDA:206,19,0,0
BRDA:206,19,1,0
BRDA:218,20,0,0
BRDA:220,21,0,0
BRDA:237,22,0,0
BRDA:237,22,1,0
BRDA:238,23,0,0
BRDA:238,23,1,0
BRDA:238,24,0,0
BRDA:238,24,1,0
BRDA:243,25,0,0
BRDA:243,25,1,0
BRDA:247,26,0,0
BRDA:247,26,1,0
BRDA:253,27,0,0
BRDA:253,27,1,0
BRDA:257,28,0,0
BRDA:257,28,1,0
BRDA:267,29,0,0
BRDA:267,29,1,0
BRDA:276,30,0,0
BRDA:276,30,1,0
BRDA:280,31,0,0
BRDA:280,31,1,0
BRDA:292,32,0,0
BRDA:292,32,1,0
BRDA:321,33,0,0
BRDA:321,33,1,0
BRDA:324,34,0,0
BRDA:324,34,1,0
BRDA:333,35,0,0
BRDA:333,35,1,0
BRDA:334,36,0,0
BRDA:334,36,1,0
BRDA:335,37,0,0
BRDA:335,37,1,0
BRDA:339,38,0,0
BRDA:339,38,1,0
BRDA:339,38,2,0
BRDA:349,39,0,0
BRDA:349,39,1,0
BRF:82
BRH:0
end_of_record
TN:
SF:components/renderers/FilterDrawer.tsx
FN:32,FilterDrawer
FN:53,(anonymous_1)
FN:58,(anonymous_2)
FN:151,FilterButton
FNF:4
FNH:0
FNDA:0,FilterDrawer
FNDA:0,(anonymous_1)
FNDA:0,(anonymous_2)
FNDA:0,FilterButton
DA:47,0
DA:50,0
DA:53,0
DA:54,0
DA:55,0
DA:58,0
DA:59,0
DA:60,0
DA:61,0
DA:64,0
DA:152,0
DA:154,0
LF:12
LH:0
BRDA:80,0,0,0
BRDA:80,0,1,0
BRDA:151,1,0,0
BRDA:159,2,0,0
BRDA:159,2,1,0
BRDA:163,3,0,0
BRDA:163,3,1,0
BRDA:167,4,0,0
BRDA:167,4,1,0
BRDA:173,5,0,0
BRDA:173,5,1,0
BRF:11
BRH:0
end_of_record
TN:
SF:components/renderers/FormViewRenderer.tsx
FN:44,FormSectionView
FN:61,(anonymous_1)
FN:63,(anonymous_2)
FN:66,(anonymous_3)
FN:80,(anonymous_4)
FN:97,(anonymous_5)
FN:116,(anonymous_6)
FN:133,FormViewRenderer
FN:147,(anonymous_8)
FN:158,(anonymous_9)
FN:159,(anonymous_10)
FN:168,(anonymous_11)
FN:169,(anonymous_12)
FN:171,(anonymous_13)
FN:181,(anonymous_14)
FN:188,(anonymous_15)
FN:219,(anonymous_16)
FNF:17
FNH:0
FNDA:0,FormSectionView
FNDA:0,(anonymous_1)
FNDA:0,(anonymous_2)
FNDA:0,(anonymous_3)
FNDA:0,(anonymous_4)
FNDA:0,(anonymous_5)
FNDA:0,(anonymous_6)
FNDA:0,FormViewRenderer
FNDA:0,(anonymous_8)
FNDA:0,(anonymous_9)
FNDA:0,(anonymous_10)
FNDA:0,(anonymous_11)
FNDA:0,(anonymous_12)
FNDA:0,(anonymous_13)
FNDA:0,(anonymous_14)
FNDA:0,(anonymous_15)
FNDA:0,(anonymous_16)
DA:59,0
DA:61,0
DA:62,0
DA:64,0
DA:65,0
DA:66,0
DA:67,0
DA:68,0
DA:69,0
DA:74,0
DA:80,0
DA:99,0
DA:100,0
DA:101,0
DA:104,0
DA:116,0
DA:143,0
DA:144,0
DA:147,0
DA:148,0
DA:149,0
DA:150,0
DA:154,0
DA:155,0
DA:158,0
DA:159,0
DA:164,0
DA:168,0
DA:169,0
DA:171,0
DA:172,0
DA:173,0
DA:174,0
DA:175,0
DA:177,0
DA:181,0
DA:183,0
DA:184,0
DA:185,0
DA:186,0
DA:187,0
DA:188,0
DA:189,0
DA:190,0
DA:191,0
DA:192,0
DA:193,0
DA:200,0
DA:201,0
DA:202,0
DA:205,0
DA:209,0
DA:220,0
LF:53
LH:0
BRDA:59,0,0,0
BRDA:59,0,1,0
BRDA:64,1,0,0
BRDA:64,1,1,0
BRDA:65,2,0,0
BRDA:65,2,1,0
BRDA:67,3,0,0
BRDA:67,3,1,0
BRDA:68,4,0,0
BRDA:68,4,1,0
BRDA:77,5,0,0
BRDA:77,5,1,0
BRDA:80,6,0,0
BRDA:80,6,1,0
BRDA:85,7,0,0
BRDA:85,7,1,0
BRDA:86,8,0,0
BRDA:86,8,1,0
BRDA:95,9,0,0
BRDA:95,9,1,0
BRDA:99,10,0,0
BRDA:99,10,1,0
BRDA:101,11,0,0
BRDA:101,11,1,0
BRDA:109,12,0,0
BRDA:109,12,1,0
BRDA:110,13,0,0
BRDA:110,13,1,0
BRDA:114,14,0,0
BRDA:114,14,1,0
BRDA:114,15,0,0
BRDA:114,15,1,0
BRDA:118,16,0,0
BRDA:118,16,1,0
BRDA:135,17,0,0
BRDA:136,18,0,0
BRDA:139,19,0,0
BRDA:140,20,0,0
BRDA:141,21,0,0
BRDA:148,22,0,0
BRDA:148,22,1,0
BRDA:149,23,0,0
BRDA:149,23,1,0
BRDA:149,24,0,0
BRDA:149,24,1,0
BRDA:154,25,0,0
BRDA:154,25,1,0
BRDA:158,26,0,0
BRDA:158,26,1,0
BRDA:172,27,0,0
BRDA:172,27,1,0
BRDA:186,28,0,0
BRDA:186,28,1,0
BRDA:187,29,0,0
BRDA:187,29,1,0
BRDA:189,30,0,0
BRDA:189,30,1,0
BRDA:190,31,0,0
BRDA:190,31,1,0
BRDA:192,32,0,0
BRDA:192,32,1,0
BRDA:192,33,0,0
BRDA:192,33,1,0
BRDA:194,34,0,0
BRDA:194,34,1,0
BRDA:200,35,0,0
BRDA:200,35,1,0
BRDA:212,36,0,0
BRDA:212,36,1,0
BRDA:221,37,0,0
BRDA:221,37,1,0
BRDA:232,38,0,0
BRDA:232,38,1,0
BRDA:232,38,2,0
BRDA:234,39,0,0
BRDA:234,39,1,0
BRDA:248,40,0,0
BRDA:248,40,1,0
BRF:78
BRH:0
end_of_record
TN:
SF:components/renderers/ImageGallery.tsx
FN:47,ImageGallery
FN:62,(anonymous_1)
FN:64,(anonymous_2)
FN:99,(anonymous_3)
FN:110,(anonymous_4)
FN:115,(anonymous_5)
FN:121,(anonymous_6)
FN:129,(anonymous_7)
FNF:8
FNH:0
FNDA:0,ImageGallery
FNDA:0,(anonymous_1)
FNDA:0,(anonymous_2)
FNDA:0,(anonymous_3)
FNDA:0,(anonymous_4)
FNDA:0,(anonymous_5)
FNDA:0,(anonymous_6)
FNDA:0,(anonymous_7)
DA:54,0
DA:55,0
DA:57,0
DA:58,0
DA:59,0
DA:61,0
DA:63,0
DA:64,0
DA:77,0
DA:78,0
DA:85,0
DA:86,0
DA:93,0
DA:95,0
DA:99,0
DA:110,0
DA:115,0
DA:121,0
DA:129,0
LF:19
LH:0
BRDA:49,0,0,0
BRDA:50,1,0,0
BRDA:77,2,0,0
BRDA:77,2,1,0
BRDA:85,3,0,0
BRDA:85,3,1,0
BRDA:93,4,0,0
BRDA:93,4,1,0
BRDA:119,5,0,0
BRDA:119,5,1,0
BRDA:119,5,2,0
BRDA:127,6,0,0
BRDA:127,6,1,0
BRDA:127,6,2,0
BRDA:139,7,0,0
BRDA:139,7,1,0
BRDA:146,8,0,0
BRDA:146,8,1,0
BRDA:155,9,0,0
BRDA:155,9,1,0
BRF:20
BRH:0
end_of_record
TN:
SF:components/renderers/KanbanViewRenderer.tsx
FN:62,KanbanCard
FN:106,KanbanColumnView
FN:147,(anonymous_2)
FN:148,(anonymous_3)
FN:153,(anonymous_4)
FN:176,KanbanViewRenderer
FN:190,(anonymous_6)
FN:194,(anonymous_7)
FN:196,(anonymous_8)
FN:204,(anonymous_9)
FN:206,(anonymous_10)
FN:214,(anonymous_11)
FN:243,(anonymous_12)
FN:251,(anonymous_13)
FNF:14
FNH:0
FNDA:0,KanbanCard
FNDA:0,KanbanColumnView
FNDA:0,(anonymous_2)
FNDA:0,(anonymous_3)
FNDA:0,(anonymous_4)
FNDA:0,KanbanViewRenderer
FNDA:0,(anonymous_6)
FNDA:0,(anonymous_7)
FNDA:0,(anonymous_8)
FNDA:0,(anonymous_9)
FNDA:0,(anonymous_10)
FNDA:0,(anonymous_11)
FNDA:0,(anonymous_12)
FNDA:0,(anonymous_13)
DA:53,0
DA:73,0
DA:76,0
DA:78,0
DA:121,0
DA:147,0
DA:149,0
DA:153,0
DA:190,0
DA:191,0
DA:194,0
DA:195,0
DA:196,0
DA:204,0
DA:206,0
DA:214,0
DA:215,0
DA:216,0
DA:217,0
DA:219,0
DA:220,0
DA:221,0
DA:222,0
DA:225,0
DA:228,0
DA:229,0
DA:236,0
DA:244,0
DA:251,0
LF:29
LH:0
BRDA:74,0,0,0
BRDA:74,0,1,0
BRDA:74,0,2,0
BRDA:74,0,3,0
BRDA:74,0,4,0
BRDA:74,0,5,0
BRDA:76,1,0,0
BRDA:76,1,1,0
BRDA:76,2,0,0
BRDA:76,2,1,0
BRDA:91,3,0,0
BRDA:91,3,1,0
BRDA:128,4,0,0
BRDA:128,4,1,0
BRDA:137,5,0,0
BRDA:137,5,1,0
BRDA:147,6,0,0
BRDA:147,6,1,0
BRDA:147,6,2,0
BRDA:153,7,0,0
BRDA:153,7,1,0
BRDA:181,8,0,0
BRDA:182,9,0,0
BRDA:191,10,0,0
BRDA:191,10,1,0
BRDA:191,11,0,0
BRDA:191,11,1,0
BRDA:195,12,0,0
BRDA:195,12,1,0
BRDA:204,13,0,0
BRDA:204,13,1,0
BRDA:220,14,0,0
BRDA:220,14,1,0
BRDA:221,15,0,0
BRDA:221,15,1,0
BRDA:228,16,0,0
BRDA:228,16,1,0
BRDA:247,17,0,0
BRDA:247,17,1,0
BRDA:251,18,0,0
BRDA:251,18,1,0
BRF:41
BRH:0
end_of_record
TN:
SF:components/renderers/ListViewRenderer.tsx
FN:75,ListViewRenderer
FN:109,(anonymous_1)
FN:120,(anonymous_2)
FN:141,(anonymous_3)
FN:146,(anonymous_4)
FN:148,(anonymous_5)
FN:150,(anonymous_6)
FN:153,(anonymous_7)
FN:165,(anonymous_8)
FN:167,(anonymous_9)
FN:169,(anonymous_10)
FN:177,(anonymous_11)
FN:179,(anonymous_12)
FN:181,(anonymous_13)
FN:191,(anonymous_14)
FN:202,(anonymous_15)
FN:218,(anonymous_16)
FN:227,(anonymous_17)
FN:241,(anonymous_18)
FN:253,(anonymous_19)
FN:254,(anonymous_20)
FN:281,(anonymous_21)
FN:282,(anonymous_22)
FN:315,(anonymous_23)
FN:324,(anonymous_24)
FN:361,(anonymous_25)
FN:368,(anonymous_26)
FN:371,(anonymous_27)
FN:373,(anonymous_28)
FN:382,(anonymous_29)
FN:407,(anonymous_30)
FN:449,(anonymous_31)
FN:454,(anonymous_32)
FN:465,(anonymous_33)
FNF:34
FNH:0
FNDA:0,ListViewRenderer
FNDA:0,(anonymous_1)
FNDA:0,(anonymous_2)
FNDA:0,(anonymous_3)
FNDA:0,(anonymous_4)
FNDA:0,(anonymous_5)
FNDA:0,(anonymous_6)
FNDA:0,(anonymous_7)
FNDA:0,(anonymous_8)
FNDA:0,(anonymous_9)
FNDA:0,(anonymous_10)
FNDA:0,(anonymous_11)
FNDA:0,(anonymous_12)
FNDA:0,(anonymous_13)
FNDA:0,(anonymous_14)
FNDA:0,(anonymous_15)
FNDA:0,(anonymous_16)
FNDA:0,(anonymous_17)
FNDA:0,(anonymous_18)
FNDA:0,(anonymous_19)
FNDA:0,(anonymous_20)
FNDA:0,(anonymous_21)
FNDA:0,(anonymous_22)
FNDA:0,(anonymous_23)
FNDA:0,(anonymous_24)
FNDA:0,(anonymous_25)
FNDA:0,(anonymous_26)
FNDA:0,(anonymous_27)
FNDA:0,(anonymous_28)
FNDA:0,(anonymous_29)
FNDA:0,(anonymous_30)
FNDA:0,(anonymous_31)
FNDA:0,(anonymous_32)
FNDA:0,(anonymous_33)
DA:99,0
DA:100,0
DA:101,0
DA:102,0
DA:105,0
DA:106,0
DA:107,0
DA:108,0
DA:110,0
DA:111,0
DA:113,0
DA:119,0
DA:121,0
DA:122,0
DA:123,0
DA:124,0
DA:126,0
DA:127,0
DA:130,0
DA:131,0
DA:133,0
DA:136,0
DA:141,0
DA:142,0
DA:146,0
DA:147,0
DA:148,0
DA:149,0
DA:150,0
DA:151,0
DA:153,0
DA:158,0
DA:163,0
DA:164,0
DA:165,0
DA:167,0
DA:169,0
DA:175,0
DA:176,0
DA:177,0
DA:179,0
DA:181,0
DA:186,0
DA:190,0
DA:192,0
DA:193,0
DA:194,0
DA:195,0
DA:201,0
DA:203,0
DA:204,0
DA:205,0
DA:206,0
DA:208,0
DA:213,0
DA:219,0
DA:220,0
DA:222,0
DA:227,0
DA:241,0
DA:254,0
DA:255,0
DA:259,0
DA:278,0
DA:279,0
DA:281,0
DA:282,0
DA:289,0
DA:295,0
DA:296,0
DA:312,0
DA:314,0
DA:316,0
DA:317,0
DA:323,0
DA:325,0
DA:326,0
DA:327,0
DA:329,0
DA:330,0
DA:336,0
DA:338,0
DA:344,0
DA:361,0
DA:368,0
DA:371,0
DA:374,0
DA:375,0
DA:382,0
DA:408,0
DA:449,0
DA:454,0
DA:465,0
LF:93
LH:0
BRDA:77,0,0,0
BRDA:79,1,0,0
BRDA:83,2,0,0
BRDA:87,3,0,0
BRDA:89,4,0,0
BRDA:97,5,0,0
BRDA:105,6,0,0
BRDA:105,6,1,0
BRDA:105,6,2,0
BRDA:107,7,0,0
BRDA:107,7,1,0
BRDA:110,8,0,0
BRDA:110,8,1,0
BRDA:122,9,0,0
BRDA:122,9,1,0
BRDA:123,10,0,0
BRDA:123,10,1,0
BRDA:130,11,0,0
BRDA:130,11,1,0
BRDA:147,12,0,0
BRDA:147,12,1,0
BRDA:147,13,0,0
BRDA:147,13,1,0
BRDA:149,14,0,0
BRDA:149,14,1,0
BRDA:153,15,0,0
BRDA:153,15,1,0
BRDA:163,16,0,0
BRDA:163,16,1,0
BRDA:165,17,0,0
BRDA:165,17,1,0
BRDA:169,18,0,0
BRDA:169,18,1,0
BRDA:175,19,0,0
BRDA:175,19,1,0
BRDA:177,20,0,0
BRDA:177,20,1,0
BRDA:192,21,0,0
BRDA:192,21,1,0
BRDA:192,22,0,0
BRDA:192,22,1,0
BRDA:203,23,0,0
BRDA:203,23,1,0
BRDA:203,23,2,0
BRDA:208,24,0,0
BRDA:208,24,1,0
BRDA:209,25,0,0
BRDA:209,25,1,0
BRDA:210,26,0,0
BRDA:210,26,1,0
BRDA:210,26,2,0
BRDA:210,26,3,0
BRDA:210,26,4,0
BRDA:210,26,5,0
BRDA:216,27,0,0
BRDA:216,27,1,0
BRDA:219,28,0,0
BRDA:219,28,1,0
BRDA:226,29,0,0
BRDA:226,29,1,0
BRDA:233,30,0,0
BRDA:233,30,1,0
BRDA:237,31,0,0
BRDA:237,31,1,0
BRDA:243,32,0,0
BRDA:243,32,1,0
BRDA:251,33,0,0
BRDA:251,33,1,0
BRDA:257,34,0,0
BRDA:257,34,1,0
BRDA:257,34,2,0
BRDA:262,35,0,0
BRDA:262,35,1,0
BRDA:278,36,0,0
BRDA:278,36,1,0
BRDA:278,37,0,0
BRDA:278,37,1,0
BRDA:281,38,0,0
BRDA:281,38,1,0
BRDA:282,39,0,0
BRDA:282,39,1,0
BRDA:295,40,0,0
BRDA:295,40,1,0
BRDA:295,41,0,0
BRDA:295,41,1,0
BRDA:299,42,0,0
BRDA:299,42,1,0
BRDA:325,43,0,0
BRDA:325,43,1,0
BRDA:325,44,0,0
BRDA:325,44,1,0
BRDA:327,45,0,0
BRDA:327,45,1,0
BRDA:331,46,0,0
BRDA:331,46,1,0
BRDA:331,47,0,0
BRDA:331,47,1,0
BRDA:331,47,2,0
BRDA:347,48,0,0
BRDA:347,48,1,0
BRDA:347,48,2,0
BRDA:349,49,0,0
BRDA:349,49,1,0
BRDA:349,49,2,0
BRDA:358,50,0,0
BRDA:358,50,1,0
BRDA:358,50,2,0
BRDA:368,51,0,0
BRDA:368,51,1,0
BRDA:371,52,0,0
BRDA:371,52,1,0
BRDA:380,53,0,0
BRDA:380,53,1,0
BRDA:387,54,0,0
BRDA:387,54,1,0
BRDA:390,55,0,0
BRDA:390,55,1,0
BRDA:392,56,0,0
BRDA:392,56,1,0
BRDA:393,57,0,0
BRDA:393,57,1,0
BRDA:408,58,0,0
BRDA:408,58,1,0
BRDA:408,58,2,0
BRDA:412,59,0,0
BRDA:412,59,1,0
BRDA:416,60,0,0
BRDA:416,60,1,0
BRDA:421,61,0,0
BRDA:421,61,1,0
BRDA:434,62,0,0
BRDA:434,62,1,0
BRDA:434,63,0,0
BRDA:434,63,1,0
BRDA:443,64,0,0
BRDA:443,64,1,0
BRDA:443,64,2,0
BRDA:448,65,0,0
BRDA:448,65,1,0
BRDA:453,66,0,0
BRDA:453,66,1,0
BRDA:461,67,0,0
BRDA:461,67,1,0
BRDA:461,67,2,0
BRF:144
BRH:0
end_of_record
TN:
SF:components/renderers/MapViewRenderer.tsx
FN:50,recordsToMarkers
FN:63,(anonymous_1)
FN:92,MapViewRenderer
FN:131,(anonymous_3)
FN:134,(anonymous_4)
FNF:5
FNH:0
FNDA:0,recordsToMarkers
FNDA:0,(anonymous_1)
FNDA:0,MapViewRenderer
FNDA:0,(anonymous_3)
FNDA:0,(anonymous_4)
DA:58,0
DA:59,0
DA:60,0
DA:62,0
DA:64,0
DA:65,0
DA:66,0
DA:68,0
DA:97,0
DA:98,0
DA:105,0
DA:106,0
DA:117,0
DA:132,0
DA:134,0
LF:15
LH:0
BRDA:58,0,0,0
BRDA:58,0,1,0
BRDA:59,1,0,0
BRDA:59,1,1,0
BRDA:60,2,0,0
BRDA:60,2,1,0
BRDA:64,3,0,0
BRDA:64,3,1,0
BRDA:65,4,0,0
BRDA:65,4,1,0
BRDA:65,4,2,0
BRDA:66,5,0,0
BRDA:66,5,1,0
BRDA:66,6,0,0
BRDA:66,6,1,0
BRDA:69,7,0,0
BRDA:69,7,1,0
BRDA:69,7,2,0
BRDA:72,8,0,0
BRDA:72,8,1,0
BRDA:72,8,2,0
BRDA:72,8,3,0
BRDA:73,9,0,0
BRDA:73,9,1,0
BRDA:94,10,0,0
BRDA:97,11,0,0
BRDA:97,11,1,0
BRDA:105,12,0,0
BRDA:105,12,1,0
BRDA:126,13,0,0
BRDA:126,13,1,0
BRDA:134,14,0,0
BRDA:134,14,1,0
BRDA:145,15,0,0
BRDA:145,15,1,0
BRF:35
BRH:0
end_of_record
TN:
SF:components/renderers/SwipeableRow.tsx
FN:42,SwipeableRow
FN:52,(anonymous_1)
FN:55,(anonymous_2)
FN:74,(anonymous_3)
FN:88,(anonymous_4)
FNF:5
FNH:0
FNDA:0,SwipeableRow
FNDA:0,(anonymous_1)
FNDA:0,(anonymous_2)
FNDA:0,(anonymous_3)
FNDA:0,(anonymous_4)
DA:23,0
DA:47,0
DA:49,0
DA:52,0
DA:55,0
DA:59,0
DA:60,0
DA:62,0
DA:68,0
DA:75,0
DA:76,0
DA:89,0
DA:90,0
DA:104,0
DA:105,0
DA:108,0
LF:16
LH:0
BRDA:49,0,0,0
BRDA:49,0,1,0
BRDA:59,1,0,0
BRDA:59,1,1,0
BRDA:59,2,0,0
BRDA:59,2,1,0
BRDA:72,3,0,0
BRDA:72,3,1,0
BRDA:86,4,0,0
BRDA:86,4,1,0
BRDA:104,5,0,0
BRDA:104,5,1,0
BRF:12
BRH:0
end_of_record
TN:
SF:components/renderers/TimelineViewRenderer.tsx
FN:39,formatRelativeTime
FN:54,EntryIcon
FN:74,EntryDotColor
FN:95,TimelineViewRenderer
FN:125,(anonymous_4)
FN:132,(anonymous_5)
FNF:6
FNH:0
FNDA:0,formatRelativeTime
FNDA:0,EntryIcon
FNDA:0,EntryDotColor
FNDA:0,TimelineViewRenderer
FNDA:0,(anonymous_4)
FNDA:0,(anonymous_5)
DA:40,0
DA:41,0
DA:42,0
DA:43,0
DA:45,0
DA:46,0
DA:47,0
DA:48,0
DA:49,0
DA:50,0
DA:51,0
DA:55,0
DA:56,0
DA:58,0
DA:60,0
DA:62,0
DA:64,0
DA:66,0
DA:68,0
DA:70,0
DA:75,0
DA:76,0
DA:77,0
DA:78,0
DA:79,0
DA:80,0
DA:81,0
DA:100,0
DA:101,0
DA:108,0
DA:109,0
DA:120,0
DA:126,0
DA:128,0
DA:132,0
LF:35
LH:0
BRDA:45,0,0,0
BRDA:45,0,1,0
BRDA:46,1,0,0
BRDA:46,1,1,0
BRDA:48,2,0,0
BRDA:48,2,1,0
BRDA:50,3,0,0
BRDA:50,3,1,0
BRDA:56,4,0,0
BRDA:56,4,1,0
BRDA:56,4,2,0
BRDA:56,4,3,0
BRDA:56,4,4,0
BRDA:56,4,5,0
BRDA:56,4,6,0
BRDA:75,5,0,0
BRDA:75,5,1,0
BRDA:75,5,2,0
BRDA:75,5,3,0
BRDA:75,5,4,0
BRDA:75,5,5,0
BRDA:97,6,0,0
BRDA:100,7,0,0
BRDA:100,7,1,0
BRDA:108,8,0,0
BRDA:108,8,1,0
BRDA:132,9,0,0
BRDA:132,9,1,0
BRDA:144,10,0,0
BRDA:144,10,1,0
BRDA:152,11,0,0
BRDA:152,11,1,0
BRDA:158,12,0,0
BRDA:158,12,1,0
BRF:34
BRH:0
end_of_record
TN:
SF:components/renderers/ViewRenderer.tsx
FN:43,registerRenderer
FN:83,ViewRenderer
FNF:2
FNH:0
FNDA:0,registerRenderer
FNDA:0,ViewRenderer
DA:27,0
DA:47,0
DA:84,0
DA:86,0
DA:87,0
DA:96,0
LF:6
LH:0
BRDA:86,0,0,0
BRDA:86,0,1,0
BRF:2
BRH:0
end_of_record
TN:
SF:components/renderers/types.ts
FNF:0
FNH:0
LF:0
LH:0
BRF:0
BRH:0
end_of_record
TN:
SF:components/renderers/fields/FieldRenderer.tsx
FN:31,ReadOnlyValue
FN:37,(anonymous_1)
FN:78,TextFieldInput
FN:97,(anonymous_3)
FN:108,NumberFieldInput
FN:116,(anonymous_5)
FN:127,BooleanFieldInput
FN:131,(anonymous_7)
FN:136,SelectFieldInput
FN:137,(anonymous_9)
FN:146,(anonymous_10)
FN:156,FieldRenderer
FN:170,(anonymous_12)
FN:198,renderEditableField
FN:270,formatDisplayValue
FNF:15
FNH:0
FNDA:0,ReadOnlyValue
FNDA:0,(anonymous_1)
FNDA:0,TextFieldInput
FNDA:0,(anonymous_3)
FNDA:0,NumberFieldInput
FNDA:0,(anonymous_5)
FNDA:0,BooleanFieldInput
FNDA:0,(anonymous_7)
FNDA:0,SelectFieldInput
FNDA:0,(anonymous_9)
FNDA:0,(anonymous_10)
FNDA:0,FieldRenderer
FNDA:0,(anonymous_12)
FNDA:0,renderEditableField
FNDA:0,formatDisplayValue
DA:32,0
DA:34,0
DA:35,0
DA:36,0
DA:37,0
DA:43,0
DA:44,0
DA:59,0
DA:60,0
DA:71,0
DA:89,0
DA:97,0
DA:109,0
DA:117,0
DA:118,0
DA:128,0
DA:131,0
DA:137,0
DA:142,0
DA:146,0
DA:164,0
DA:166,0
DA:170,0
DA:204,0
DA:206,0
DA:214,0
DA:217,0
DA:220,0
DA:223,0
DA:226,0
DA:234,0
DA:238,0
DA:242,0
DA:247,0
DA:253,0
DA:263,0
DA:266,0
DA:271,0
DA:273,0
DA:276,0
DA:279,0
DA:284,0
DA:287,0
DA:288,0
DA:289,0
DA:290,0
DA:292,0
DA:295,0
DA:296,0
DA:297,0
DA:298,0
DA:300,0
DA:305,0
DA:308,0
LF:54
LH:0
BRDA:34,0,0,0
BRDA:34,0,1,0
BRDA:34,1,0,0
BRDA:34,1,1,0
BRDA:34,1,2,0
BRDA:34,1,3,0
BRDA:35,2,0,0
BRDA:35,2,1,0
BRDA:43,3,0,0
BRDA:43,3,1,0
BRDA:43,4,0,0
BRDA:43,4,1,0
BRDA:49,5,0,0
BRDA:49,5,1,0
BRDA:53,6,0,0
BRDA:53,6,1,0
BRDA:59,7,0,0
BRDA:59,7,1,0
BRDA:59,8,0,0
BRDA:59,8,1,0
BRDA:93,9,0,0
BRDA:93,9,1,0
BRDA:94,10,0,0
BRDA:94,10,1,0
BRDA:96,11,0,0
BRDA:96,11,1,0
BRDA:98,12,0,0
BRDA:98,12,1,0
BRDA:101,13,0,0
BRDA:101,13,1,0
BRDA:103,14,0,0
BRDA:103,14,1,0
BRDA:113,15,0,0
BRDA:113,15,1,0
BRDA:115,16,0,0
BRDA:115,16,1,0
BRDA:118,17,0,0
BRDA:118,17,1,0
BRDA:120,18,0,0
BRDA:120,18,1,0
BRDA:137,19,0,0
BRDA:137,19,1,0
BRDA:145,20,0,0
BRDA:145,20,1,0
BRDA:147,21,0,0
BRDA:147,21,1,0
BRDA:160,22,0,0
BRDA:164,23,0,0
BRDA:164,23,1,0
BRDA:170,24,0,0
BRDA:170,24,1,0
BRDA:171,25,0,0
BRDA:171,25,1,0
BRDA:171,26,0,0
BRDA:171,26,1,0
BRDA:177,27,0,0
BRDA:177,27,1,0
BRDA:184,28,0,0
BRDA:184,28,1,0
BRDA:184,29,0,0
BRDA:184,29,1,0
BRDA:189,30,0,0
BRDA:189,30,1,0
BRDA:206,31,0,0
BRDA:206,31,1,0
BRDA:206,31,2,0
BRDA:206,31,3,0
BRDA:206,31,4,0
BRDA:206,31,5,0
BRDA:206,31,6,0
BRDA:206,31,7,0
BRDA:206,31,8,0
BRDA:206,31,9,0
BRDA:206,31,10,0
BRDA:206,31,11,0
BRDA:206,31,12,0
BRDA:206,31,13,0
BRDA:206,31,14,0
BRDA:206,31,15,0
BRDA:206,31,16,0
BRDA:206,31,17,0
BRDA:206,31,18,0
BRDA:206,31,19,0
BRDA:206,31,20,0
BRDA:206,31,21,0
BRDA:206,31,22,0
BRDA:206,31,23,0
BRDA:206,31,24,0
BRDA:206,31,25,0
BRDA:206,31,26,0
BRDA:206,31,27,0
BRDA:206,31,28,0
BRDA:206,31,29,0
BRDA:206,31,30,0
BRDA:256,32,0,0
BRDA:256,32,1,0
BRDA:271,33,0,0
BRDA:271,33,1,0
BRDA:273,34,0,0
BRDA:273,34,1,0
BRDA:273,34,2,0
BRDA:273,34,3,0
BRDA:273,34,4,0
BRDA:273,34,5,0
BRDA:273,34,6,0
BRDA:273,34,7,0
BRDA:273,34,8,0
BRDA:273,34,9,0
BRDA:276,35,0,0
BRDA:276,35,1,0
BRDA:279,36,0,0
BRDA:279,36,1,0
BRDA:284,37,0,0
BRDA:284,37,1,0
BRDA:287,38,0,0
BRDA:287,38,1,0
BRDA:288,39,0,0
BRDA:288,39,1,0
BRDA:290,40,0,0
BRDA:290,40,1,0
BRDA:295,41,0,0
BRDA:295,41,1,0
BRDA:296,42,0,0
BRDA:296,42,1,0
BRDA:298,43,0,0
BRDA:298,43,1,0
BRDA:305,44,0,0
BRDA:305,44,1,0
BRF:128
BRH:0
end_of_record
TN:
SF:components/renderers/fields/FileField.tsx
FN:46,resolveFileInfo
FN:70,FileField
FN:86,(anonymous_2)
FN:118,(anonymous_3)
FN:123,(anonymous_4)
FN:141,(anonymous_5)
FN:158,(anonymous_6)
FN:167,(anonymous_7)
FN:176,(anonymous_8)
FNF:9
FNH:0
FNDA:0,resolveFileInfo
FNDA:0,FileField
FNDA:0,(anonymous_2)
FNDA:0,(anonymous_3)
FNDA:0,(anonymous_4)
FNDA:0,(anonymous_5)
FNDA:0,(anonymous_6)
FNDA:0,(anonymous_7)
FNDA:0,(anonymous_8)
DA:47,0
DA:48,0
DA:49,0
DA:50,0
DA:51,0
DA:57,0
DA:82,0
DA:83,0
DA:85,0
DA:87,0
DA:88,0
DA:89,0
DA:90,0
DA:91,0
DA:92,0
DA:95,0
DA:97,0
DA:104,0
DA:105,0
DA:106,0
DA:111,0
DA:118,0
DA:123,0
DA:132,0
DA:141,0
DA:158,0
DA:167,0
DA:176,0
LF:28
LH:0
BRDA:47,0,0,0
BRDA:47,0,1,0
BRDA:48,1,0,0
BRDA:48,1,1,0
BRDA:49,2,0,0
BRDA:49,2,1,0
BRDA:52,3,0,0
BRDA:52,3,1,0
BRDA:52,3,2,0
BRDA:53,4,0,0
BRDA:53,4,1,0
BRDA:54,5,0,0
BRDA:54,5,1,0
BRDA:74,6,0,0
BRDA:87,7,0,0
BRDA:87,7,1,0
BRDA:91,8,0,0
BRDA:91,8,1,0
BRDA:104,9,0,0
BRDA:104,9,1,0
BRDA:105,10,0,0
BRDA:105,10,1,0
BRDA:115,11,0,0
BRDA:115,11,1,0
BRDA:115,11,2,0
BRDA:117,12,0,0
BRDA:117,12,1,0
BRDA:117,12,2,0
BRDA:118,13,0,0
BRDA:118,13,1,0
BRDA:122,14,0,0
BRDA:122,14,1,0
BRDA:122,14,2,0
BRDA:123,15,0,0
BRDA:123,15,1,0
BRDA:135,16,0,0
BRDA:135,16,1,0
BRDA:139,17,0,0
BRDA:139,17,1,0
BRDA:148,18,0,0
BRDA:148,18,1,0
BRDA:155,19,0,0
BRDA:155,19,1,0
BRDA:155,19,2,0
BRDA:155,19,3,0
BRDA:164,20,0,0
BRDA:164,20,1,0
BRDA:164,20,2,0
BRDA:164,20,3,0
BRDA:173,21,0,0
BRDA:173,21,1,0
BRDA:186,22,0,0
BRDA:186,22,1,0
BRF:53
BRH:0
end_of_record
TN:
SF:components/sync/ConflictResolutionDialog.tsx
FN:29,ConflictResolutionDialog
FN:58,(anonymous_1)
FN:77,(anonymous_2)
FN:86,(anonymous_3)
FNF:4
FNH:0
FNDA:0,ConflictResolutionDialog
FNDA:0,(anonymous_1)
FNDA:0,(anonymous_2)
FNDA:0,(anonymous_3)
DA:36,0
DA:59,0
DA:77,0
DA:86,0
LF:4
LH:0
BRDA:69,0,0,0
BRDA:69,0,1,0
BRF:2
BRH:0
end_of_record
TN:
SF:components/ui/Avatar.tsx
FN:24,Avatar
FN:44,(anonymous_1)
FNF:2
FNH:0
FNDA:0,Avatar
FNDA:0,(anonymous_1)
DA:5,0
DA:11,0
DA:30,0
DA:32,0
DA:44,0
LF:5
LH:0
BRDA:27,0,0,0
BRDA:40,1,0,0
BRDA:40,1,1,0
BRDA:40,2,0,0
BRDA:40,2,1,0
BRF:5
BRH:0
end_of_record
TN:
SF:components/ui/Badge.tsx
FN:25,Badge
FNF:1
FNH:0
FNDA:0,Badge
DA:5,0
DA:12,0
DA:30,0
LF:3
LH:0
BRDA:26,0,0,0
BRDA:38,1,0,0
BRDA:38,1,1,0
BRF:3
BRH:0
end_of_record
TN:
SF:components/ui/BottomSheet.tsx
FN:13,BottomSheet
FN:25,(anonymous_1)
FN:29,(anonymous_2)
FNF:3
FNH:0
FNDA:0,BottomSheet
FNDA:0,(anonymous_1)
FNDA:0,(anonymous_2)
DA:20,0
DA:25,0
DA:29,0
LF:3
LH:0
BRDA:40,0,0,0
BRDA:40,0,1,0
BRF:2
BRH:0
end_of_record
TN:
SF:components/ui/Button.tsx
FN:46,Button
FN:57,(anonymous_1)
FNF:2
FNH:0
FNDA:0,Button
FNDA:0,(anonymous_1)
DA:11,0
DA:18,0
DA:25,0
DA:31,0
DA:56,0
DA:58,0
DA:59,0
DA:64,0
LF:8
LH:0
BRDA:47,0,0,0
BRDA:48,1,0,0
BRDA:70,2,0,0
BRDA:70,2,1,0
BRDA:77,3,0,0
BRDA:77,3,1,0
BRF:6
BRH:0
end_of_record
TN:
SF:components/ui/Card.tsx
FN:10,Card
FN:29,CardHeader
FN:42,CardTitle
FN:55,CardDescription
FN:68,CardContent
FN:85,CardFooter
FNF:6
FNH:0
FNDA:0,Card
FNDA:0,CardHeader
FNDA:0,CardTitle
FNDA:0,CardDescription
FNDA:0,CardContent
FNDA:0,CardFooter
DA:11,0
DA:30,0
DA:43,0
DA:56,0
DA:73,0
DA:86,0
LF:6
LH:0
BRF:0
BRH:0
end_of_record
TN:
SF:components/ui/Checkbox.tsx
FN:13,Checkbox
FN:23,(anonymous_1)
FNF:2
FNH:0
FNDA:0,Checkbox
FNDA:0,(anonymous_1)
DA:19,0
DA:23,0
LF:2
LH:0
BRDA:27,0,0,0
BRDA:27,0,1,0
BRDA:30,1,0,0
BRDA:30,1,1,0
BRDA:34,2,0,0
BRDA:34,2,1,0
BRF:6
BRH:0
end_of_record
TN:
SF:components/ui/Dialog.tsx
FN:15,Dialog
FN:28,(anonymous_1)
FN:32,(anonymous_2)
FN:45,(anonymous_3)
FNF:4
FNH:0
FNDA:0,Dialog
FNDA:0,(anonymous_1)
FNDA:0,(anonymous_2)
FNDA:0,(anonymous_3)
DA:23,0
DA:28,0
DA:32,0
DA:45,0
LF:4
LH:0
BRDA:53,0,0,0
BRDA:53,0,1,0
BRF:2
BRH:0
end_of_record
TN:
SF:components/ui/Input.tsx
FN:11,(anonymous_0)
FN:29,(anonymous_1)
FN:33,(anonymous_2)
FNF:3
FNH:0
FNDA:0,(anonymous_0)
FNDA:0,(anonymous_1)
FNDA:0,(anonymous_2)
DA:10,0
DA:12,0
DA:14,0
DA:30,0
DA:31,0
DA:34,0
DA:35,0
DA:44,0
LF:8
LH:0
BRDA:18,0,0,0
BRDA:18,0,1,0
BRF:2
BRH:0
end_of_record
TN:
SF:components/ui/Select.tsx
FN:25,Select
FN:33,(anonymous_1)
FN:38,(anonymous_2)
FN:59,(anonymous_3)
FN:63,(anonymous_4)
FN:67,(anonymous_5)
FN:70,(anonymous_6)
FNF:7
FNH:0
FNDA:0,Select
FNDA:0,(anonymous_1)
FNDA:0,(anonymous_2)
FNDA:0,(anonymous_3)
FNDA:0,(anonymous_4)
FNDA:0,(anonymous_5)
FNDA:0,(anonymous_6)
DA:32,0
DA:33,0
DA:35,0
DA:38,0
DA:59,0
DA:63,0
DA:68,0
DA:71,0
DA:72,0
LF:9
LH:0
BRDA:29,0,0,0
BRDA:47,1,0,0
BRDA:47,1,1,0
BRDA:50,2,0,0
BRDA:50,2,1,0
BRDA:79,3,0,0
BRDA:79,3,1,0
BRF:7
BRH:0
end_of_record
TN:
SF:components/ui/Skeleton.tsx
FN:11,Skeleton
FN:14,(anonymous_1)
FN:18,(anonymous_2)
FN:28,(anonymous_3)
FNF:4
FNH:0
FNDA:0,Skeleton
FNDA:0,(anonymous_1)
FNDA:0,(anonymous_2)
FNDA:0,(anonymous_3)
DA:12,0
DA:14,0
DA:16,0
DA:18,0
DA:19,0
DA:20,0
DA:22,0
DA:23,0
DA:24,0
DA:27,0
DA:28,0
DA:31,0
DA:37,0
LF:13
LH:0
BRDA:19,0,0,0
BRDA:19,0,1,0
BRDA:33,1,0,0
BRDA:33,1,1,0
BRDA:34,2,0,0
BRDA:34,2,1,0
BRF:6
BRH:0
end_of_record
TN:
SF:components/ui/Switch.tsx
FN:12,Switch
FN:26,(anonymous_1)
FNF:2
FNH:0
FNDA:0,Switch
FNDA:0,(anonymous_1)
DA:18,0
DA:22,0
DA:26,0
LF:3
LH:0
BRDA:19,0,0,0
BRDA:19,0,1,0
BRDA:30,1,0,0
BRDA:30,1,1,0
BRDA:31,2,0,0
BRDA:31,2,1,0
BRF:6
BRH:0
end_of_record
TN:
SF:components/ui/Tabs.tsx
FN:25,Tabs
FN:32,(anonymous_1)
FN:45,(anonymous_2)
FN:50,(anonymous_3)
FN:71,(anonymous_4)
FN:81,TabItem
FNF:6
FNH:0
FNDA:0,Tabs
FNDA:0,(anonymous_1)
FNDA:0,(anonymous_2)
FNDA:0,(anonymous_3)
FNDA:0,(anonymous_4)
FNDA:0,TabItem
DA:23,0
DA:31,0
DA:33,0
DA:36,0
DA:46,0
DA:47,0
DA:50,0
DA:72,0
DA:83,0
LF:9
LH:0
BRDA:53,0,0,0
BRDA:53,0,1,0
BRDA:59,1,0,0
BRDA:59,1,1,0
BRDA:72,2,0,0
BRDA:72,2,1,0
BRF:6
BRH:0
end_of_record
TN:
SF:components/ui/Toast.tsx
FN:36,ToastProvider
FN:39,(anonymous_1)
FN:40,(anonymous_2)
FN:40,(anonymous_3)
FN:44,(anonymous_4)
FN:46,(anonymous_5)
FN:47,(anonymous_6)
FN:53,(anonymous_7)
FN:54,(anonymous_8)
FN:55,(anonymous_9)
FN:56,(anonymous_10)
FN:65,(anonymous_11)
FN:81,(anonymous_12)
FN:91,useToast
FNF:14
FNH:0
FNDA:0,ToastProvider
FNDA:0,(anonymous_1)
FNDA:0,(anonymous_2)
FNDA:0,(anonymous_3)
FNDA:0,(anonymous_4)
FNDA:0,(anonymous_5)
FNDA:0,(anonymous_6)
FNDA:0,(anonymous_7)
FNDA:0,(anonymous_8)
FNDA:0,(anonymous_9)
FNDA:0,(anonymous_10)
FNDA:0,(anonymous_11)
FNDA:0,(anonymous_12)
FNDA:0,useToast
DA:20,0
DA:22,0
DA:24,0
DA:30,0
DA:37,0
DA:39,0
DA:40,0
DA:43,0
DA:45,0
DA:46,0
DA:47,0
DA:52,0
DA:53,0
DA:54,0
DA:55,0
DA:56,0
DA:61,0
DA:66,0
DA:81,0
DA:92,0
DA:93,0
DA:94,0
DA:96,0
LF:23
LH:0
BRDA:93,0,0,0
BRDA:93,0,1,0
BRF:2
BRH:0
end_of_record
TN:
SF:components/views/SaveViewDialog.tsx
FN:24,SaveViewDialog
FN:36,(anonymous_1)
FN:80,(anonymous_2)
FN:98,(anonymous_3)
FNF:4
FNH:0
FNDA:0,SaveViewDialog
FNDA:0,(anonymous_1)
FNDA:0,(anonymous_2)
FNDA:0,(anonymous_3)
DA:30,0
DA:31,0
DA:34,0
DA:36,0
DA:37,0
DA:38,0
DA:39,0
DA:40,0
DA:47,0
DA:49,0
DA:53,0
DA:80,0
DA:98,0
LF:13
LH:0
BRDA:30,0,0,0
BRDA:30,0,1,0
BRDA:32,1,0,0
BRDA:32,1,1,0
BRDA:37,2,0,0
BRDA:37,2,1,0
BRDA:83,3,0,0
BRDA:83,3,1,0
BRDA:91,4,0,0
BRDA:91,4,1,0
BRDA:101,5,0,0
BRDA:101,5,1,0
BRDA:109,6,0,0
BRDA:109,6,1,0
BRDA:120,7,0,0
BRDA:120,7,1,0
BRDA:123,8,0,0
BRDA:123,8,1,0
BRDA:123,8,2,0
BRDA:128,9,0,0
BRDA:128,9,1,0
BRF:21
BRH:0
end_of_record
TN:
SF:components/views/ViewTabs.tsx
FN:26,ViewTabs
FN:44,(anonymous_1)
FN:63,(anonymous_2)
FN:68,(anonymous_3)
FN:89,(anonymous_4)
FNF:5
FNH:0
FNDA:0,ViewTabs
FNDA:0,(anonymous_1)
FNDA:0,(anonymous_2)
FNDA:0,(anonymous_3)
FNDA:0,(anonymous_4)
DA:33,0
DA:35,0
DA:44,0
DA:64,0
DA:65,0
DA:68,0
DA:89,0
LF:7
LH:0
BRDA:33,0,0,0
BRDA:33,0,1,0
BRDA:47,1,0,0
BRDA:47,1,1,0
BRDA:55,2,0,0
BRDA:55,2,1,0
BRDA:71,3,0,0
BRDA:71,3,1,0
BRDA:74,4,0,0
BRDA:74,4,1,0
BRDA:78,5,0,0
BRDA:78,5,1,0
BRDA:84,6,0,0
BRDA:84,6,1,0
BRDA:84,6,2,0
BRDA:88,7,0,0
BRDA:88,7,1,0
BRDA:88,7,2,0
BRF:18
BRH:0
end_of_record
TN:
SF:hooks/useAnalyticsMeta.ts
FN:39,useAnalyticsMeta
FN:45,(anonymous_1)
FN:69,(anonymous_2)
FNF:3
FNH:0
FNDA:0,useAnalyticsMeta
FNDA:0,(anonymous_1)
FNDA:0,(anonymous_2)
DA:40,0
DA:41,0
DA:42,0
DA:43,0
DA:45,0
DA:46,0
DA:47,0
DA:49,0
DA:50,0
DA:51,0
DA:52,0
DA:55,0
DA:57,0
DA:61,0
DA:63,0
DA:65,0
DA:69,0
DA:70,0
DA:73,0
LF:19
LH:0
BRDA:51,0,0,0
BRDA:51,0,1,0
BRDA:57,1,0,0
BRDA:57,1,1,0
BRDA:59,2,0,0
BRDA:59,2,1,0
BRDA:59,2,2,0
BRDA:63,3,0,0
BRDA:63,3,1,0
BRF:9
BRH:0
end_of_record
TN:
SF:hooks/useAnalyticsQuery.ts
FN:61,useAnalyticsQuery
FN:70,(anonymous_1)
FN:97,(anonymous_2)
FN:116,(anonymous_3)
FNF:4
FNH:0
FNDA:0,useAnalyticsQuery
FNDA:0,(anonymous_1)
FNDA:0,(anonymous_2)
FNDA:0,(anonymous_3)
DA:62,0
DA:63,0
DA:64,0
DA:65,0
DA:66,0
DA:68,0
DA:70,0
DA:71,0
DA:72,0
DA:73,0
DA:75,0
DA:76,0
DA:77,0
DA:78,0
DA:81,0
DA:92,0
DA:96,0
DA:97,0
DA:99,0
DA:101,0
DA:116,0
DA:117,0
DA:120,0
LF:23
LH:0
BRDA:71,0,0,0
BRDA:71,0,1,0
BRDA:77,1,0,0
BRDA:77,1,1,0
BRDA:92,2,0,0
BRDA:92,2,1,0
BRDA:94,3,0,0
BRDA:94,3,1,0
BRDA:94,3,2,0
BRDA:94,3,3,0
BRDA:97,4,0,0
BRDA:97,4,1,0
BRDA:97,5,0,0
BRDA:97,5,1,0
BRDA:99,6,0,0
BRDA:99,6,1,0
BRF:16
BRH:0
end_of_record
TN:
SF:hooks/useAppDiscovery.ts
FN:25,useAppDiscovery
FN:31,(anonymous_1)
FN:36,(anonymous_2)
FN:53,(anonymous_3)
FNF:4
FNH:0
FNDA:0,useAppDiscovery
FNDA:0,(anonymous_1)
FNDA:0,(anonymous_2)
FNDA:0,(anonymous_3)
DA:26,0
DA:27,0
DA:28,0
DA:29,0
DA:31,0
DA:32,0
DA:33,0
DA:34,0
DA:35,0
DA:36,0
DA:45,0
DA:47,0
DA:49,0
DA:53,0
DA:54,0
DA:57,0
LF:16
LH:0
BRDA:36,0,0,0
BRDA:36,0,1,0
BRDA:37,1,0,0
BRDA:37,1,1,0
BRDA:39,2,0,0
BRDA:39,2,1,0
BRDA:43,3,0,0
BRDA:43,3,1,0
BRDA:47,4,0,0
BRDA:47,4,1,0
BRF:10
BRH:0
end_of_record
TN:
SF:hooks/useBatchOperations.ts
FN:44,useBatchOperations
FN:57,(anonymous_1)
FN:92,(anonymous_2)
FN:154,(anonymous_3)
FN:189,(anonymous_4)
FN:228,(anonymous_5)
FN:230,(anonymous_6)
FNF:7
FNH:0
FNDA:0,useBatchOperations
FNDA:0,(anonymous_1)
FNDA:0,(anonymous_2)
FNDA:0,(anonymous_3)
FNDA:0,(anonymous_4)
FNDA:0,(anonymous_5)
FNDA:0,(anonymous_6)
DA:45,0
DA:46,0
DA:47,0
DA:48,0
DA:56,0
DA:58,0
DA:59,0
DA:61,0
DA:64,0
DA:65,0
DA:66,0
DA:67,0
DA:68,0
DA:69,0
DA:71,0
DA:82,0
DA:83,0
DA:85,0
DA:86,0
DA:87,0
DA:88,0
DA:91,0
DA:92,0
DA:93,0
DA:97,0
DA:99,0
DA:100,0
DA:101,0
DA:102,0
DA:103,0
DA:109,0
DA:111,0
DA:120,0
DA:121,0
DA:122,0
DA:123,0
DA:130,0
DA:131,0
DA:137,0
DA:143,0
DA:144,0
DA:145,0
DA:153,0
DA:155,0
DA:156,0
DA:158,0
DA:159,0
DA:160,0
DA:162,0
DA:163,0
DA:164,0
DA:167,0
DA:168,0
DA:170,0
DA:171,0
DA:177,0
DA:178,0
DA:179,0
DA:180,0
DA:188,0
DA:190,0
DA:191,0
DA:193,0
DA:194,0
DA:195,0
DA:197,0
DA:198,0
DA:200,0
DA:203,0
DA:204,0
DA:206,0
DA:207,0
DA:213,0
DA:214,0
DA:215,0
DA:216,0
DA:227,0
DA:229,0
DA:230,0
DA:236,0
LF:80
LH:0
BRDA:67,0,0,0
BRDA:67,0,1,0
BRDA:67,1,0,0
BRDA:67,1,1,0
BRDA:67,1,2,0
BRDA:76,2,0,0
BRDA:76,2,1,0
BRDA:77,3,0,0
BRDA:77,3,1,0
BRDA:85,4,0,0
BRDA:85,4,1,0
BRDA:97,5,0,0
BRDA:97,5,1,0
BRDA:97,6,0,0
BRDA:97,6,1,0
BRDA:101,7,0,0
BRDA:101,7,1,0
BRDA:101,8,0,0
BRDA:101,8,1,0
BRDA:106,9,0,0
BRDA:106,9,1,0
BRDA:120,10,0,0
BRDA:120,10,1,0
BRDA:124,11,0,0
BRDA:124,11,1,0
BRDA:133,12,0,0
BRDA:133,12,1,0
BRDA:164,13,0,0
BRDA:164,13,1,0
BRDA:166,14,0,0
BRDA:166,14,1,0
BRDA:166,14,2,0
BRDA:173,15,0,0
BRDA:173,15,1,0
BRDA:200,16,0,0
BRDA:200,16,1,0
BRDA:202,17,0,0
BRDA:202,17,1,0
BRDA:202,17,2,0
BRDA:209,18,0,0
BRDA:209,18,1,0
BRF:41
BRH:0
end_of_record
TN:
SF:hooks/useDashboardData.ts
FN:32,useWidgetQuery
FN:38,(anonymous_1)
FN:59,(anonymous_2)
FN:60,(anonymous_3)
FN:63,(anonymous_4)
FN:66,(anonymous_5)
FN:75,(anonymous_6)
FN:117,useWidgetData
FNF:8
FNH:6
FNDA:8,useWidgetQuery
FNDA:8,(anonymous_1)
FNDA:11,(anonymous_2)
FNDA:11,(anonymous_3)
FNDA:3,(anonymous_4)
FNDA:2,(anonymous_5)
FNDA:0,(anonymous_6)
FNDA:0,useWidgetData
DA:19,1
DA:33,8
DA:38,8
DA:39,8
DA:41,8
DA:42,1
DA:45,7
DA:47,7
DA:51,5
DA:52,5
DA:55,5
DA:56,1
DA:57,4
DA:58,4
DA:59,11
DA:60,11
DA:61,4
DA:63,3
DA:64,1
DA:66,2
DA:67,1
DA:69,1
DA:70,1
DA:72,1
DA:73,1
DA:75,0
DA:78,0
DA:81,5
DA:85,1
DA:93,1
DA:97,0
DA:118,0
LF:32
LH:28
BRDA:34,0,0,1
BRDA:34,0,1,7
BRDA:34,1,0,8
BRDA:34,1,1,7
BRDA:39,2,0,8
BRDA:39,2,1,1
BRDA:41,3,0,1
BRDA:41,3,1,7
BRDA:45,4,0,7
BRDA:45,4,1,0
BRDA:47,5,0,3
BRDA:47,5,1,5
BRDA:47,5,2,1
BRDA:47,5,3,1
BRDA:47,5,4,1
BRDA:47,5,5,0
BRDA:51,6,0,5
BRDA:51,6,1,1
BRDA:55,7,0,1
BRDA:55,7,1,4
BRDA:56,8,0,1
BRDA:56,8,1,0
BRDA:57,9,0,4
BRDA:57,9,1,0
BRDA:61,10,0,1
BRDA:61,10,1,1
BRDA:61,10,2,1
BRDA:61,10,3,1
BRDA:61,10,4,0
BRDA:66,11,0,1
BRDA:66,11,1,0
BRDA:69,12,0,1
BRDA:69,12,1,0
BRDA:72,13,0,1
BRDA:72,13,1,0
BRDA:78,14,0,0
BRDA:78,14,1,0
BRDA:86,15,0,1
BRDA:86,15,1,0
BRDA:87,16,0,1
BRDA:87,16,1,0
BRF:41
BRH:29
end_of_record
TN:
SF:hooks/useFileUpload.ts
FN:58,useFileUpload
FN:66,(anonymous_1)
FN:120,(anonymous_2)
FN:143,(anonymous_3)
FN:165,(anonymous_4)
FN:176,(anonymous_5)
FN:191,(anonymous_6)
FN:206,(anonymous_7)
FNF:8
FNH:0
FNDA:0,useFileUpload
FNDA:0,(anonymous_1)
FNDA:0,(anonymous_2)
FNDA:0,(anonymous_3)
FNDA:0,(anonymous_4)
FNDA:0,(anonymous_5)
FNDA:0,(anonymous_6)
FNDA:0,(anonymous_7)
DA:59,0
DA:60,0
DA:61,0
DA:62,0
DA:65,0
DA:67,0
DA:68,0
DA:69,0
DA:71,0
DA:72,0
DA:73,0
DA:74,0
DA:77,0
DA:81,0
DA:82,0
DA:84,0
DA:87,0
DA:91,0
DA:92,0
DA:93,0
DA:99,0
DA:101,0
DA:109,0
DA:110,0
DA:111,0
DA:113,0
DA:120,0
DA:121,0
DA:122,0
DA:123,0
DA:124,0
DA:127,0
DA:133,0
DA:135,0
DA:136,0
DA:137,0
DA:139,0
DA:143,0
DA:144,0
DA:145,0
DA:146,0
DA:147,0
DA:150,0
DA:155,0
DA:157,0
DA:158,0
DA:159,0
DA:161,0
DA:165,0
DA:166,0
DA:168,0
DA:170,0
DA:171,0
DA:175,0
DA:177,0
DA:178,0
DA:179,0
DA:180,0
DA:182,0
DA:189,0
DA:192,0
DA:195,0
DA:197,0
DA:204,0
DA:207,0
DA:208,0
DA:209,0
DA:210,0
DA:213,0
DA:214,0
DA:215,0
DA:216,0
DA:219,0
DA:225,0
LF:74
LH:0
BRDA:73,0,0,0
BRDA:73,0,1,0
BRDA:87,1,0,0
BRDA:87,1,1,0
BRDA:87,1,2,0
BRDA:87,1,3,0
BRDA:91,2,0,0
BRDA:91,2,1,0
BRDA:91,3,0,0
BRDA:91,3,1,0
BRDA:109,4,0,0
BRDA:109,4,1,0
BRDA:122,5,0,0
BRDA:122,5,1,0
BRDA:133,6,0,0
BRDA:133,6,1,0
BRDA:133,7,0,0
BRDA:133,7,1,0
BRDA:136,8,0,0
BRDA:136,8,1,0
BRDA:137,9,0,0
BRDA:137,9,1,0
BRDA:145,10,0,0
BRDA:145,10,1,0
BRDA:155,11,0,0
BRDA:155,11,1,0
BRDA:155,12,0,0
BRDA:155,12,1,0
BRDA:158,13,0,0
BRDA:158,13,1,0
BRDA:159,14,0,0
BRDA:159,14,1,0
BRDA:168,15,0,0
BRDA:168,15,1,0
BRDA:168,16,0,0
BRDA:168,16,1,0
BRDA:171,17,0,0
BRDA:171,17,1,0
BRDA:179,18,0,0
BRDA:179,18,1,0
BRDA:208,19,0,0
BRDA:208,19,1,0
BRDA:214,20,0,0
BRDA:214,20,1,0
BRF:44
BRH:0
end_of_record
TN:
SF:hooks/useNetworkStatus.ts
FN:9,useNetworkStatus
FN:12,(anonymous_1)
FN:15,(anonymous_2)
FN:29,(anonymous_3)
FN:34,(anonymous_4)
FN:38,(anonymous_5)
FNF:6
FNH:0
FNDA:0,useNetworkStatus
FNDA:0,(anonymous_1)
FNDA:0,(anonymous_2)
FNDA:0,(anonymous_3)
FNDA:0,(anonymous_4)
FNDA:0,(anonymous_5)
DA:10,0
DA:11,0
DA:12,0
DA:13,0
DA:15,0
DA:16,0
DA:17,0
DA:18,0
DA:19,0
DA:20,0
DA:21,0
DA:24,0
DA:25,0
DA:29,0
DA:31,0
DA:34,0
DA:35,0
DA:38,0
DA:39,0
DA:43,0
LF:20
LH:0
BRDA:18,0,0,0
BRDA:18,0,1,0
BRDA:20,1,0,0
BRDA:20,1,1,0
BRDA:39,2,0,0
BRDA:39,2,1,0
BRF:6
BRH:0
end_of_record
TN:
SF:hooks/useObjectStack.ts
FNF:0
FNH:0
LF:0
LH:0
BRF:0
BRH:0
end_of_record
TN:
SF:hooks/useOfflineSync.ts
FN:24,useOfflineSync
FN:26,(anonymous_1)
FN:41,(anonymous_2)
FN:48,(anonymous_3)
FN:84,(anonymous_4)
FN:104,(anonymous_5)
FN:111,(anonymous_6)
FNF:7
FNH:0
FNDA:0,useOfflineSync
FNDA:0,(anonymous_1)
FNDA:0,(anonymous_2)
FNDA:0,(anonymous_3)
FNDA:0,(anonymous_4)
FNDA:0,(anonymous_5)
FNDA:0,(anonymous_6)
DA:15,0
DA:25,0
DA:26,0
DA:36,0
DA:38,0
DA:41,0
DA:42,0
DA:43,0
DA:47,0
DA:49,0
DA:51,0
DA:52,0
DA:54,0
DA:56,0
DA:57,0
DA:59,0
DA:60,0
DA:62,0
DA:63,0
DA:66,0
DA:68,0
DA:69,0
DA:71,0
DA:72,0
DA:73,0
DA:74,0
DA:76,0
DA:84,0
DA:85,0
DA:86,0
DA:87,0
DA:89,0
DA:90,0
DA:91,0
DA:92,0
DA:93,0
DA:95,0
DA:97,0
DA:98,0
DA:99,0
DA:104,0
DA:105,0
DA:106,0
DA:111,0
DA:112,0
DA:115,0
LF:46
LH:0
BRDA:54,0,0,0
BRDA:54,0,1,0
BRDA:54,0,2,0
BRDA:68,1,0,0
BRDA:68,1,1,0
BRDA:69,2,0,0
BRDA:69,2,1,0
BRDA:71,3,0,0
BRDA:71,3,1,0
BRDA:73,4,0,0
BRDA:73,4,1,0
BRDA:85,5,0,0
BRDA:85,5,1,0
BRDA:85,6,0,0
BRDA:85,6,1,0
BRDA:92,7,0,0
BRDA:92,7,1,0
BRDA:105,8,0,0
BRDA:105,8,1,0
BRF:19
BRH:0
end_of_record
TN:
SF:hooks/useQueryBuilder.ts
FN:25,useQueryBuilder
FN:35,(anonymous_1)
FN:36,(anonymous_2)
FN:43,(anonymous_3)
FN:44,(anonymous_4)
FN:52,(anonymous_5)
FN:53,(anonymous_6)
FN:59,(anonymous_7)
FN:60,(anonymous_8)
FN:64,(anonymous_9)
FN:65,(anonymous_10)
FN:72,(anonymous_11)
FN:80,(anonymous_12)
FN:111,patchNode
FN:122,(anonymous_14)
FN:128,removeNode
FN:133,(anonymous_16)
FN:134,(anonymous_17)
FNF:18
FNH:0
FNDA:0,useQueryBuilder
FNDA:0,(anonymous_1)
FNDA:0,(anonymous_2)
FNDA:0,(anonymous_3)
FNDA:0,(anonymous_4)
FNDA:0,(anonymous_5)
FNDA:0,(anonymous_6)
FNDA:0,(anonymous_7)
FNDA:0,(anonymous_8)
FNDA:0,(anonymous_9)
FNDA:0,(anonymous_10)
FNDA:0,(anonymous_11)
FNDA:0,(anonymous_12)
FNDA:0,patchNode
FNDA:0,(anonymous_14)
FNDA:0,removeNode
FNDA:0,(anonymous_16)
FNDA:0,(anonymous_17)
DA:26,0
DA:29,0
DA:30,0
DA:35,0
DA:36,0
DA:43,0
DA:44,0
DA:51,0
DA:53,0
DA:59,0
DA:60,0
DA:64,0
DA:65,0
DA:72,0
DA:73,0
DA:74,0
DA:80,0
DA:81,0
DA:85,0
DA:87,0
DA:116,0
DA:117,0
DA:119,0
DA:120,0
DA:122,0
DA:125,0
DA:129,0
DA:130,0
DA:133,0
DA:134,0
DA:137,0
LF:31
LH:0
BRDA:35,0,0,0
BRDA:35,1,0,0
BRDA:43,2,0,0
BRDA:67,3,0,0
BRDA:67,3,1,0
BRDA:103,4,0,0
BRDA:103,4,1,0
BRDA:116,5,0,0
BRDA:116,5,1,0
BRDA:119,6,0,0
BRDA:119,6,1,0
BRDA:129,7,0,0
BRDA:129,7,1,0
BRF:13
BRH:0
end_of_record
TN:
SF:hooks/useViewStorage.ts
FN:35,viewsApi
FN:51,useViewStorage
FN:61,(anonymous_2)
FN:66,(anonymous_3)
FN:87,(anonymous_4)
FN:106,(anonymous_5)
FN:125,(anonymous_6)
FN:138,(anonymous_7)
FNF:8
FNH:0
FNDA:0,viewsApi
FNDA:0,useViewStorage
FNDA:0,(anonymous_2)
FNDA:0,(anonymous_3)
FNDA:0,(anonymous_4)
FNDA:0,(anonymous_5)
FNDA:0,(anonymous_6)
FNDA:0,(anonymous_7)
DA:36,0
DA:52,0
DA:53,0
DA:54,0
DA:55,0
DA:56,0
DA:58,0
DA:61,0
DA:62,0
DA:63,0
DA:64,0
DA:65,0
DA:66,0
DA:77,0
DA:79,0
DA:81,0
DA:86,0
DA:88,0
DA:89,0
DA:96,0
DA:98,0
DA:105,0
DA:107,0
DA:108,0
DA:115,0
DA:117,0
DA:124,0
DA:126,0
DA:127,0
DA:128,0
DA:129,0
DA:131,0
DA:138,0
DA:139,0
DA:142,0
LF:35
LH:0
BRDA:66,0,0,0
BRDA:66,0,1,0
BRDA:67,1,0,0
BRDA:67,1,1,0
BRDA:68,2,0,0
BRDA:68,2,1,0
BRDA:68,2,2,0
BRDA:70,3,0,0
BRDA:70,3,1,0
BRDA:71,4,0,0
BRDA:71,4,1,0
BRDA:74,5,0,0
BRDA:74,5,1,0
BRDA:75,6,0,0
BRDA:75,6,1,0
BRDA:79,7,0,0
BRDA:79,7,1,0
BRDA:98,8,0,0
BRDA:98,8,1,0
BRDA:117,9,0,0
BRDA:117,9,1,0
BRDA:128,10,0,0
BRDA:128,10,1,0
BRDA:131,11,0,0
BRDA:131,11,1,0
BRF:25
BRH:0
end_of_record
TN:
SF:lib/app-lock.ts
FN:27,startAppLockMonitor
FN:32,(anonymous_1)
FN:55,(anonymous_2)
FN:63,unlockApp
FNF:4
FNH:0
FNDA:0,startAppLockMonitor
FNDA:0,(anonymous_1)
FNDA:0,(anonymous_2)
FNDA:0,unlockApp
DA:28,0
DA:30,0
DA:33,0
DA:35,0
DA:37,0
DA:40,0
DA:42,0
DA:43,0
DA:44,0
DA:45,0
DA:50,0
DA:54,0
DA:55,0
DA:64,0
DA:69,0
DA:70,0
DA:71,0
DA:72,0
DA:73,0
DA:76,0
LF:20
LH:0
BRDA:35,0,0,0
BRDA:35,0,1,0
BRDA:35,1,0,0
BRDA:35,1,1,0
BRDA:40,2,0,0
BRDA:40,2,1,0
BRDA:40,3,0,0
BRDA:40,3,1,0
BRDA:42,4,0,0
BRDA:42,4,1,0
BRDA:42,5,0,0
BRDA:42,5,1,0
BRDA:44,6,0,0
BRDA:44,6,1,0
BRDA:69,7,0,0
BRDA:69,7,1,0
BRF:16
BRH:0
end_of_record
TN:
SF:lib/auth-client.ts
FNF:0
FNH:0
DA:5,0
LF:1
LH:0
BRDA:6,0,0,0
BRDA:6,0,1,0
BRF:2
BRH:0
end_of_record
TN:
SF:lib/background-sync.ts
FN:26,(anonymous_0)
FN:56,registerBackgroundSync
FN:71,unregisterBackgroundSync
FNF:3
FNH:0
FNDA:0,(anonymous_0)
FNDA:0,registerBackgroundSync
FNDA:0,unregisterBackgroundSync
DA:20,0
DA:26,0
DA:27,0
DA:28,0
DA:29,0
DA:30,0
DA:34,0
DA:36,0
DA:37,0
DA:38,0
DA:46,0
DA:48,0
DA:57,0
DA:58,0
DA:72,0
DA:73,0
DA:74,0
DA:75,0
LF:18
LH:0
BRDA:29,0,0,0
BRDA:29,0,1,0
BRDA:37,1,0,0
BRDA:37,1,1,0
BRDA:74,2,0,0
BRDA:74,2,1,0
BRF:6
BRH:0
end_of_record
TN:
SF:lib/biometric-auth.ts
FN:23,mapAuthType
FN:41,getBiometricStatus
FN:47,(anonymous_2)
FN:69,authenticate
FNF:4
FNH:4
FNDA:2,mapAuthType
FNDA:2,getBiometricStatus
FNDA:2,(anonymous_2)
FNDA:3,authenticate
DA:26,2
DA:28,1
DA:30,1
DA:32,0
DA:34,0
DA:43,2
DA:44,2
DA:46,2
DA:47,2
DA:49,2
DA:76,3
DA:78,3
DA:84,3
DA:85,2
DA:88,1
LF:15
LH:13
BRDA:26,0,0,1
BRDA:26,0,1,1
BRDA:26,0,2,0
BRDA:26,0,3,0
BRDA:70,1,0,1
BRDA:73,2,0,1
BRDA:74,3,0,2
BRDA:75,4,0,2
BRDA:84,5,0,2
BRDA:84,5,1,1
BRF:10
BRH:8
end_of_record
TN:
SF:lib/certificate-pinning.ts
FN:34,buildPinningPolicy
FN:60,validateCertificatePin
FNF:2
FNH:2
FNDA:6,buildPinningPolicy
FNDA:3,validateCertificatePin
DA:39,6
DA:40,6
DA:42,1
DA:45,6
DA:64,3
DA:65,1
DA:67,2
LF:7
LH:7
BRDA:36,0,0,1
BRDA:64,1,0,1
BRDA:64,1,1,2
BRDA:64,2,0,3
BRDA:64,2,1,2
BRF:5
BRH:5
end_of_record
TN:
SF:lib/error-handling.ts
FN:39,parseError
FN:78,getUserErrorMessage
FNF:2
FNH:2
FNDA:5,parseError
FNDA:1,getUserErrorMessage
DA:24,1
DA:40,5
DA:42,4
DA:43,2
DA:50,2
DA:51,2
DA:52,1
DA:53,1
DA:63,1
DA:69,1
DA:79,1
LF:11
LH:11
BRDA:40,0,0,4
BRDA:40,0,1,1
BRDA:42,1,0,2
BRDA:42,1,1,2
BRDA:42,2,0,4
BRDA:42,2,1,2
BRDA:52,3,0,1
BRDA:52,3,1,0
BRDA:52,4,0,1
BRDA:52,4,1,1
BRDA:65,5,0,1
BRDA:65,5,1,0
BRF:12
BRH:10
end_of_record
TN:
SF:lib/formatting.ts
FN:13,getLocale
FN:33,formatDate
FN:43,formatDateTime
FN:66,formatNumber
FN:74,formatPercent
FN:92,formatCurrency
FNF:6
FNH:6
FNDA:8,getLocale
FNDA:3,formatDate
FNDA:1,formatDateTime
FNDA:2,formatNumber
FNDA:1,formatPercent
FNDA:2,formatCurrency
DA:14,8
DA:25,1
DA:37,3
DA:38,3
DA:39,2
DA:47,1
DA:48,1
DA:49,1
DA:70,2
DA:75,1
DA:96,2
LF:11
LH:11
BRDA:14,0,0,8
BRDA:14,0,1,0
BRDA:35,1,0,3
BRDA:37,2,0,1
BRDA:37,2,1,2
BRDA:38,3,0,1
BRDA:38,3,1,2
BRDA:39,4,0,2
BRDA:39,4,1,2
BRDA:45,5,0,1
BRDA:47,6,0,1
BRDA:47,6,1,0
BRDA:48,7,0,0
BRDA:48,7,1,1
BRDA:50,8,0,1
BRDA:50,8,1,1
BRDA:68,9,0,1
BRDA:94,10,0,1
BRDA:98,11,0,2
BRDA:98,11,1,1
BRF:20
BRH:17
end_of_record
TN:
SF:lib/i18n.ts
FN:34,detectDeviceLanguage
FN:38,(anonymous_1)
FN:46,isRTL
FNF:3
FNH:3
FNDA:4,detectDeviceLanguage
FNDA:12,(anonymous_1)
FNDA:3,isRTL
DA:19,3
DA:22,3
DA:35,4
DA:36,4
DA:37,4
DA:38,12
DA:39,4
DA:41,0
DA:47,3
DA:48,3
DA:51,3
DA:53,3
LF:12
LH:11
BRDA:37,0,0,4
BRDA:37,0,1,0
BRDA:39,1,0,4
BRDA:39,1,1,0
BRDA:47,2,0,3
BRDA:47,2,1,0
BRDA:47,2,2,0
BRF:7
BRH:3
end_of_record
TN:
SF:lib/metadata-cache.ts
FN:16,getCachedMetadata
FN:31,setCachedMetadata
FN:39,isCacheFresh
FN:48,getCachedETag
FN:56,clearMetadataCache
FN:63,removeCachedMetadata
FNF:6
FNH:0
FNDA:0,getCachedMetadata
FNDA:0,setCachedMetadata
FNDA:0,isCacheFresh
FNDA:0,getCachedETag
FNDA:0,clearMetadataCache
FNDA:0,removeCachedMetadata
DA:3,0
DA:11,0
DA:17,0
DA:18,0
DA:20,0
DA:21,0
DA:22,0
DA:24,0
DA:32,0
DA:33,0
DA:40,0
DA:41,0
DA:42,0
DA:49,0
DA:50,0
DA:57,0
DA:64,0
LF:17
LH:0
BRDA:18,0,0,0
BRDA:18,0,1,0
BRDA:39,1,0,0
BRDA:41,2,0,0
BRDA:41,2,1,0
BRF:5
BRH:0
end_of_record
TN:
SF:lib/objectstack.ts
FN:9,createObjectStackClient
FNF:1
FNH:0
FNDA:0,createObjectStackClient
DA:3,0
DA:10,0
DA:20,0
LF:3
LH:0
BRDA:3,0,0,0
BRDA:3,0,1,0
BRF:2
BRH:0
end_of_record
TN:
SF:lib/offline-storage.ts
FN:17,getDatabase
FN:33,bootstrapOfflineDatabase
FN:61,upsertLocalRecord
FN:75,upsertLocalRecords
FN:80,(anonymous_4)
FN:94,getLocalRecord
FN:112,getLocalRecords
FN:121,(anonymous_7)
FN:132,deleteLocalRecord
FN:141,clearLocalRecords
FN:147,clearAllLocalData
FN:167,needsSchemaMigration
FN:185,applySchemaVersion
FNF:13
FNH:0
FNDA:0,getDatabase
FNDA:0,bootstrapOfflineDatabase
FNDA:0,upsertLocalRecord
FNDA:0,upsertLocalRecords
FNDA:0,(anonymous_4)
FNDA:0,getLocalRecord
FNDA:0,getLocalRecords
FNDA:0,(anonymous_7)
FNDA:0,deleteLocalRecord
FNDA:0,clearLocalRecords
FNDA:0,clearAllLocalData
FNDA:0,needsSchemaMigration
FNDA:0,applySchemaVersion
DA:14,0
DA:18,0
DA:19,0
DA:20,0
DA:22,0
DA:34,0
DA:36,0
DA:46,0
DA:66,0
DA:67,0
DA:79,0
DA:80,0
DA:81,0
DA:82,0
DA:83,0
DA:84,0
DA:98,0
DA:99,0
DA:103,0
DA:104,0
DA:105,0
DA:107,0
DA:115,0
DA:116,0
DA:120,0
DA:122,0
DA:123,0
DA:125,0
DA:133,0
DA:134,0
DA:142,0
DA:143,0
DA:148,0
DA:149,0
DA:150,0
DA:171,0
DA:172,0
DA:176,0
DA:177,0
DA:189,0
DA:190,0
DA:194,0
DA:196,0
LF:43
LH:0
BRDA:18,0,0,0
BRDA:18,0,1,0
BRDA:82,1,0,0
BRDA:82,1,1,0
BRDA:82,1,2,0
BRDA:83,2,0,0
BRDA:83,2,1,0
BRDA:103,3,0,0
BRDA:103,3,1,0
BRDA:176,4,0,0
BRDA:176,4,1,0
BRDA:194,5,0,0
BRDA:194,5,1,0
BRF:13
BRH:0
end_of_record
TN:
SF:lib/query-builder.ts
FN:62,operatorsForFieldType
FN:139,isCompoundFilter
FN:143,isSimpleFilter
FN:154,genFilterId
FN:159,createSimpleFilter
FN:164,createCompoundFilter
FN:182,serializeFilter
FN:209,serializeFilterTree
FN:222,buildProjection
FNF:9
FNH:9
FNDA:4,operatorsForFieldType
FNDA:13,isCompoundFilter
FNDA:2,isSimpleFilter
FNDA:16,genFilterId
FNDA:10,createSimpleFilter
FNDA:6,createCompoundFilter
FNDA:11,serializeFilter
FNDA:1,serializeFilterTree
FNDA:2,buildProjection
DA:41,1
DA:65,4
DA:67,4
DA:75,1
DA:82,1
DA:87,0
DA:91,1
DA:95,0
DA:100,0
DA:104,0
DA:107,1
DA:140,13
DA:144,2
DA:151,1
DA:155,16
DA:160,10
DA:168,6
DA:183,11
DA:184,4
DA:187,4
DA:188,2
DA:189,1
DA:193,7
DA:194,7
DA:196,6
DA:197,6
DA:198,1
DA:200,5
DA:201,1
DA:203,4
DA:210,1
DA:211,1
DA:223,2
LF:33
LH:29
BRDA:67,0,0,1
BRDA:67,0,1,1
BRDA:67,0,2,1
BRDA:67,0,3,1
BRDA:67,0,4,1
BRDA:67,0,5,1
BRDA:67,0,6,1
BRDA:67,0,7,1
BRDA:67,0,8,1
BRDA:67,0,9,1
BRDA:67,0,10,1
BRDA:67,0,11,1
BRDA:67,0,12,0
BRDA:67,0,13,0
BRDA:67,0,14,0
BRDA:67,0,15,1
BRDA:67,0,16,1
BRDA:67,0,17,0
BRDA:67,0,18,0
BRDA:67,0,19,0
BRDA:67,0,20,0
BRDA:67,0,21,0
BRDA:67,0,22,0
BRDA:67,0,23,0
BRDA:67,0,24,1
BRDA:140,1,0,13
BRDA:140,1,1,5
BRDA:144,2,0,2
BRDA:144,2,1,1
BRDA:159,3,0,1
BRDA:159,4,0,1
BRDA:165,5,0,1
BRDA:166,6,0,1
BRDA:183,7,0,4
BRDA:183,7,1,7
BRDA:187,8,0,2
BRDA:187,8,1,2
BRDA:188,9,0,1
BRDA:188,9,1,1
BRDA:194,10,0,1
BRDA:194,10,1,6
BRDA:197,11,0,1
BRDA:197,11,1,5
BRDA:200,12,0,1
BRDA:200,12,1,4
BRDA:211,13,0,1
BRDA:211,13,1,1
BRDA:223,14,0,1
BRDA:223,14,1,1
BRF:49
BRH:39
end_of_record
TN:
SF:lib/session-manager.ts
FN:26,getCurrentUser
FN:46,listSessions
FN:53,(anonymous_2)
FN:68,signOut
FN:77,revokeSession
FNF:5
FNH:5
FNDA:2,getCurrentUser
FNDA:1,listSessions
FNDA:2,(anonymous_2)
FNDA:1,signOut
FNDA:1,revokeSession
DA:29,2
DA:31,2
DA:32,1
DA:33,1
DA:35,1
DA:47,1
DA:49,1
DA:50,1
DA:53,2
DA:61,0
DA:69,1
DA:78,1
DA:80,1
DA:81,1
DA:83,0
LF:15
LH:13
BRDA:32,0,0,0
BRDA:32,0,1,1
BRDA:50,1,0,0
BRDA:50,1,1,1
BRDA:54,2,0,2
BRDA:54,2,1,0
BRDA:55,3,0,2
BRDA:55,3,1,0
BRDA:56,4,0,2
BRDA:56,4,1,0
BRDA:56,4,2,0
BRDA:58,5,0,2
BRDA:58,5,1,0
BRF:13
BRH:6
end_of_record
TN:
SF:lib/sync-queue.ts
FN:51,bootstrapSyncQueue
FN:76,enqueueMutation
FN:95,rowToEntry
FN:111,getPendingEntries
FN:120,getAllQueueEntries
FN:129,getConflictEntries
FN:138,getPendingCount
FN:150,markInProgress
FN:158,markCompleted
FN:163,markFailed
FN:171,markConflict
FN:180,resetEntry
FN:189,discardEntry
FN:195,clearSyncQueue
FNF:14
FNH:0
FNDA:0,bootstrapSyncQueue
FNDA:0,enqueueMutation
FNDA:0,rowToEntry
FNDA:0,getPendingEntries
FNDA:0,getAllQueueEntries
FNDA:0,getConflictEntries
FNDA:0,getPendingCount
FNDA:0,markInProgress
FNDA:0,markCompleted
FNDA:0,markFailed
FNDA:0,markConflict
FNDA:0,resetEntry
FNDA:0,discardEntry
FNDA:0,clearSyncQueue
DA:52,0
DA:53,0
DA:82,0
DA:83,0
DA:84,0
DA:96,0
DA:112,0
DA:113,0
DA:116,0
DA:121,0
DA:122,0
DA:125,0
DA:130,0
DA:131,0
DA:134,0
DA:139,0
DA:140,0
DA:143,0
DA:151,0
DA:152,0
DA:159,0
DA:160,0
DA:164,0
DA:165,0
DA:172,0
DA:173,0
DA:181,0
DA:182,0
DA:190,0
DA:191,0
DA:196,0
DA:197,0
LF:32
LH:0
BRDA:80,0,0,0
BRDA:104,1,0,0
BRDA:104,1,1,0
BRDA:143,2,0,0
BRDA:143,2,1,0
BRF:5
BRH:0
end_of_record
TN:
SF:lib/utils.ts
FN:4,cn
FNF:1
FNH:1
FNDA:5,cn
DA:5,5
LF:1
LH:1
BRF:0
BRH:0
end_of_record
TN:
SF:stores/app-store.ts
FN:14,(anonymous_0)
FN:17,(anonymous_1)
FN:18,(anonymous_2)
FNF:3
FNH:3
FNDA:1,(anonymous_0)
FNDA:3,(anonymous_1)
FNDA:1,(anonymous_2)
DA:14,1
DA:17,3
DA:18,1
LF:3
LH:3
BRF:0
BRH:0
end_of_record
TN:
SF:stores/security-store.ts
FN:23,(anonymous_0)
FN:29,(anonymous_1)
FN:30,(anonymous_2)
FN:31,(anonymous_3)
FN:32,(anonymous_4)
FNF:5
FNH:5
FNDA:1,(anonymous_0)
FNDA:2,(anonymous_1)
FNDA:2,(anonymous_2)
FNDA:2,(anonymous_3)
FNDA:1,(anonymous_4)
DA:23,1
DA:29,2
DA:30,2
DA:31,2
DA:32,1
LF:5
LH:5
BRF:0
BRH:0
end_of_record
TN:
SF:stores/sync-store.ts
FN:23,(anonymous_0)
FN:28,(anonymous_1)
FN:29,(anonymous_2)
FN:30,(anonymous_3)
FN:31,(anonymous_4)
FNF:5
FNH:0
FNDA:0,(anonymous_0)
FNDA:0,(anonymous_1)
FNDA:0,(anonymous_2)
FNDA:0,(anonymous_3)
FNDA:0,(anonymous_4)
DA:23,0
DA:28,0
DA:29,0
DA:30,0
DA:31,0
LF:5
LH:0
BRF:0
BRH:0
end_of_record
TN:
SF:stores/ui-store.ts
FN:16,(anonymous_0)
FN:18,(anonymous_1)
FN:20,(anonymous_2)
FNF:3
FNH:3
FNDA:1,(anonymous_0)
FNDA:1,(anonymous_1)
FNDA:1,(anonymous_2)
DA:16,1
DA:18,1
DA:21,1
DA:22,1
LF:4
LH:4
BRDA:19,0,0,1
BRDA:19,0,1,0
BRF:2
BRH:1
end_of_record
